2023-03-11 00:33:31,732 INFO o.a.j.u.JMeterUtils: Setting Locale to en_US
2023-03-11 00:33:31,748 INFO o.a.j.JMeter: Loading user properties from: user.properties
2023-03-11 00:33:31,748 INFO o.a.j.JMeter: Loading system properties from: system.properties
2023-03-11 00:33:31,748 INFO o.a.j.JMeter: Copyright (c) 1998-2022 The Apache Software Foundation
2023-03-11 00:33:31,748 INFO o.a.j.JMeter: Version 5.5
2023-03-11 00:33:31,748 INFO o.a.j.JMeter: java.version=19.0.1
2023-03-11 00:33:31,748 INFO o.a.j.JMeter: java.vm.name=Java HotSpot(TM) 64-Bit Server VM
2023-03-11 00:33:31,748 INFO o.a.j.JMeter: os.name=Windows 11
2023-03-11 00:33:31,748 INFO o.a.j.JMeter: os.arch=amd64
2023-03-11 00:33:31,748 INFO o.a.j.JMeter: os.version=10.0
2023-03-11 00:33:31,748 INFO o.a.j.JMeter: file.encoding=UTF-8
2023-03-11 00:33:31,748 INFO o.a.j.JMeter: java.awt.headless=null
2023-03-11 00:33:31,748 INFO o.a.j.JMeter: Max memory     =4238344192
2023-03-11 00:33:31,748 INFO o.a.j.JMeter: Available Processors =8
2023-03-11 00:33:31,763 INFO o.a.j.JMeter: Default Locale=English (United States)
2023-03-11 00:33:31,763 INFO o.a.j.JMeter: JMeter  Locale=English (United States)
2023-03-11 00:33:31,763 INFO o.a.j.JMeter: JMeterHome=D:\Qcentris\qcs\MDI\Git\apache-jmeter-5.5
2023-03-11 00:33:31,763 INFO o.a.j.JMeter: user.dir  =D:\Qcentris\qcs\MDI\Git\apache-jmeter-5.5\bin
2023-03-11 00:33:31,763 INFO o.a.j.JMeter: PWD       =D:\Qcentris\qcs\MDI\Git\apache-jmeter-5.5\bin
2023-03-11 00:33:36,721 INFO o.a.j.JMeter: IP: 192.168.1.7 Name: DESKTOP-L2NV390 FullName: DESKTOP-L2NV390.Qcentriseg.com
2023-03-11 00:33:36,736 INFO o.a.j.JMeter: Loaded icon properties from org/apache/jmeter/images/icon.properties
2023-03-11 00:33:37,026 INFO o.a.j.JMeterGuiLauncher: Setting LAF to: laf:com.sun.java.swing.plaf.windows.WindowsLookAndFeel
2023-03-11 00:33:37,890 WARN o.j.r.PluginManagerMenuCreator: Was unable to install pmgr cmdline tool
java.nio.file.NoSuchFileException: D:\Qcentris\qcs\MDI\Git\bin\PluginsManagerCMD.bat
	at sun.nio.fs.WindowsException.translateToIOException(WindowsException.java:85) ~[?:?]
	at sun.nio.fs.WindowsException.rethrowAsIOException(WindowsException.java:103) ~[?:?]
	at sun.nio.fs.WindowsException.rethrowAsIOException(WindowsException.java:108) ~[?:?]
	at sun.nio.fs.WindowsFileSystemProvider.newByteChannel(WindowsFileSystemProvider.java:236) ~[?:?]
	at java.nio.file.spi.FileSystemProvider.newOutputStream(FileSystemProvider.java:484) ~[?:?]
	at java.nio.file.Files.newOutputStream(Files.java:228) ~[?:?]
	at java.nio.file.Files.copy(Files.java:3159) ~[?:?]
	at org.jmeterplugins.repository.PluginManagerCMDInstaller.writeOut(PluginManagerCMDInstaller.java:24) ~[jmeter-plugins-manager-1.8.jar:?]
	at org.jmeterplugins.repository.PluginManagerCMDInstaller.main(PluginManagerCMDInstaller.java:12) ~[jmeter-plugins-manager-1.8.jar:?]
	at org.jmeterplugins.repository.PluginManagerMenuCreator.getMenuItemsAtLocation(PluginManagerMenuCreator.java:16) ~[jmeter-plugins-manager-1.8.jar:?]
	at org.apache.jmeter.gui.util.JMeterMenuBar.addPluginsMenuItems(JMeterMenuBar.java:595) ~[ApacheJMeter_core.jar:5.5]
	at org.apache.jmeter.gui.util.JMeterMenuBar.makeOptionsMenu(JMeterMenuBar.java:342) ~[ApacheJMeter_core.jar:5.5]
	at org.apache.jmeter.gui.util.JMeterMenuBar.createMenuBar(JMeterMenuBar.java:202) ~[ApacheJMeter_core.jar:5.5]
	at org.apache.jmeter.gui.util.JMeterMenuBar.<init>(JMeterMenuBar.java:117) ~[ApacheJMeter_core.jar:5.5]
	at org.apache.jmeter.gui.MainFrame.init(MainFrame.java:515) ~[ApacheJMeter_core.jar:5.5]
	at org.apache.jmeter.gui.MainFrame.<init>(MainFrame.java:232) ~[ApacheJMeter_core.jar:5.5]
	at org.apache.jmeter.JMeterGuiLauncher.startGuiInternal(JMeterGuiLauncher.kt:115) ~[ApacheJMeter_core.jar:5.5]
	at org.apache.jmeter.JMeterGuiLauncher.access$startGuiInternal(JMeterGuiLauncher.kt:47) ~[ApacheJMeter_core.jar:5.5]
	at org.apache.jmeter.JMeterGuiLauncher$startGuiInternal$1.invokeSuspend(JMeterGuiLauncher.kt) ~[ApacheJMeter_core.jar:5.5]
	at kotlin.coroutines.jvm.internal.BaseContinuationImpl.resumeWith(ContinuationImpl.kt:33) ~[kotlin-stdlib-1.6.21.jar:1.6.21-release-334(1.6.21)]
	at kotlinx.coroutines.DispatchedTask.run(DispatchedTask.kt:106) ~[kotlinx-coroutines-core-jvm-1.6.1.jar:?]
	at java.awt.event.InvocationEvent.dispatch(InvocationEvent.java:318) ~[?:?]
	at java.awt.EventQueue.dispatchEventImpl(EventQueue.java:773) ~[?:?]
	at java.awt.EventQueue$4.run(EventQueue.java:720) ~[?:?]
	at java.awt.EventQueue$4.run(EventQueue.java:714) ~[?:?]
	at java.security.AccessController.doPrivileged(AccessController.java:399) ~[?:?]
	at java.security.ProtectionDomain$JavaSecurityAccessImpl.doIntersectionPrivilege(ProtectionDomain.java:86) ~[?:?]
	at java.awt.EventQueue.dispatchEvent(EventQueue.java:742) ~[?:?]
	at java.awt.EventDispatchThread.pumpOneEventForFilters(EventDispatchThread.java:203) ~[?:?]
	at java.awt.EventDispatchThread.pumpEventsForFilter(EventDispatchThread.java:124) ~[?:?]
	at java.awt.EventDispatchThread.pumpEventsForFilter(EventDispatchThread.java:117) ~[?:?]
	at java.awt.WaitDispatchSupport$2.run(WaitDispatchSupport.java:191) ~[?:?]
	at java.awt.WaitDispatchSupport$4.run(WaitDispatchSupport.java:236) ~[?:?]
	at java.awt.WaitDispatchSupport$4.run(WaitDispatchSupport.java:234) ~[?:?]
	at java.security.AccessController.doPrivileged(AccessController.java:318) ~[?:?]
	at java.awt.WaitDispatchSupport.enter(WaitDispatchSupport.java:234) ~[?:?]
	at java.awt.Dialog.show(Dialog.java:1080) ~[?:?]
	at java.awt.Component.show(Component.java:1728) ~[?:?]
	at java.awt.Component.setVisible(Component.java:1675) ~[?:?]
	at java.awt.Window.setVisible(Window.java:1036) ~[?:?]
	at java.awt.Dialog.setVisible(Dialog.java:1016) ~[?:?]
	at org.apache.jmeter.SplashScreen.lambda$showScreen$0(SplashScreen.java:95) ~[ApacheJMeter_core.jar:5.5]
	at java.awt.event.InvocationEvent.dispatch(InvocationEvent.java:318) ~[?:?]
	at java.awt.EventQueue.dispatchEventImpl(EventQueue.java:773) ~[?:?]
	at java.awt.EventQueue$4.run(EventQueue.java:720) ~[?:?]
	at java.awt.EventQueue$4.run(EventQueue.java:714) ~[?:?]
	at java.security.AccessController.doPrivileged(AccessController.java:399) ~[?:?]
	at java.security.ProtectionDomain$JavaSecurityAccessImpl.doIntersectionPrivilege(ProtectionDomain.java:86) ~[?:?]
	at java.awt.EventQueue.dispatchEvent(EventQueue.java:742) ~[?:?]
	at java.awt.EventDispatchThread.pumpOneEventForFilters(EventDispatchThread.java:203) ~[?:?]
	at java.awt.EventDispatchThread.pumpEventsForFilter(EventDispatchThread.java:124) ~[?:?]
	at java.awt.EventDispatchThread.pumpEventsForHierarchy(EventDispatchThread.java:113) ~[?:?]
	at java.awt.EventDispatchThread.pumpEvents(EventDispatchThread.java:109) ~[?:?]
	at java.awt.EventDispatchThread.pumpEvents(EventDispatchThread.java:101) ~[?:?]
	at java.awt.EventDispatchThread.run(EventDispatchThread.java:90) ~[?:?]
2023-03-11 00:33:37,923 WARN o.j.r.PluginManager: Found JAR conflict: D:\Qcentris\qcs\MDI\Git\apache-jmeter-5.5\lib\ext\jmeter-plugins-manager-1.8.jar and D:\Qcentris\qcs\MDI\Git\apache-jmeter-5.5\lib\jmeter-plugins-manager-1.8.jar
2023-03-11 00:33:37,923 WARN o.j.r.PluginManager: Found JAR conflict: D:\Qcentris\qcs\MDI\Git\apache-jmeter-5.5\lib\ext\jmeter-plugins-manager-1.9.jar and D:\Qcentris\qcs\MDI\Git\apache-jmeter-5.5\lib\ext\jmeter-plugins-manager-1.8.jar
2023-03-11 00:33:38,182 INFO o.j.r.JARSourceHTTP: Requesting https://jmeter-plugins.org/repo/?installID=windows_11-9fafa6521ceb14568ab32178aa20f668-gui
2023-03-11 00:33:49,619 INFO o.j.r.PluginManager: Plugins Status: [jpgc-graphs-basic=2.0, jpgc-graphs-additional=2.0, jpgc-casutg=2.10, jpgc-plugins-manager=1.8, jmeter-core=5.5, jmeter-ftp=5.5, jmeter-http=5.5, jmeter-jdbc=5.5, jmeter-jms=5.5, jmeter-junit=5.5, jmeter-java=5.5, jmeter-ldap=5.5, jmeter-mail=5.5, jmeter-mongodb=5.5, jmeter-native=5.5, jmeter-tcp=5.5, jmeter-components=5.5]
2023-03-11 00:33:49,619 INFO o.j.r.PluginManagerMenuItem: Plugins Manager has upgrades: [jpgc-plugins-manager]
2023-03-11 00:33:50,935 INFO o.a.j.s.FileServer: Default base='D:\Qcentris\qcs\MDI\Git\apache-jmeter-5.5\bin'
2023-03-11 00:33:50,935 INFO o.a.j.g.a.Load: Loading file: D:\Qcentris\qcs\MDI\Scripts\ReadyScripts\Core_APIs_03102023.jmx
2023-03-11 00:33:50,935 INFO o.a.j.s.FileServer: Set new base='D:\Qcentris\qcs\MDI\Scripts\ReadyScripts'
2023-03-11 00:33:51,061 INFO o.a.j.s.SaveService: Testplan (JMX) version: 2.2. Testlog (JTL) version: 2.2
2023-03-11 00:33:51,188 INFO o.a.j.s.SaveService: Using SaveService properties version 5.0
2023-03-11 00:33:51,188 INFO o.a.j.s.SaveService: Using SaveService properties file encoding UTF-8
2023-03-11 00:33:51,188 INFO o.a.j.s.SaveService: Loading file: D:\Qcentris\qcs\MDI\Scripts\ReadyScripts\Core_APIs_03102023.jmx
2023-03-11 00:33:51,314 INFO o.a.j.p.h.c.CookieManager: Settings: Delete null: true Check: true Allow variable: true Save: false Prefix: COOKIE_
2023-03-11 00:33:51,314 INFO o.a.j.p.h.s.HTTPSamplerBase: Parser for text/html is org.apache.jmeter.protocol.http.parser.LagartoBasedHtmlParser
2023-03-11 00:33:51,314 INFO o.a.j.p.h.s.HTTPSamplerBase: Parser for application/xhtml+xml is org.apache.jmeter.protocol.http.parser.LagartoBasedHtmlParser
2023-03-11 00:33:51,314 INFO o.a.j.p.h.s.HTTPSamplerBase: Parser for application/xml is org.apache.jmeter.protocol.http.parser.LagartoBasedHtmlParser
2023-03-11 00:33:51,314 INFO o.a.j.p.h.s.HTTPSamplerBase: Parser for text/xml is org.apache.jmeter.protocol.http.parser.LagartoBasedHtmlParser
2023-03-11 00:33:51,314 INFO o.a.j.p.h.s.HTTPSamplerBase: Parser for text/vnd.wap.wml is org.apache.jmeter.protocol.http.parser.RegexpHTMLParser
2023-03-11 00:33:51,314 INFO o.a.j.p.h.s.HTTPSamplerBase: Parser for text/css is org.apache.jmeter.protocol.http.parser.CssParser
2023-03-11 00:33:51,441 INFO o.a.j.e.u.CompoundVariable: Note: Function class names must contain the string: '.functions.'
2023-03-11 00:33:51,441 INFO o.a.j.e.u.CompoundVariable: Note: Function class names must not contain the string: '.gui.'
2023-03-11 00:33:51,744 INFO o.a.j.s.SampleResult: Note: Sample TimeStamps are START times
2023-03-11 00:33:51,744 INFO o.a.j.s.SampleResult: sampleresult.default.encoding is set to ISO-8859-1
2023-03-11 00:33:51,744 INFO o.a.j.s.SampleResult: sampleresult.useNanoTime=true
2023-03-11 00:33:51,744 INFO o.a.j.s.SampleResult: sampleresult.nanoThreadSleep=5000
2023-03-11 00:33:51,855 INFO o.a.j.v.ViewResultsFullVisualizer: Add JavaFX to your Java installation if you want to use renderer: org.apache.jmeter.visualizers.RenderInBrowser
2023-03-11 00:33:52,011 INFO o.a.j.s.FileServer: Set new base='D:\Qcentris\qcs\MDI\Scripts\ReadyScripts'
2023-03-11 00:49:48,024 INFO o.a.j.e.StandardJMeterEngine: Running the test!
2023-03-11 00:49:48,024 INFO o.a.j.s.SampleEvent: List of sample_variables: []
2023-03-11 00:49:48,024 INFO o.a.j.s.SampleEvent: List of sample_variables: []
2023-03-11 00:49:48,040 INFO o.a.j.g.u.JMeterMenuBar: setRunning(true, *local*)
2023-03-11 00:49:48,040 INFO o.a.j.e.StandardJMeterEngine: Starting setUp thread groups
2023-03-11 00:49:48,040 INFO o.a.j.e.StandardJMeterEngine: Starting setUp ThreadGroup: 1 : setUp Thread Group 
2023-03-11 00:49:48,040 INFO o.a.j.e.StandardJMeterEngine: Starting 1 threads for group setUp Thread Group.
2023-03-11 00:49:48,040 INFO o.a.j.e.StandardJMeterEngine: Thread will continue on error
2023-03-11 00:49:48,040 INFO o.a.j.t.ThreadGroup: Starting thread group... number=1 threads=1 ramp-up=1 delayedStart=false
2023-03-11 00:49:48,040 INFO o.a.j.t.ThreadGroup: Started thread group number 1
2023-03-11 00:49:48,040 INFO o.a.j.e.StandardJMeterEngine: Waiting for all setup thread groups to exit
2023-03-11 00:49:48,040 INFO o.a.j.t.JMeterThread: Thread started: setUp Thread Group 1-1
2023-03-11 00:49:48,479 INFO o.a.j.t.JMeterThread: Thread is done: setUp Thread Group 1-1
2023-03-11 00:49:48,479 INFO o.a.j.t.JMeterThread: Thread finished: setUp Thread Group 1-1
2023-03-11 00:49:48,479 INFO o.a.j.e.StandardJMeterEngine: All Setup Threads have ended
2023-03-11 00:49:48,526 INFO o.a.j.e.StandardJMeterEngine: No enabled thread groups found
2023-03-11 00:49:48,526 INFO o.a.j.e.StandardJMeterEngine: Notifying test listeners of end of test
2023-03-11 00:49:48,526 INFO o.a.j.g.u.JMeterMenuBar: setRunning(false, *local*)
2023-03-11 01:02:22,772 INFO o.a.j.e.StandardJMeterEngine: Running the test!
2023-03-11 01:02:22,772 INFO o.a.j.s.SampleEvent: List of sample_variables: []
2023-03-11 01:02:22,772 INFO o.a.j.g.u.JMeterMenuBar: setRunning(true, *local*)
2023-03-11 01:02:22,772 INFO o.a.j.e.StandardJMeterEngine: Starting setUp thread groups
2023-03-11 01:02:22,772 INFO o.a.j.e.StandardJMeterEngine: Starting setUp ThreadGroup: 1 : setUp Thread Group 
2023-03-11 01:02:22,772 INFO o.a.j.e.StandardJMeterEngine: Starting 1 threads for group setUp Thread Group.
2023-03-11 01:02:22,772 INFO o.a.j.e.StandardJMeterEngine: Thread will continue on error
2023-03-11 01:02:22,772 INFO o.a.j.t.ThreadGroup: Starting thread group... number=1 threads=1 ramp-up=1 delayedStart=false
2023-03-11 01:02:22,772 INFO o.a.j.t.ThreadGroup: Started thread group number 1
2023-03-11 01:02:22,772 INFO o.a.j.e.StandardJMeterEngine: Waiting for all setup thread groups to exit
2023-03-11 01:02:22,772 INFO o.a.j.t.JMeterThread: Thread started: setUp Thread Group 1-1
2023-03-11 01:02:22,811 ERROR o.a.j.p.j.s.JSR223Sampler: Problem in JSR223 script Create Execution folders for each run, message: javax.script.ScriptException: org.codehaus.groovy.control.MultipleCompilationErrorsException: startup failed:
Script2.groovy: 4: Unexpected character: '\' @ line 4, column 72.
   Path+"\"+runNo+03702023_0103+"\"+"output
                                 ^

1 error

javax.script.ScriptException: org.codehaus.groovy.control.MultipleCompilationErrorsException: startup failed:
Script2.groovy: 4: Unexpected character: '\' @ line 4, column 72.
   Path+"\"+runNo+03702023_0103+"\"+"output
                                 ^

1 error

	at org.codehaus.groovy.jsr223.GroovyScriptEngineImpl.compile(GroovyScriptEngineImpl.java:183) ~[groovy-jsr223-3.0.11.jar:3.0.11]
	at org.apache.jmeter.util.JSR223TestElement.processFileOrScript(JSR223TestElement.java:211) ~[ApacheJMeter_core.jar:5.5]
	at org.apache.jmeter.protocol.java.sampler.JSR223Sampler.sample(JSR223Sampler.java:72) ~[ApacheJMeter_java.jar:5.5]
	at org.apache.jmeter.threads.JMeterThread.doSampling(JMeterThread.java:651) ~[ApacheJMeter_core.jar:5.5]
	at org.apache.jmeter.threads.JMeterThread.executeSamplePackage(JMeterThread.java:570) ~[ApacheJMeter_core.jar:5.5]
	at org.apache.jmeter.threads.JMeterThread.processSampler(JMeterThread.java:501) ~[ApacheJMeter_core.jar:5.5]
	at org.apache.jmeter.threads.JMeterThread.run(JMeterThread.java:268) ~[ApacheJMeter_core.jar:5.5]
	at java.lang.Thread.run(Thread.java:1589) ~[?:?]
Caused by: org.codehaus.groovy.control.MultipleCompilationErrorsException: startup failed:
Script2.groovy: 4: Unexpected character: '\' @ line 4, column 72.
   Path+"\"+runNo+03702023_0103+"\"+"output
                                 ^

1 error

	at org.codehaus.groovy.control.ErrorCollector.failIfErrors(ErrorCollector.java:292) ~[groovy-3.0.11.jar:3.0.11]
	at org.codehaus.groovy.control.ErrorCollector.addFatalError(ErrorCollector.java:148) ~[groovy-3.0.11.jar:3.0.11]
	at org.apache.groovy.parser.antlr4.AstBuilder.collectSyntaxError(AstBuilder.java:4375) ~[groovy-3.0.11.jar:3.0.11]
	at org.apache.groovy.parser.antlr4.AstBuilder.createParsingFailedException(AstBuilder.java:4358) ~[groovy-3.0.11.jar:3.0.11]
	at org.apache.groovy.parser.antlr4.AstBuilder.convertException(AstBuilder.java:261) ~[groovy-3.0.11.jar:3.0.11]
	at org.apache.groovy.parser.antlr4.AstBuilder.buildCST(AstBuilder.java:235) ~[groovy-3.0.11.jar:3.0.11]
	at org.apache.groovy.parser.antlr4.AstBuilder.buildAST(AstBuilder.java:269) ~[groovy-3.0.11.jar:3.0.11]
	at org.apache.groovy.parser.antlr4.Antlr4ParserPlugin.buildAST(Antlr4ParserPlugin.java:58) ~[groovy-3.0.11.jar:3.0.11]
	at org.codehaus.groovy.control.SourceUnit.buildAST(SourceUnit.java:256) ~[groovy-3.0.11.jar:3.0.11]
	at java.util.Iterator.forEachRemaining(Iterator.java:133) ~[?:?]
	at java.util.Spliterators$IteratorSpliterator.forEachRemaining(Spliterators.java:1921) ~[?:?]
	at java.util.stream.ReferencePipeline$Head.forEach(ReferencePipeline.java:762) ~[?:?]
	at org.codehaus.groovy.control.CompilationUnit.buildASTs(CompilationUnit.java:666) ~[groovy-3.0.11.jar:3.0.11]
	at org.codehaus.groovy.control.CompilationUnit.compile(CompilationUnit.java:632) ~[groovy-3.0.11.jar:3.0.11]
	at groovy.lang.GroovyClassLoader.doParseClass(GroovyClassLoader.java:389) ~[groovy-3.0.11.jar:3.0.11]
	at groovy.lang.GroovyClassLoader.lambda$parseClass$3(GroovyClassLoader.java:332) ~[groovy-3.0.11.jar:3.0.11]
	at org.codehaus.groovy.runtime.memoize.StampedCommonCache.compute(StampedCommonCache.java:163) ~[groovy-3.0.11.jar:3.0.11]
	at org.codehaus.groovy.runtime.memoize.StampedCommonCache.getAndPut(StampedCommonCache.java:154) ~[groovy-3.0.11.jar:3.0.11]
	at groovy.lang.GroovyClassLoader.parseClass(GroovyClassLoader.java:330) ~[groovy-3.0.11.jar:3.0.11]
	at groovy.lang.GroovyClassLoader.parseClass(GroovyClassLoader.java:314) ~[groovy-3.0.11.jar:3.0.11]
	at groovy.lang.GroovyClassLoader.parseClass(GroovyClassLoader.java:257) ~[groovy-3.0.11.jar:3.0.11]
	at org.codehaus.groovy.jsr223.GroovyScriptEngineImpl.getScriptClass(GroovyScriptEngineImpl.java:336) ~[groovy-jsr223-3.0.11.jar:3.0.11]
	at org.codehaus.groovy.jsr223.GroovyScriptEngineImpl.compile(GroovyScriptEngineImpl.java:181) ~[groovy-jsr223-3.0.11.jar:3.0.11]
	... 7 more
2023-03-11 01:02:22,811 INFO o.a.j.t.JMeterThread: Thread is done: setUp Thread Group 1-1
2023-03-11 01:02:22,811 INFO o.a.j.t.JMeterThread: Thread finished: setUp Thread Group 1-1
2023-03-11 01:02:22,811 INFO o.a.j.e.StandardJMeterEngine: All Setup Threads have ended
2023-03-11 01:02:22,843 INFO o.a.j.e.StandardJMeterEngine: No enabled thread groups found
2023-03-11 01:02:22,843 INFO o.a.j.e.StandardJMeterEngine: Notifying test listeners of end of test
2023-03-11 01:02:22,843 INFO o.a.j.g.u.JMeterMenuBar: setRunning(false, *local*)
2023-03-11 01:02:56,051 INFO o.a.j.e.StandardJMeterEngine: Running the test!
2023-03-11 01:02:56,051 INFO o.a.j.s.SampleEvent: List of sample_variables: []
2023-03-11 01:02:56,051 INFO o.a.j.g.u.JMeterMenuBar: setRunning(true, *local*)
2023-03-11 01:02:56,051 INFO o.a.j.e.StandardJMeterEngine: Starting setUp thread groups
2023-03-11 01:02:56,051 INFO o.a.j.e.StandardJMeterEngine: Starting setUp ThreadGroup: 1 : setUp Thread Group 
2023-03-11 01:02:56,051 INFO o.a.j.e.StandardJMeterEngine: Starting 1 threads for group setUp Thread Group.
2023-03-11 01:02:56,051 INFO o.a.j.e.StandardJMeterEngine: Thread will continue on error
2023-03-11 01:02:56,051 INFO o.a.j.t.ThreadGroup: Starting thread group... number=1 threads=1 ramp-up=1 delayedStart=false
2023-03-11 01:02:56,060 INFO o.a.j.t.ThreadGroup: Started thread group number 1
2023-03-11 01:02:56,060 INFO o.a.j.e.StandardJMeterEngine: Waiting for all setup thread groups to exit
2023-03-11 01:02:56,060 INFO o.a.j.t.JMeterThread: Thread started: setUp Thread Group 1-1
2023-03-11 01:02:56,101 ERROR o.a.j.p.j.s.JSR223Sampler: Problem in JSR223 script Create Execution folders for each run, message: javax.script.ScriptException: org.codehaus.groovy.control.MultipleCompilationErrorsException: startup failed:
Script3.groovy: 7: Unexpected input: '(' @ line 7, column 9.
   log.info(pathBuilderOutputFolder+ "  "+pathBuilderWebFolder
           ^

1 error

javax.script.ScriptException: org.codehaus.groovy.control.MultipleCompilationErrorsException: startup failed:
Script3.groovy: 7: Unexpected input: '(' @ line 7, column 9.
   log.info(pathBuilderOutputFolder+ "  "+pathBuilderWebFolder
           ^

1 error

	at org.codehaus.groovy.jsr223.GroovyScriptEngineImpl.compile(GroovyScriptEngineImpl.java:183) ~[groovy-jsr223-3.0.11.jar:3.0.11]
	at org.apache.jmeter.util.JSR223TestElement.processFileOrScript(JSR223TestElement.java:211) ~[ApacheJMeter_core.jar:5.5]
	at org.apache.jmeter.protocol.java.sampler.JSR223Sampler.sample(JSR223Sampler.java:72) ~[ApacheJMeter_java.jar:5.5]
	at org.apache.jmeter.threads.JMeterThread.doSampling(JMeterThread.java:651) ~[ApacheJMeter_core.jar:5.5]
	at org.apache.jmeter.threads.JMeterThread.executeSamplePackage(JMeterThread.java:570) ~[ApacheJMeter_core.jar:5.5]
	at org.apache.jmeter.threads.JMeterThread.processSampler(JMeterThread.java:501) ~[ApacheJMeter_core.jar:5.5]
	at org.apache.jmeter.threads.JMeterThread.run(JMeterThread.java:268) ~[ApacheJMeter_core.jar:5.5]
	at java.lang.Thread.run(Thread.java:1589) ~[?:?]
Caused by: org.codehaus.groovy.control.MultipleCompilationErrorsException: startup failed:
Script3.groovy: 7: Unexpected input: '(' @ line 7, column 9.
   log.info(pathBuilderOutputFolder+ "  "+pathBuilderWebFolder
           ^

1 error

	at org.codehaus.groovy.control.ErrorCollector.failIfErrors(ErrorCollector.java:292) ~[groovy-3.0.11.jar:3.0.11]
	at org.codehaus.groovy.control.ErrorCollector.addFatalError(ErrorCollector.java:148) ~[groovy-3.0.11.jar:3.0.11]
	at org.apache.groovy.parser.antlr4.AstBuilder.collectSyntaxError(AstBuilder.java:4375) ~[groovy-3.0.11.jar:3.0.11]
	at org.apache.groovy.parser.antlr4.AstBuilder.access$000(AstBuilder.java:176) ~[groovy-3.0.11.jar:3.0.11]
	at org.apache.groovy.parser.antlr4.AstBuilder$1.syntaxError(AstBuilder.java:4386) ~[groovy-3.0.11.jar:3.0.11]
	at groovyjarjarantlr4.v4.runtime.ProxyErrorListener.syntaxError(ProxyErrorListener.java:44) ~[groovy-3.0.11.jar:3.0.11]
	at groovyjarjarantlr4.v4.runtime.Parser.notifyErrorListeners(Parser.java:543) ~[groovy-3.0.11.jar:3.0.11]
	at groovyjarjarantlr4.v4.runtime.DefaultErrorStrategy.notifyErrorListeners(DefaultErrorStrategy.java:154) ~[groovy-3.0.11.jar:3.0.11]
	at org.apache.groovy.parser.antlr4.internal.DescriptiveErrorStrategy.reportInputMismatch(DescriptiveErrorStrategy.java:103) ~[groovy-3.0.11.jar:3.0.11]
	at org.apache.groovy.parser.antlr4.internal.DescriptiveErrorStrategy.recover(DescriptiveErrorStrategy.java:55) ~[groovy-3.0.11.jar:3.0.11]
	at org.apache.groovy.parser.antlr4.internal.DescriptiveErrorStrategy.recoverInline(DescriptiveErrorStrategy.java:68) ~[groovy-3.0.11.jar:3.0.11]
	at groovyjarjarantlr4.v4.runtime.Parser.match(Parser.java:213) ~[groovy-3.0.11.jar:3.0.11]
	at org.apache.groovy.parser.antlr4.GroovyParser.compilationUnit(GroovyParser.java:362) ~[groovy-3.0.11.jar:3.0.11]
	at org.apache.groovy.parser.antlr4.AstBuilder.buildCST(AstBuilder.java:250) ~[groovy-3.0.11.jar:3.0.11]
	at org.apache.groovy.parser.antlr4.AstBuilder.buildCST(AstBuilder.java:228) ~[groovy-3.0.11.jar:3.0.11]
	at org.apache.groovy.parser.antlr4.AstBuilder.buildAST(AstBuilder.java:269) ~[groovy-3.0.11.jar:3.0.11]
	at org.apache.groovy.parser.antlr4.Antlr4ParserPlugin.buildAST(Antlr4ParserPlugin.java:58) ~[groovy-3.0.11.jar:3.0.11]
	at org.codehaus.groovy.control.SourceUnit.buildAST(SourceUnit.java:256) ~[groovy-3.0.11.jar:3.0.11]
	at java.util.Iterator.forEachRemaining(Iterator.java:133) ~[?:?]
	at java.util.Spliterators$IteratorSpliterator.forEachRemaining(Spliterators.java:1921) ~[?:?]
	at java.util.stream.ReferencePipeline$Head.forEach(ReferencePipeline.java:762) ~[?:?]
	at org.codehaus.groovy.control.CompilationUnit.buildASTs(CompilationUnit.java:666) ~[groovy-3.0.11.jar:3.0.11]
	at org.codehaus.groovy.control.CompilationUnit.compile(CompilationUnit.java:632) ~[groovy-3.0.11.jar:3.0.11]
	at groovy.lang.GroovyClassLoader.doParseClass(GroovyClassLoader.java:389) ~[groovy-3.0.11.jar:3.0.11]
	at groovy.lang.GroovyClassLoader.lambda$parseClass$3(GroovyClassLoader.java:332) ~[groovy-3.0.11.jar:3.0.11]
	at org.codehaus.groovy.runtime.memoize.StampedCommonCache.compute(StampedCommonCache.java:163) ~[groovy-3.0.11.jar:3.0.11]
	at org.codehaus.groovy.runtime.memoize.StampedCommonCache.getAndPut(StampedCommonCache.java:154) ~[groovy-3.0.11.jar:3.0.11]
	at groovy.lang.GroovyClassLoader.parseClass(GroovyClassLoader.java:330) ~[groovy-3.0.11.jar:3.0.11]
	at groovy.lang.GroovyClassLoader.parseClass(GroovyClassLoader.java:314) ~[groovy-3.0.11.jar:3.0.11]
	at groovy.lang.GroovyClassLoader.parseClass(GroovyClassLoader.java:257) ~[groovy-3.0.11.jar:3.0.11]
	at org.codehaus.groovy.jsr223.GroovyScriptEngineImpl.getScriptClass(GroovyScriptEngineImpl.java:336) ~[groovy-jsr223-3.0.11.jar:3.0.11]
	at org.codehaus.groovy.jsr223.GroovyScriptEngineImpl.compile(GroovyScriptEngineImpl.java:181) ~[groovy-jsr223-3.0.11.jar:3.0.11]
	... 7 more
2023-03-11 01:02:56,101 INFO o.a.j.t.JMeterThread: Thread is done: setUp Thread Group 1-1
2023-03-11 01:02:56,101 INFO o.a.j.t.JMeterThread: Thread finished: setUp Thread Group 1-1
2023-03-11 01:02:56,101 INFO o.a.j.e.StandardJMeterEngine: All Setup Threads have ended
2023-03-11 01:02:56,127 INFO o.a.j.e.StandardJMeterEngine: No enabled thread groups found
2023-03-11 01:02:56,127 INFO o.a.j.e.StandardJMeterEngine: Notifying test listeners of end of test
2023-03-11 01:02:56,127 INFO o.a.j.g.u.JMeterMenuBar: setRunning(false, *local*)
2023-03-11 01:03:09,110 INFO o.a.j.e.StandardJMeterEngine: Running the test!
2023-03-11 01:03:09,118 INFO o.a.j.s.SampleEvent: List of sample_variables: []
2023-03-11 01:03:09,118 INFO o.a.j.g.u.JMeterMenuBar: setRunning(true, *local*)
2023-03-11 01:03:09,118 INFO o.a.j.e.StandardJMeterEngine: Starting setUp thread groups
2023-03-11 01:03:09,118 INFO o.a.j.e.StandardJMeterEngine: Starting setUp ThreadGroup: 1 : setUp Thread Group 
2023-03-11 01:03:09,118 INFO o.a.j.e.StandardJMeterEngine: Starting 1 threads for group setUp Thread Group.
2023-03-11 01:03:09,118 INFO o.a.j.e.StandardJMeterEngine: Thread will continue on error
2023-03-11 01:03:09,118 INFO o.a.j.t.ThreadGroup: Starting thread group... number=1 threads=1 ramp-up=1 delayedStart=false
2023-03-11 01:03:09,118 INFO o.a.j.t.ThreadGroup: Started thread group number 1
2023-03-11 01:03:09,118 INFO o.a.j.e.StandardJMeterEngine: Waiting for all setup thread groups to exit
2023-03-11 01:03:09,118 INFO o.a.j.t.JMeterThread: Thread started: setUp Thread Group 1-1
2023-03-11 01:03:09,151 INFO o.a.j.p.j.s.J.Create Execution folders for each run: execution\run14165021763\output  execution\run14165021763\web
2023-03-11 01:03:09,151 INFO o.a.j.t.JMeterThread: Thread is done: setUp Thread Group 1-1
2023-03-11 01:03:09,151 INFO o.a.j.t.JMeterThread: Thread finished: setUp Thread Group 1-1
2023-03-11 01:03:09,151 INFO o.a.j.e.StandardJMeterEngine: All Setup Threads have ended
2023-03-11 01:03:09,197 INFO o.a.j.e.StandardJMeterEngine: No enabled thread groups found
2023-03-11 01:03:09,197 INFO o.a.j.e.StandardJMeterEngine: Notifying test listeners of end of test
2023-03-11 01:03:09,197 INFO o.a.j.g.u.JMeterMenuBar: setRunning(false, *local*)
2023-03-11 01:03:51,630 INFO o.a.j.e.StandardJMeterEngine: Running the test!
2023-03-11 01:03:51,630 INFO o.a.j.s.SampleEvent: List of sample_variables: []
2023-03-11 01:03:51,645 INFO o.a.j.g.u.JMeterMenuBar: setRunning(true, *local*)
2023-03-11 01:03:51,645 INFO o.a.j.e.StandardJMeterEngine: Starting setUp thread groups
2023-03-11 01:03:51,645 INFO o.a.j.e.StandardJMeterEngine: Starting setUp ThreadGroup: 1 : setUp Thread Group 
2023-03-11 01:03:51,645 INFO o.a.j.e.StandardJMeterEngine: Starting 1 threads for group setUp Thread Group.
2023-03-11 01:03:51,645 INFO o.a.j.e.StandardJMeterEngine: Thread will continue on error
2023-03-11 01:03:51,645 INFO o.a.j.t.ThreadGroup: Starting thread group... number=1 threads=1 ramp-up=1 delayedStart=false
2023-03-11 01:03:51,645 INFO o.a.j.t.ThreadGroup: Started thread group number 1
2023-03-11 01:03:51,645 INFO o.a.j.e.StandardJMeterEngine: Waiting for all setup thread groups to exit
2023-03-11 01:03:51,645 INFO o.a.j.t.JMeterThread: Thread started: setUp Thread Group 1-1
2023-03-11 01:03:51,661 INFO o.a.j.p.j.s.J.Create Execution folders for each run: execution\run14165021763\output  execution\run14165021763\web
2023-03-11 01:03:51,661 INFO o.a.j.t.JMeterThread: Thread is done: setUp Thread Group 1-1
2023-03-11 01:03:51,661 INFO o.a.j.t.JMeterThread: Thread finished: setUp Thread Group 1-1
2023-03-11 01:03:51,661 INFO o.a.j.e.StandardJMeterEngine: All Setup Threads have ended
2023-03-11 01:03:51,693 INFO o.a.j.e.StandardJMeterEngine: No enabled thread groups found
2023-03-11 01:03:51,693 INFO o.a.j.e.StandardJMeterEngine: Notifying test listeners of end of test
2023-03-11 01:03:51,693 INFO o.a.j.g.u.JMeterMenuBar: setRunning(false, *local*)
2023-03-11 01:04:34,722 INFO o.a.j.e.StandardJMeterEngine: Running the test!
2023-03-11 01:04:34,722 INFO o.a.j.s.SampleEvent: List of sample_variables: []
2023-03-11 01:04:34,722 INFO o.a.j.g.u.JMeterMenuBar: setRunning(true, *local*)
2023-03-11 01:04:34,730 INFO o.a.j.e.StandardJMeterEngine: Starting setUp thread groups
2023-03-11 01:04:34,730 INFO o.a.j.e.StandardJMeterEngine: Starting setUp ThreadGroup: 1 : setUp Thread Group 
2023-03-11 01:04:34,730 INFO o.a.j.e.StandardJMeterEngine: Starting 1 threads for group setUp Thread Group.
2023-03-11 01:04:34,730 INFO o.a.j.e.StandardJMeterEngine: Thread will continue on error
2023-03-11 01:04:34,730 INFO o.a.j.t.ThreadGroup: Starting thread group... number=1 threads=1 ramp-up=1 delayedStart=false
2023-03-11 01:04:34,730 INFO o.a.j.t.ThreadGroup: Started thread group number 1
2023-03-11 01:04:34,730 INFO o.a.j.e.StandardJMeterEngine: Waiting for all setup thread groups to exit
2023-03-11 01:04:34,730 INFO o.a.j.t.JMeterThread: Thread started: setUp Thread Group 1-1
2023-03-11 01:04:34,730 ERROR o.a.j.p.j.s.JSR223Sampler: Problem in JSR223 script Create Execution folders for each run, message: javax.script.ScriptException: org.codehaus.groovy.control.MultipleCompilationErrorsException: startup failed:
Script6.groovy: 4: Unexpected character: '\' @ line 4, column 74.
   th+"\\\"+runNo+03702023_0103+"\\\"+"outp
                                 ^

1 error

javax.script.ScriptException: org.codehaus.groovy.control.MultipleCompilationErrorsException: startup failed:
Script6.groovy: 4: Unexpected character: '\' @ line 4, column 74.
   th+"\\\"+runNo+03702023_0103+"\\\"+"outp
                                 ^

1 error

	at org.codehaus.groovy.jsr223.GroovyScriptEngineImpl.compile(GroovyScriptEngineImpl.java:183) ~[groovy-jsr223-3.0.11.jar:3.0.11]
	at org.apache.jmeter.util.JSR223TestElement.processFileOrScript(JSR223TestElement.java:211) ~[ApacheJMeter_core.jar:5.5]
	at org.apache.jmeter.protocol.java.sampler.JSR223Sampler.sample(JSR223Sampler.java:72) ~[ApacheJMeter_java.jar:5.5]
	at org.apache.jmeter.threads.JMeterThread.doSampling(JMeterThread.java:651) ~[ApacheJMeter_core.jar:5.5]
	at org.apache.jmeter.threads.JMeterThread.executeSamplePackage(JMeterThread.java:570) ~[ApacheJMeter_core.jar:5.5]
	at org.apache.jmeter.threads.JMeterThread.processSampler(JMeterThread.java:501) ~[ApacheJMeter_core.jar:5.5]
	at org.apache.jmeter.threads.JMeterThread.run(JMeterThread.java:268) ~[ApacheJMeter_core.jar:5.5]
	at java.lang.Thread.run(Thread.java:1589) ~[?:?]
Caused by: org.codehaus.groovy.control.MultipleCompilationErrorsException: startup failed:
Script6.groovy: 4: Unexpected character: '\' @ line 4, column 74.
   th+"\\\"+runNo+03702023_0103+"\\\"+"outp
                                 ^

1 error

	at org.codehaus.groovy.control.ErrorCollector.failIfErrors(ErrorCollector.java:292) ~[groovy-3.0.11.jar:3.0.11]
	at org.codehaus.groovy.control.ErrorCollector.addFatalError(ErrorCollector.java:148) ~[groovy-3.0.11.jar:3.0.11]
	at org.apache.groovy.parser.antlr4.AstBuilder.collectSyntaxError(AstBuilder.java:4375) ~[groovy-3.0.11.jar:3.0.11]
	at org.apache.groovy.parser.antlr4.AstBuilder.createParsingFailedException(AstBuilder.java:4358) ~[groovy-3.0.11.jar:3.0.11]
	at org.apache.groovy.parser.antlr4.AstBuilder.convertException(AstBuilder.java:261) ~[groovy-3.0.11.jar:3.0.11]
	at org.apache.groovy.parser.antlr4.AstBuilder.buildCST(AstBuilder.java:235) ~[groovy-3.0.11.jar:3.0.11]
	at org.apache.groovy.parser.antlr4.AstBuilder.buildAST(AstBuilder.java:269) ~[groovy-3.0.11.jar:3.0.11]
	at org.apache.groovy.parser.antlr4.Antlr4ParserPlugin.buildAST(Antlr4ParserPlugin.java:58) ~[groovy-3.0.11.jar:3.0.11]
	at org.codehaus.groovy.control.SourceUnit.buildAST(SourceUnit.java:256) ~[groovy-3.0.11.jar:3.0.11]
	at java.util.Iterator.forEachRemaining(Iterator.java:133) ~[?:?]
	at java.util.Spliterators$IteratorSpliterator.forEachRemaining(Spliterators.java:1921) ~[?:?]
	at java.util.stream.ReferencePipeline$Head.forEach(ReferencePipeline.java:762) ~[?:?]
	at org.codehaus.groovy.control.CompilationUnit.buildASTs(CompilationUnit.java:666) ~[groovy-3.0.11.jar:3.0.11]
	at org.codehaus.groovy.control.CompilationUnit.compile(CompilationUnit.java:632) ~[groovy-3.0.11.jar:3.0.11]
	at groovy.lang.GroovyClassLoader.doParseClass(GroovyClassLoader.java:389) ~[groovy-3.0.11.jar:3.0.11]
	at groovy.lang.GroovyClassLoader.lambda$parseClass$3(GroovyClassLoader.java:332) ~[groovy-3.0.11.jar:3.0.11]
	at org.codehaus.groovy.runtime.memoize.StampedCommonCache.compute(StampedCommonCache.java:163) ~[groovy-3.0.11.jar:3.0.11]
	at org.codehaus.groovy.runtime.memoize.StampedCommonCache.getAndPut(StampedCommonCache.java:154) ~[groovy-3.0.11.jar:3.0.11]
	at groovy.lang.GroovyClassLoader.parseClass(GroovyClassLoader.java:330) ~[groovy-3.0.11.jar:3.0.11]
	at groovy.lang.GroovyClassLoader.parseClass(GroovyClassLoader.java:314) ~[groovy-3.0.11.jar:3.0.11]
	at groovy.lang.GroovyClassLoader.parseClass(GroovyClassLoader.java:257) ~[groovy-3.0.11.jar:3.0.11]
	at org.codehaus.groovy.jsr223.GroovyScriptEngineImpl.getScriptClass(GroovyScriptEngineImpl.java:336) ~[groovy-jsr223-3.0.11.jar:3.0.11]
	at org.codehaus.groovy.jsr223.GroovyScriptEngineImpl.compile(GroovyScriptEngineImpl.java:181) ~[groovy-jsr223-3.0.11.jar:3.0.11]
	... 7 more
2023-03-11 01:04:34,741 INFO o.a.j.t.JMeterThread: Thread is done: setUp Thread Group 1-1
2023-03-11 01:04:34,741 INFO o.a.j.t.JMeterThread: Thread finished: setUp Thread Group 1-1
2023-03-11 01:04:34,741 INFO o.a.j.e.StandardJMeterEngine: All Setup Threads have ended
2023-03-11 01:04:34,772 INFO o.a.j.e.StandardJMeterEngine: No enabled thread groups found
2023-03-11 01:04:34,772 INFO o.a.j.e.StandardJMeterEngine: Notifying test listeners of end of test
2023-03-11 01:04:34,772 INFO o.a.j.g.u.JMeterMenuBar: setRunning(false, *local*)
2023-03-11 01:05:06,869 INFO o.a.j.e.StandardJMeterEngine: Running the test!
2023-03-11 01:05:06,869 INFO o.a.j.s.SampleEvent: List of sample_variables: []
2023-03-11 01:05:06,869 INFO o.a.j.g.u.JMeterMenuBar: setRunning(true, *local*)
2023-03-11 01:05:06,869 INFO o.a.j.e.StandardJMeterEngine: Starting setUp thread groups
2023-03-11 01:05:06,869 INFO o.a.j.e.StandardJMeterEngine: Starting setUp ThreadGroup: 1 : setUp Thread Group 
2023-03-11 01:05:06,869 INFO o.a.j.e.StandardJMeterEngine: Starting 1 threads for group setUp Thread Group.
2023-03-11 01:05:06,869 INFO o.a.j.e.StandardJMeterEngine: Thread will continue on error
2023-03-11 01:05:06,869 INFO o.a.j.t.ThreadGroup: Starting thread group... number=1 threads=1 ramp-up=1 delayedStart=false
2023-03-11 01:05:06,869 INFO o.a.j.t.ThreadGroup: Started thread group number 1
2023-03-11 01:05:06,869 INFO o.a.j.e.StandardJMeterEngine: Waiting for all setup thread groups to exit
2023-03-11 01:05:06,869 INFO o.a.j.t.JMeterThread: Thread started: setUp Thread Group 1-1
2023-03-11 01:05:06,900 INFO o.a.j.p.j.s.J.Create Execution folders for each run: execution\run14165021763\output  execution\run14165021763\web
2023-03-11 01:05:06,902 INFO o.a.j.t.JMeterThread: Thread is done: setUp Thread Group 1-1
2023-03-11 01:05:06,902 INFO o.a.j.t.JMeterThread: Thread finished: setUp Thread Group 1-1
2023-03-11 01:05:06,902 INFO o.a.j.e.StandardJMeterEngine: All Setup Threads have ended
2023-03-11 01:05:06,929 INFO o.a.j.e.StandardJMeterEngine: No enabled thread groups found
2023-03-11 01:05:06,929 INFO o.a.j.e.StandardJMeterEngine: Notifying test listeners of end of test
2023-03-11 01:05:06,929 INFO o.a.j.g.u.JMeterMenuBar: setRunning(false, *local*)
2023-03-11 01:05:47,333 INFO o.a.j.e.StandardJMeterEngine: Running the test!
2023-03-11 01:05:47,333 INFO o.a.j.s.SampleEvent: List of sample_variables: []
2023-03-11 01:05:47,333 INFO o.a.j.g.u.JMeterMenuBar: setRunning(true, *local*)
2023-03-11 01:05:47,333 INFO o.a.j.e.StandardJMeterEngine: Starting setUp thread groups
2023-03-11 01:05:47,333 INFO o.a.j.e.StandardJMeterEngine: Starting setUp ThreadGroup: 1 : setUp Thread Group 
2023-03-11 01:05:47,333 INFO o.a.j.e.StandardJMeterEngine: Starting 1 threads for group setUp Thread Group.
2023-03-11 01:05:47,333 INFO o.a.j.e.StandardJMeterEngine: Thread will continue on error
2023-03-11 01:05:47,333 INFO o.a.j.t.ThreadGroup: Starting thread group... number=1 threads=1 ramp-up=1 delayedStart=false
2023-03-11 01:05:47,333 INFO o.a.j.t.ThreadGroup: Started thread group number 1
2023-03-11 01:05:47,333 INFO o.a.j.e.StandardJMeterEngine: Waiting for all setup thread groups to exit
2023-03-11 01:05:47,333 INFO o.a.j.t.JMeterThread: Thread started: setUp Thread Group 1-1
2023-03-11 01:05:47,350 INFO o.a.j.p.j.s.J.Create Execution folders for each run: execution\run14165021763\output  execution\run14165021763\web
2023-03-11 01:05:47,350 INFO o.a.j.t.JMeterThread: Thread is done: setUp Thread Group 1-1
2023-03-11 01:05:47,350 INFO o.a.j.t.JMeterThread: Thread finished: setUp Thread Group 1-1
2023-03-11 01:05:47,350 INFO o.a.j.e.StandardJMeterEngine: All Setup Threads have ended
2023-03-11 01:05:47,381 INFO o.a.j.e.StandardJMeterEngine: No enabled thread groups found
2023-03-11 01:05:47,381 INFO o.a.j.e.StandardJMeterEngine: Notifying test listeners of end of test
2023-03-11 01:05:47,381 INFO o.a.j.g.u.JMeterMenuBar: setRunning(false, *local*)
2023-03-11 01:06:11,549 INFO o.a.j.e.StandardJMeterEngine: Running the test!
2023-03-11 01:06:11,549 INFO o.a.j.s.SampleEvent: List of sample_variables: []
2023-03-11 01:06:11,549 INFO o.a.j.g.u.JMeterMenuBar: setRunning(true, *local*)
2023-03-11 01:06:11,549 INFO o.a.j.e.StandardJMeterEngine: Starting setUp thread groups
2023-03-11 01:06:11,549 INFO o.a.j.e.StandardJMeterEngine: Starting setUp ThreadGroup: 1 : setUp Thread Group 
2023-03-11 01:06:11,549 INFO o.a.j.e.StandardJMeterEngine: Starting 1 threads for group setUp Thread Group.
2023-03-11 01:06:11,549 INFO o.a.j.e.StandardJMeterEngine: Thread will continue on error
2023-03-11 01:06:11,549 INFO o.a.j.t.ThreadGroup: Starting thread group... number=1 threads=1 ramp-up=1 delayedStart=false
2023-03-11 01:06:11,549 INFO o.a.j.t.ThreadGroup: Started thread group number 1
2023-03-11 01:06:11,549 INFO o.a.j.e.StandardJMeterEngine: Waiting for all setup thread groups to exit
2023-03-11 01:06:11,549 INFO o.a.j.t.JMeterThread: Thread started: setUp Thread Group 1-1
2023-03-11 01:06:11,549 ERROR o.a.j.p.j.s.JSR223Sampler: Problem in JSR223 script Create Execution folders for each run, message: javax.script.ScriptException: org.codehaus.groovy.control.MultipleCompilationErrorsException: startup failed:
Script9.groovy: 4: Unexpected character: '\' @ line 4, column 72.
   Path+"\"+runNo+03702023_0103+"\"+"output
                                 ^

1 error

javax.script.ScriptException: org.codehaus.groovy.control.MultipleCompilationErrorsException: startup failed:
Script9.groovy: 4: Unexpected character: '\' @ line 4, column 72.
   Path+"\"+runNo+03702023_0103+"\"+"output
                                 ^

1 error

	at org.codehaus.groovy.jsr223.GroovyScriptEngineImpl.compile(GroovyScriptEngineImpl.java:183) ~[groovy-jsr223-3.0.11.jar:3.0.11]
	at org.apache.jmeter.util.JSR223TestElement.processFileOrScript(JSR223TestElement.java:211) ~[ApacheJMeter_core.jar:5.5]
	at org.apache.jmeter.protocol.java.sampler.JSR223Sampler.sample(JSR223Sampler.java:72) ~[ApacheJMeter_java.jar:5.5]
	at org.apache.jmeter.threads.JMeterThread.doSampling(JMeterThread.java:651) ~[ApacheJMeter_core.jar:5.5]
	at org.apache.jmeter.threads.JMeterThread.executeSamplePackage(JMeterThread.java:570) ~[ApacheJMeter_core.jar:5.5]
	at org.apache.jmeter.threads.JMeterThread.processSampler(JMeterThread.java:501) ~[ApacheJMeter_core.jar:5.5]
	at org.apache.jmeter.threads.JMeterThread.run(JMeterThread.java:268) ~[ApacheJMeter_core.jar:5.5]
	at java.lang.Thread.run(Thread.java:1589) ~[?:?]
Caused by: org.codehaus.groovy.control.MultipleCompilationErrorsException: startup failed:
Script9.groovy: 4: Unexpected character: '\' @ line 4, column 72.
   Path+"\"+runNo+03702023_0103+"\"+"output
                                 ^

1 error

	at org.codehaus.groovy.control.ErrorCollector.failIfErrors(ErrorCollector.java:292) ~[groovy-3.0.11.jar:3.0.11]
	at org.codehaus.groovy.control.ErrorCollector.addFatalError(ErrorCollector.java:148) ~[groovy-3.0.11.jar:3.0.11]
	at org.apache.groovy.parser.antlr4.AstBuilder.collectSyntaxError(AstBuilder.java:4375) ~[groovy-3.0.11.jar:3.0.11]
	at org.apache.groovy.parser.antlr4.AstBuilder.createParsingFailedException(AstBuilder.java:4358) ~[groovy-3.0.11.jar:3.0.11]
	at org.apache.groovy.parser.antlr4.AstBuilder.convertException(AstBuilder.java:261) ~[groovy-3.0.11.jar:3.0.11]
	at org.apache.groovy.parser.antlr4.AstBuilder.buildCST(AstBuilder.java:235) ~[groovy-3.0.11.jar:3.0.11]
	at org.apache.groovy.parser.antlr4.AstBuilder.buildAST(AstBuilder.java:269) ~[groovy-3.0.11.jar:3.0.11]
	at org.apache.groovy.parser.antlr4.Antlr4ParserPlugin.buildAST(Antlr4ParserPlugin.java:58) ~[groovy-3.0.11.jar:3.0.11]
	at org.codehaus.groovy.control.SourceUnit.buildAST(SourceUnit.java:256) ~[groovy-3.0.11.jar:3.0.11]
	at java.util.Iterator.forEachRemaining(Iterator.java:133) ~[?:?]
	at java.util.Spliterators$IteratorSpliterator.forEachRemaining(Spliterators.java:1921) ~[?:?]
	at java.util.stream.ReferencePipeline$Head.forEach(ReferencePipeline.java:762) ~[?:?]
	at org.codehaus.groovy.control.CompilationUnit.buildASTs(CompilationUnit.java:666) ~[groovy-3.0.11.jar:3.0.11]
	at org.codehaus.groovy.control.CompilationUnit.compile(CompilationUnit.java:632) ~[groovy-3.0.11.jar:3.0.11]
	at groovy.lang.GroovyClassLoader.doParseClass(GroovyClassLoader.java:389) ~[groovy-3.0.11.jar:3.0.11]
	at groovy.lang.GroovyClassLoader.lambda$parseClass$3(GroovyClassLoader.java:332) ~[groovy-3.0.11.jar:3.0.11]
	at org.codehaus.groovy.runtime.memoize.StampedCommonCache.compute(StampedCommonCache.java:163) ~[groovy-3.0.11.jar:3.0.11]
	at org.codehaus.groovy.runtime.memoize.StampedCommonCache.getAndPut(StampedCommonCache.java:154) ~[groovy-3.0.11.jar:3.0.11]
	at groovy.lang.GroovyClassLoader.parseClass(GroovyClassLoader.java:330) ~[groovy-3.0.11.jar:3.0.11]
	at groovy.lang.GroovyClassLoader.parseClass(GroovyClassLoader.java:314) ~[groovy-3.0.11.jar:3.0.11]
	at groovy.lang.GroovyClassLoader.parseClass(GroovyClassLoader.java:257) ~[groovy-3.0.11.jar:3.0.11]
	at org.codehaus.groovy.jsr223.GroovyScriptEngineImpl.getScriptClass(GroovyScriptEngineImpl.java:336) ~[groovy-jsr223-3.0.11.jar:3.0.11]
	at org.codehaus.groovy.jsr223.GroovyScriptEngineImpl.compile(GroovyScriptEngineImpl.java:181) ~[groovy-jsr223-3.0.11.jar:3.0.11]
	... 7 more
2023-03-11 01:06:11,566 INFO o.a.j.t.JMeterThread: Thread is done: setUp Thread Group 1-1
2023-03-11 01:06:11,566 INFO o.a.j.t.JMeterThread: Thread finished: setUp Thread Group 1-1
2023-03-11 01:06:11,567 INFO o.a.j.e.StandardJMeterEngine: All Setup Threads have ended
2023-03-11 01:06:11,569 INFO o.a.j.e.StandardJMeterEngine: No enabled thread groups found
2023-03-11 01:06:11,569 INFO o.a.j.e.StandardJMeterEngine: Notifying test listeners of end of test
2023-03-11 01:06:11,569 INFO o.a.j.g.u.JMeterMenuBar: setRunning(false, *local*)
2023-03-11 01:07:10,762 INFO o.a.j.e.StandardJMeterEngine: Running the test!
2023-03-11 01:07:10,762 INFO o.a.j.s.SampleEvent: List of sample_variables: []
2023-03-11 01:07:10,762 INFO o.a.j.g.u.JMeterMenuBar: setRunning(true, *local*)
2023-03-11 01:07:10,767 INFO o.a.j.e.StandardJMeterEngine: Starting setUp thread groups
2023-03-11 01:07:10,767 INFO o.a.j.e.StandardJMeterEngine: Starting setUp ThreadGroup: 1 : setUp Thread Group 
2023-03-11 01:07:10,767 INFO o.a.j.e.StandardJMeterEngine: Starting 1 threads for group setUp Thread Group.
2023-03-11 01:07:10,767 INFO o.a.j.e.StandardJMeterEngine: Thread will continue on error
2023-03-11 01:07:10,767 INFO o.a.j.t.ThreadGroup: Starting thread group... number=1 threads=1 ramp-up=1 delayedStart=false
2023-03-11 01:07:10,767 INFO o.a.j.t.ThreadGroup: Started thread group number 1
2023-03-11 01:07:10,767 INFO o.a.j.e.StandardJMeterEngine: Waiting for all setup thread groups to exit
2023-03-11 01:07:10,767 INFO o.a.j.t.JMeterThread: Thread started: setUp Thread Group 1-1
2023-03-11 01:07:10,784 INFO o.a.j.p.j.s.J.Create Execution folders for each run: execution\\run1\\4165021763output  execution\\run1\\4165021763web
2023-03-11 01:07:10,786 INFO o.a.j.t.JMeterThread: Thread is done: setUp Thread Group 1-1
2023-03-11 01:07:10,786 INFO o.a.j.t.JMeterThread: Thread finished: setUp Thread Group 1-1
2023-03-11 01:07:10,786 INFO o.a.j.e.StandardJMeterEngine: All Setup Threads have ended
2023-03-11 01:07:10,814 INFO o.a.j.e.StandardJMeterEngine: No enabled thread groups found
2023-03-11 01:07:10,814 INFO o.a.j.e.StandardJMeterEngine: Notifying test listeners of end of test
2023-03-11 01:07:10,814 INFO o.a.j.g.u.JMeterMenuBar: setRunning(false, *local*)
2023-03-11 01:08:09,524 INFO o.a.j.e.StandardJMeterEngine: Running the test!
2023-03-11 01:08:09,524 INFO o.a.j.s.SampleEvent: List of sample_variables: []
2023-03-11 01:08:09,524 INFO o.a.j.g.u.JMeterMenuBar: setRunning(true, *local*)
2023-03-11 01:08:09,524 INFO o.a.j.e.StandardJMeterEngine: Starting setUp thread groups
2023-03-11 01:08:09,524 INFO o.a.j.e.StandardJMeterEngine: Starting setUp ThreadGroup: 1 : setUp Thread Group 
2023-03-11 01:08:09,524 INFO o.a.j.e.StandardJMeterEngine: Starting 1 threads for group setUp Thread Group.
2023-03-11 01:08:09,524 INFO o.a.j.e.StandardJMeterEngine: Thread will continue on error
2023-03-11 01:08:09,524 INFO o.a.j.t.ThreadGroup: Starting thread group... number=1 threads=1 ramp-up=1 delayedStart=false
2023-03-11 01:08:09,534 INFO o.a.j.t.ThreadGroup: Started thread group number 1
2023-03-11 01:08:09,534 INFO o.a.j.e.StandardJMeterEngine: Waiting for all setup thread groups to exit
2023-03-11 01:08:09,534 INFO o.a.j.t.JMeterThread: Thread started: setUp Thread Group 1-1
2023-03-11 01:08:09,534 ERROR o.a.j.p.j.s.JSR223Sampler: Problem in JSR223 script Create Execution folders for each run, message: javax.script.ScriptException: org.codehaus.groovy.control.MultipleCompilationErrorsException: startup failed:
Script11.groovy: 4: Unexpected input: 'basePath+runNo+"output"++' @ line 4, column 38.
   def String pathBuilderOutputFolder = basePath+runNo+"output"++03702023_0103;
                                        ^

1 error

javax.script.ScriptException: org.codehaus.groovy.control.MultipleCompilationErrorsException: startup failed:
Script11.groovy: 4: Unexpected input: 'basePath+runNo+"output"++' @ line 4, column 38.
   def String pathBuilderOutputFolder = basePath+runNo+"output"++03702023_0103;
                                        ^

1 error

	at org.codehaus.groovy.jsr223.GroovyScriptEngineImpl.compile(GroovyScriptEngineImpl.java:183) ~[groovy-jsr223-3.0.11.jar:3.0.11]
	at org.apache.jmeter.util.JSR223TestElement.processFileOrScript(JSR223TestElement.java:211) ~[ApacheJMeter_core.jar:5.5]
	at org.apache.jmeter.protocol.java.sampler.JSR223Sampler.sample(JSR223Sampler.java:72) ~[ApacheJMeter_java.jar:5.5]
	at org.apache.jmeter.threads.JMeterThread.doSampling(JMeterThread.java:651) ~[ApacheJMeter_core.jar:5.5]
	at org.apache.jmeter.threads.JMeterThread.executeSamplePackage(JMeterThread.java:570) ~[ApacheJMeter_core.jar:5.5]
	at org.apache.jmeter.threads.JMeterThread.processSampler(JMeterThread.java:501) ~[ApacheJMeter_core.jar:5.5]
	at org.apache.jmeter.threads.JMeterThread.run(JMeterThread.java:268) ~[ApacheJMeter_core.jar:5.5]
	at java.lang.Thread.run(Thread.java:1589) ~[?:?]
Caused by: org.codehaus.groovy.control.MultipleCompilationErrorsException: startup failed:
Script11.groovy: 4: Unexpected input: 'basePath+runNo+"output"++' @ line 4, column 38.
   def String pathBuilderOutputFolder = basePath+runNo+"output"++03702023_0103;
                                        ^

1 error

	at org.codehaus.groovy.control.ErrorCollector.failIfErrors(ErrorCollector.java:292) ~[groovy-3.0.11.jar:3.0.11]
	at org.codehaus.groovy.control.ErrorCollector.addFatalError(ErrorCollector.java:148) ~[groovy-3.0.11.jar:3.0.11]
	at org.apache.groovy.parser.antlr4.AstBuilder.collectSyntaxError(AstBuilder.java:4375) ~[groovy-3.0.11.jar:3.0.11]
	at org.apache.groovy.parser.antlr4.AstBuilder.createParsingFailedException(AstBuilder.java:4354) ~[groovy-3.0.11.jar:3.0.11]
	at org.apache.groovy.parser.antlr4.AstBuilder.createParsingFailedException(AstBuilder.java:4311) ~[groovy-3.0.11.jar:3.0.11]
	at org.apache.groovy.parser.antlr4.AstBuilder.visitCommandExpression(AstBuilder.java:1879) ~[groovy-3.0.11.jar:3.0.11]
	at org.apache.groovy.parser.antlr4.AstBuilder.visitCommandExprAlt(AstBuilder.java:1860) ~[groovy-3.0.11.jar:3.0.11]
	at org.apache.groovy.parser.antlr4.AstBuilder.visitCommandExprAlt(AstBuilder.java:176) ~[groovy-3.0.11.jar:3.0.11]
	at org.apache.groovy.parser.antlr4.GroovyParser$CommandExprAltContext.accept(GroovyParser.java:8053) ~[groovy-3.0.11.jar:3.0.11]
	at groovyjarjarantlr4.v4.runtime.tree.AbstractParseTreeVisitor.visit(AbstractParseTreeVisitor.java:20) ~[groovy-3.0.11.jar:3.0.11]
	at org.apache.groovy.parser.antlr4.AstBuilder.visit(AstBuilder.java:4020) ~[groovy-3.0.11.jar:3.0.11]
	at org.apache.groovy.parser.antlr4.AstBuilder.visitEnhancedStatementExpression(AstBuilder.java:2047) ~[groovy-3.0.11.jar:3.0.11]
	at org.apache.groovy.parser.antlr4.AstBuilder.visitVariableInitializer(AstBuilder.java:1818) ~[groovy-3.0.11.jar:3.0.11]
	at org.apache.groovy.parser.antlr4.AstBuilder.visitVariableDeclarator(AstBuilder.java:1807) ~[groovy-3.0.11.jar:3.0.11]
	at org.apache.groovy.parser.antlr4.AstBuilder.lambda$visitVariableDeclarators$17(AstBuilder.java:1781) ~[groovy-3.0.11.jar:3.0.11]
	at java.util.stream.ReferencePipeline$3$1.accept(ReferencePipeline.java:197) ~[?:?]
	at java.util.ArrayList$ArrayListSpliterator.forEachRemaining(ArrayList.java:1625) ~[?:?]
	at java.util.stream.AbstractPipeline.copyInto(AbstractPipeline.java:509) ~[?:?]
	at java.util.stream.AbstractPipeline.wrapAndCopyInto(AbstractPipeline.java:499) ~[?:?]
	at java.util.stream.ReduceOps$ReduceOp.evaluateSequential(ReduceOps.java:921) ~[?:?]
	at java.util.stream.AbstractPipeline.evaluate(AbstractPipeline.java:234) ~[?:?]
	at java.util.stream.ReferencePipeline.collect(ReferencePipeline.java:682) ~[?:?]
	at org.apache.groovy.parser.antlr4.AstBuilder.visitVariableDeclarators(AstBuilder.java:1783) ~[groovy-3.0.11.jar:3.0.11]
	at org.apache.groovy.parser.antlr4.AstBuilder.visitVariableDeclaration(AstBuilder.java:1618) ~[groovy-3.0.11.jar:3.0.11]
	at org.apache.groovy.parser.antlr4.AstBuilder.visitLocalVariableDeclaration(AstBuilder.java:1573) ~[groovy-3.0.11.jar:3.0.11]
	at org.apache.groovy.parser.antlr4.AstBuilder.visitLocalVariableDeclaration(AstBuilder.java:176) ~[groovy-3.0.11.jar:3.0.11]
	at org.apache.groovy.parser.antlr4.GroovyParser$LocalVariableDeclarationContext.accept(GroovyParser.java:5581) ~[groovy-3.0.11.jar:3.0.11]
	at groovyjarjarantlr4.v4.runtime.tree.AbstractParseTreeVisitor.visitChildren(AbstractParseTreeVisitor.java:48) ~[groovy-3.0.11.jar:3.0.11]
	at org.apache.groovy.parser.antlr4.GroovyParserBaseVisitor.visitLocalVariableDeclarationStmtAlt(GroovyParserBaseVisitor.java:394) ~[groovy-3.0.11.jar:3.0.11]
	at org.apache.groovy.parser.antlr4.GroovyParser$LocalVariableDeclarationStmtAltContext.accept(GroovyParser.java:6745) ~[groovy-3.0.11.jar:3.0.11]
	at groovyjarjarantlr4.v4.runtime.tree.AbstractParseTreeVisitor.visitChildren(AbstractParseTreeVisitor.java:48) ~[groovy-3.0.11.jar:3.0.11]
	at org.apache.groovy.parser.antlr4.GroovyParserBaseVisitor.visitScriptStatement(GroovyParserBaseVisitor.java:466) ~[groovy-3.0.11.jar:3.0.11]
	at org.apache.groovy.parser.antlr4.GroovyParser$ScriptStatementContext.accept(GroovyParser.java:471) ~[groovy-3.0.11.jar:3.0.11]
	at groovyjarjarantlr4.v4.runtime.tree.AbstractParseTreeVisitor.visit(AbstractParseTreeVisitor.java:20) ~[groovy-3.0.11.jar:3.0.11]
	at org.apache.groovy.parser.antlr4.AstBuilder.visit(AstBuilder.java:4020) ~[groovy-3.0.11.jar:3.0.11]
	at org.apache.groovy.parser.antlr4.AstBuilder.lambda$visitScriptStatements$0(AstBuilder.java:321) ~[groovy-3.0.11.jar:3.0.11]
	at java.util.stream.ReferencePipeline$3$1.accept(ReferencePipeline.java:197) ~[?:?]
	at java.util.ArrayList$ArrayListSpliterator.forEachRemaining(ArrayList.java:1625) ~[?:?]
	at java.util.stream.AbstractPipeline.copyInto(AbstractPipeline.java:509) ~[?:?]
	at java.util.stream.AbstractPipeline.wrapAndCopyInto(AbstractPipeline.java:499) ~[?:?]
	at java.util.stream.ReduceOps$ReduceOp.evaluateSequential(ReduceOps.java:921) ~[?:?]
	at java.util.stream.AbstractPipeline.evaluate(AbstractPipeline.java:234) ~[?:?]
	at java.util.stream.ReferencePipeline.collect(ReferencePipeline.java:682) ~[?:?]
	at org.apache.groovy.parser.antlr4.AstBuilder.visitScriptStatements(AstBuilder.java:322) ~[groovy-3.0.11.jar:3.0.11]
	at org.apache.groovy.parser.antlr4.AstBuilder.visitCompilationUnit(AstBuilder.java:279) ~[groovy-3.0.11.jar:3.0.11]
	at org.apache.groovy.parser.antlr4.AstBuilder.visitCompilationUnit(AstBuilder.java:176) ~[groovy-3.0.11.jar:3.0.11]
	at org.apache.groovy.parser.antlr4.GroovyParser$CompilationUnitContext.accept(GroovyParser.java:317) ~[groovy-3.0.11.jar:3.0.11]
	at groovyjarjarantlr4.v4.runtime.tree.AbstractParseTreeVisitor.visit(AbstractParseTreeVisitor.java:20) ~[groovy-3.0.11.jar:3.0.11]
	at org.apache.groovy.parser.antlr4.AstBuilder.visit(AstBuilder.java:4020) ~[groovy-3.0.11.jar:3.0.11]
	at org.apache.groovy.parser.antlr4.AstBuilder.buildAST(AstBuilder.java:269) ~[groovy-3.0.11.jar:3.0.11]
	at org.apache.groovy.parser.antlr4.Antlr4ParserPlugin.buildAST(Antlr4ParserPlugin.java:58) ~[groovy-3.0.11.jar:3.0.11]
	at org.codehaus.groovy.control.SourceUnit.buildAST(SourceUnit.java:256) ~[groovy-3.0.11.jar:3.0.11]
	at java.util.Iterator.forEachRemaining(Iterator.java:133) ~[?:?]
	at java.util.Spliterators$IteratorSpliterator.forEachRemaining(Spliterators.java:1921) ~[?:?]
	at java.util.stream.ReferencePipeline$Head.forEach(ReferencePipeline.java:762) ~[?:?]
	at org.codehaus.groovy.control.CompilationUnit.buildASTs(CompilationUnit.java:666) ~[groovy-3.0.11.jar:3.0.11]
	at org.codehaus.groovy.control.CompilationUnit.compile(CompilationUnit.java:632) ~[groovy-3.0.11.jar:3.0.11]
	at groovy.lang.GroovyClassLoader.doParseClass(GroovyClassLoader.java:389) ~[groovy-3.0.11.jar:3.0.11]
	at groovy.lang.GroovyClassLoader.lambda$parseClass$3(GroovyClassLoader.java:332) ~[groovy-3.0.11.jar:3.0.11]
	at org.codehaus.groovy.runtime.memoize.StampedCommonCache.compute(StampedCommonCache.java:163) ~[groovy-3.0.11.jar:3.0.11]
	at org.codehaus.groovy.runtime.memoize.StampedCommonCache.getAndPut(StampedCommonCache.java:154) ~[groovy-3.0.11.jar:3.0.11]
	at groovy.lang.GroovyClassLoader.parseClass(GroovyClassLoader.java:330) ~[groovy-3.0.11.jar:3.0.11]
	at groovy.lang.GroovyClassLoader.parseClass(GroovyClassLoader.java:314) ~[groovy-3.0.11.jar:3.0.11]
	at groovy.lang.GroovyClassLoader.parseClass(GroovyClassLoader.java:257) ~[groovy-3.0.11.jar:3.0.11]
	at org.codehaus.groovy.jsr223.GroovyScriptEngineImpl.getScriptClass(GroovyScriptEngineImpl.java:336) ~[groovy-jsr223-3.0.11.jar:3.0.11]
	at org.codehaus.groovy.jsr223.GroovyScriptEngineImpl.compile(GroovyScriptEngineImpl.java:181) ~[groovy-jsr223-3.0.11.jar:3.0.11]
	... 7 more
2023-03-11 01:08:09,547 INFO o.a.j.t.JMeterThread: Thread is done: setUp Thread Group 1-1
2023-03-11 01:08:09,548 INFO o.a.j.t.JMeterThread: Thread finished: setUp Thread Group 1-1
2023-03-11 01:08:09,548 INFO o.a.j.e.StandardJMeterEngine: All Setup Threads have ended
2023-03-11 01:08:09,579 INFO o.a.j.e.StandardJMeterEngine: No enabled thread groups found
2023-03-11 01:08:09,579 INFO o.a.j.e.StandardJMeterEngine: Notifying test listeners of end of test
2023-03-11 01:08:09,579 INFO o.a.j.g.u.JMeterMenuBar: setRunning(false, *local*)
2023-03-11 01:08:36,614 INFO o.a.j.e.StandardJMeterEngine: Running the test!
2023-03-11 01:08:36,614 INFO o.a.j.s.SampleEvent: List of sample_variables: []
2023-03-11 01:08:36,614 INFO o.a.j.g.u.JMeterMenuBar: setRunning(true, *local*)
2023-03-11 01:08:36,614 INFO o.a.j.e.StandardJMeterEngine: Starting setUp thread groups
2023-03-11 01:08:36,614 INFO o.a.j.e.StandardJMeterEngine: Starting setUp ThreadGroup: 1 : setUp Thread Group 
2023-03-11 01:08:36,614 INFO o.a.j.e.StandardJMeterEngine: Starting 1 threads for group setUp Thread Group.
2023-03-11 01:08:36,614 INFO o.a.j.e.StandardJMeterEngine: Thread will continue on error
2023-03-11 01:08:36,614 INFO o.a.j.t.ThreadGroup: Starting thread group... number=1 threads=1 ramp-up=1 delayedStart=false
2023-03-11 01:08:36,614 INFO o.a.j.t.ThreadGroup: Started thread group number 1
2023-03-11 01:08:36,614 INFO o.a.j.e.StandardJMeterEngine: Waiting for all setup thread groups to exit
2023-03-11 01:08:36,614 INFO o.a.j.t.JMeterThread: Thread started: setUp Thread Group 1-1
2023-03-11 01:08:36,629 INFO o.a.j.p.j.s.J.Create Execution folders for each run: execution\\run1\\output4165021763  execution\\run1\\web4165021763
2023-03-11 01:08:36,629 INFO o.a.j.t.JMeterThread: Thread is done: setUp Thread Group 1-1
2023-03-11 01:08:36,629 INFO o.a.j.t.JMeterThread: Thread finished: setUp Thread Group 1-1
2023-03-11 01:08:36,629 INFO o.a.j.e.StandardJMeterEngine: All Setup Threads have ended
2023-03-11 01:08:36,674 INFO o.a.j.e.StandardJMeterEngine: No enabled thread groups found
2023-03-11 01:08:36,674 INFO o.a.j.e.StandardJMeterEngine: Notifying test listeners of end of test
2023-03-11 01:08:36,674 INFO o.a.j.g.u.JMeterMenuBar: setRunning(false, *local*)
2023-03-11 01:23:34,302 INFO o.a.j.e.StandardJMeterEngine: Running the test!
2023-03-11 01:23:34,302 INFO o.a.j.s.SampleEvent: List of sample_variables: []
2023-03-11 01:23:34,302 INFO o.a.j.g.u.JMeterMenuBar: setRunning(true, *local*)
2023-03-11 01:23:34,302 INFO o.a.j.e.StandardJMeterEngine: Starting setUp thread groups
2023-03-11 01:23:34,302 INFO o.a.j.e.StandardJMeterEngine: Starting setUp ThreadGroup: 1 : setUp Thread Group 
2023-03-11 01:23:34,302 INFO o.a.j.e.StandardJMeterEngine: Starting 1 threads for group setUp Thread Group.
2023-03-11 01:23:34,302 INFO o.a.j.e.StandardJMeterEngine: Thread will continue on error
2023-03-11 01:23:34,302 INFO o.a.j.t.ThreadGroup: Starting thread group... number=1 threads=1 ramp-up=1 delayedStart=false
2023-03-11 01:23:34,302 INFO o.a.j.t.ThreadGroup: Started thread group number 1
2023-03-11 01:23:34,302 INFO o.a.j.e.StandardJMeterEngine: Waiting for all setup thread groups to exit
2023-03-11 01:23:34,302 INFO o.a.j.t.JMeterThread: Thread started: setUp Thread Group 1-1
2023-03-11 01:23:34,314 ERROR o.a.j.p.j.s.JSR223Sampler: Problem in JSR223 script Create Execution folders for each run, message: javax.script.ScriptException: org.codehaus.groovy.control.MultipleCompilationErrorsException: startup failed:
Script13.groovy: 10: Unexpected input: 'basePath+CoreFolder+runNo++' @ line 10, column 42.
   pathBuilderCoreOutputFolder = basePath+C
                                 ^

1 error

javax.script.ScriptException: org.codehaus.groovy.control.MultipleCompilationErrorsException: startup failed:
Script13.groovy: 10: Unexpected input: 'basePath+CoreFolder+runNo++' @ line 10, column 42.
   pathBuilderCoreOutputFolder = basePath+C
                                 ^

1 error

	at org.codehaus.groovy.jsr223.GroovyScriptEngineImpl.compile(GroovyScriptEngineImpl.java:183) ~[groovy-jsr223-3.0.11.jar:3.0.11]
	at org.apache.jmeter.util.JSR223TestElement.processFileOrScript(JSR223TestElement.java:211) ~[ApacheJMeter_core.jar:5.5]
	at org.apache.jmeter.protocol.java.sampler.JSR223Sampler.sample(JSR223Sampler.java:72) ~[ApacheJMeter_java.jar:5.5]
	at org.apache.jmeter.threads.JMeterThread.doSampling(JMeterThread.java:651) ~[ApacheJMeter_core.jar:5.5]
	at org.apache.jmeter.threads.JMeterThread.executeSamplePackage(JMeterThread.java:570) ~[ApacheJMeter_core.jar:5.5]
	at org.apache.jmeter.threads.JMeterThread.processSampler(JMeterThread.java:501) ~[ApacheJMeter_core.jar:5.5]
	at org.apache.jmeter.threads.JMeterThread.run(JMeterThread.java:268) ~[ApacheJMeter_core.jar:5.5]
	at java.lang.Thread.run(Thread.java:1589) ~[?:?]
Caused by: org.codehaus.groovy.control.MultipleCompilationErrorsException: startup failed:
Script13.groovy: 10: Unexpected input: 'basePath+CoreFolder+runNo++' @ line 10, column 42.
   pathBuilderCoreOutputFolder = basePath+C
                                 ^

1 error

	at org.codehaus.groovy.control.ErrorCollector.failIfErrors(ErrorCollector.java:292) ~[groovy-3.0.11.jar:3.0.11]
	at org.codehaus.groovy.control.ErrorCollector.addFatalError(ErrorCollector.java:148) ~[groovy-3.0.11.jar:3.0.11]
	at org.apache.groovy.parser.antlr4.AstBuilder.collectSyntaxError(AstBuilder.java:4375) ~[groovy-3.0.11.jar:3.0.11]
	at org.apache.groovy.parser.antlr4.AstBuilder.createParsingFailedException(AstBuilder.java:4354) ~[groovy-3.0.11.jar:3.0.11]
	at org.apache.groovy.parser.antlr4.AstBuilder.createParsingFailedException(AstBuilder.java:4311) ~[groovy-3.0.11.jar:3.0.11]
	at org.apache.groovy.parser.antlr4.AstBuilder.visitCommandExpression(AstBuilder.java:1879) ~[groovy-3.0.11.jar:3.0.11]
	at org.apache.groovy.parser.antlr4.AstBuilder.visitCommandExprAlt(AstBuilder.java:1860) ~[groovy-3.0.11.jar:3.0.11]
	at org.apache.groovy.parser.antlr4.AstBuilder.visitCommandExprAlt(AstBuilder.java:176) ~[groovy-3.0.11.jar:3.0.11]
	at org.apache.groovy.parser.antlr4.GroovyParser$CommandExprAltContext.accept(GroovyParser.java:8053) ~[groovy-3.0.11.jar:3.0.11]
	at groovyjarjarantlr4.v4.runtime.tree.AbstractParseTreeVisitor.visit(AbstractParseTreeVisitor.java:20) ~[groovy-3.0.11.jar:3.0.11]
	at org.apache.groovy.parser.antlr4.AstBuilder.visit(AstBuilder.java:4020) ~[groovy-3.0.11.jar:3.0.11]
	at org.apache.groovy.parser.antlr4.AstBuilder.visitEnhancedStatementExpression(AstBuilder.java:2047) ~[groovy-3.0.11.jar:3.0.11]
	at org.apache.groovy.parser.antlr4.AstBuilder.visitVariableInitializer(AstBuilder.java:1818) ~[groovy-3.0.11.jar:3.0.11]
	at org.apache.groovy.parser.antlr4.AstBuilder.visitVariableDeclarator(AstBuilder.java:1807) ~[groovy-3.0.11.jar:3.0.11]
	at org.apache.groovy.parser.antlr4.AstBuilder.lambda$visitVariableDeclarators$17(AstBuilder.java:1781) ~[groovy-3.0.11.jar:3.0.11]
	at java.util.stream.ReferencePipeline$3$1.accept(ReferencePipeline.java:197) ~[?:?]
	at java.util.ArrayList$ArrayListSpliterator.forEachRemaining(ArrayList.java:1625) ~[?:?]
	at java.util.stream.AbstractPipeline.copyInto(AbstractPipeline.java:509) ~[?:?]
	at java.util.stream.AbstractPipeline.wrapAndCopyInto(AbstractPipeline.java:499) ~[?:?]
	at java.util.stream.ReduceOps$ReduceOp.evaluateSequential(ReduceOps.java:921) ~[?:?]
	at java.util.stream.AbstractPipeline.evaluate(AbstractPipeline.java:234) ~[?:?]
	at java.util.stream.ReferencePipeline.collect(ReferencePipeline.java:682) ~[?:?]
	at org.apache.groovy.parser.antlr4.AstBuilder.visitVariableDeclarators(AstBuilder.java:1783) ~[groovy-3.0.11.jar:3.0.11]
	at org.apache.groovy.parser.antlr4.AstBuilder.visitVariableDeclaration(AstBuilder.java:1618) ~[groovy-3.0.11.jar:3.0.11]
	at org.apache.groovy.parser.antlr4.AstBuilder.visitLocalVariableDeclaration(AstBuilder.java:1573) ~[groovy-3.0.11.jar:3.0.11]
	at org.apache.groovy.parser.antlr4.AstBuilder.visitLocalVariableDeclaration(AstBuilder.java:176) ~[groovy-3.0.11.jar:3.0.11]
	at org.apache.groovy.parser.antlr4.GroovyParser$LocalVariableDeclarationContext.accept(GroovyParser.java:5581) ~[groovy-3.0.11.jar:3.0.11]
	at groovyjarjarantlr4.v4.runtime.tree.AbstractParseTreeVisitor.visitChildren(AbstractParseTreeVisitor.java:48) ~[groovy-3.0.11.jar:3.0.11]
	at org.apache.groovy.parser.antlr4.GroovyParserBaseVisitor.visitLocalVariableDeclarationStmtAlt(GroovyParserBaseVisitor.java:394) ~[groovy-3.0.11.jar:3.0.11]
	at org.apache.groovy.parser.antlr4.GroovyParser$LocalVariableDeclarationStmtAltContext.accept(GroovyParser.java:6745) ~[groovy-3.0.11.jar:3.0.11]
	at groovyjarjarantlr4.v4.runtime.tree.AbstractParseTreeVisitor.visitChildren(AbstractParseTreeVisitor.java:48) ~[groovy-3.0.11.jar:3.0.11]
	at org.apache.groovy.parser.antlr4.GroovyParserBaseVisitor.visitScriptStatement(GroovyParserBaseVisitor.java:466) ~[groovy-3.0.11.jar:3.0.11]
	at org.apache.groovy.parser.antlr4.GroovyParser$ScriptStatementContext.accept(GroovyParser.java:471) ~[groovy-3.0.11.jar:3.0.11]
	at groovyjarjarantlr4.v4.runtime.tree.AbstractParseTreeVisitor.visit(AbstractParseTreeVisitor.java:20) ~[groovy-3.0.11.jar:3.0.11]
	at org.apache.groovy.parser.antlr4.AstBuilder.visit(AstBuilder.java:4020) ~[groovy-3.0.11.jar:3.0.11]
	at org.apache.groovy.parser.antlr4.AstBuilder.lambda$visitScriptStatements$0(AstBuilder.java:321) ~[groovy-3.0.11.jar:3.0.11]
	at java.util.stream.ReferencePipeline$3$1.accept(ReferencePipeline.java:197) ~[?:?]
	at java.util.ArrayList$ArrayListSpliterator.forEachRemaining(ArrayList.java:1625) ~[?:?]
	at java.util.stream.AbstractPipeline.copyInto(AbstractPipeline.java:509) ~[?:?]
	at java.util.stream.AbstractPipeline.wrapAndCopyInto(AbstractPipeline.java:499) ~[?:?]
	at java.util.stream.ReduceOps$ReduceOp.evaluateSequential(ReduceOps.java:921) ~[?:?]
	at java.util.stream.AbstractPipeline.evaluate(AbstractPipeline.java:234) ~[?:?]
	at java.util.stream.ReferencePipeline.collect(ReferencePipeline.java:682) ~[?:?]
	at org.apache.groovy.parser.antlr4.AstBuilder.visitScriptStatements(AstBuilder.java:322) ~[groovy-3.0.11.jar:3.0.11]
	at org.apache.groovy.parser.antlr4.AstBuilder.visitCompilationUnit(AstBuilder.java:279) ~[groovy-3.0.11.jar:3.0.11]
	at org.apache.groovy.parser.antlr4.AstBuilder.visitCompilationUnit(AstBuilder.java:176) ~[groovy-3.0.11.jar:3.0.11]
	at org.apache.groovy.parser.antlr4.GroovyParser$CompilationUnitContext.accept(GroovyParser.java:317) ~[groovy-3.0.11.jar:3.0.11]
	at groovyjarjarantlr4.v4.runtime.tree.AbstractParseTreeVisitor.visit(AbstractParseTreeVisitor.java:20) ~[groovy-3.0.11.jar:3.0.11]
	at org.apache.groovy.parser.antlr4.AstBuilder.visit(AstBuilder.java:4020) ~[groovy-3.0.11.jar:3.0.11]
	at org.apache.groovy.parser.antlr4.AstBuilder.buildAST(AstBuilder.java:269) ~[groovy-3.0.11.jar:3.0.11]
	at org.apache.groovy.parser.antlr4.Antlr4ParserPlugin.buildAST(Antlr4ParserPlugin.java:58) ~[groovy-3.0.11.jar:3.0.11]
	at org.codehaus.groovy.control.SourceUnit.buildAST(SourceUnit.java:256) ~[groovy-3.0.11.jar:3.0.11]
	at java.util.Iterator.forEachRemaining(Iterator.java:133) ~[?:?]
	at java.util.Spliterators$IteratorSpliterator.forEachRemaining(Spliterators.java:1921) ~[?:?]
	at java.util.stream.ReferencePipeline$Head.forEach(ReferencePipeline.java:762) ~[?:?]
	at org.codehaus.groovy.control.CompilationUnit.buildASTs(CompilationUnit.java:666) ~[groovy-3.0.11.jar:3.0.11]
	at org.codehaus.groovy.control.CompilationUnit.compile(CompilationUnit.java:632) ~[groovy-3.0.11.jar:3.0.11]
	at groovy.lang.GroovyClassLoader.doParseClass(GroovyClassLoader.java:389) ~[groovy-3.0.11.jar:3.0.11]
	at groovy.lang.GroovyClassLoader.lambda$parseClass$3(GroovyClassLoader.java:332) ~[groovy-3.0.11.jar:3.0.11]
	at org.codehaus.groovy.runtime.memoize.StampedCommonCache.compute(StampedCommonCache.java:163) ~[groovy-3.0.11.jar:3.0.11]
	at org.codehaus.groovy.runtime.memoize.StampedCommonCache.getAndPut(StampedCommonCache.java:154) ~[groovy-3.0.11.jar:3.0.11]
	at groovy.lang.GroovyClassLoader.parseClass(GroovyClassLoader.java:330) ~[groovy-3.0.11.jar:3.0.11]
	at groovy.lang.GroovyClassLoader.parseClass(GroovyClassLoader.java:314) ~[groovy-3.0.11.jar:3.0.11]
	at groovy.lang.GroovyClassLoader.parseClass(GroovyClassLoader.java:257) ~[groovy-3.0.11.jar:3.0.11]
	at org.codehaus.groovy.jsr223.GroovyScriptEngineImpl.getScriptClass(GroovyScriptEngineImpl.java:336) ~[groovy-jsr223-3.0.11.jar:3.0.11]
	at org.codehaus.groovy.jsr223.GroovyScriptEngineImpl.compile(GroovyScriptEngineImpl.java:181) ~[groovy-jsr223-3.0.11.jar:3.0.11]
	... 7 more
2023-03-11 01:23:34,314 INFO o.a.j.t.JMeterThread: Thread is done: setUp Thread Group 1-1
2023-03-11 01:23:34,314 INFO o.a.j.t.JMeterThread: Thread finished: setUp Thread Group 1-1
2023-03-11 01:23:34,314 INFO o.a.j.e.StandardJMeterEngine: All Setup Threads have ended
2023-03-11 01:23:34,360 INFO o.a.j.e.StandardJMeterEngine: No enabled thread groups found
2023-03-11 01:23:34,360 INFO o.a.j.e.StandardJMeterEngine: Notifying test listeners of end of test
2023-03-11 01:23:34,360 INFO o.a.j.g.u.JMeterMenuBar: setRunning(false, *local*)
2023-03-11 01:24:03,208 INFO o.a.j.e.StandardJMeterEngine: Running the test!
2023-03-11 01:24:03,208 INFO o.a.j.s.SampleEvent: List of sample_variables: []
2023-03-11 01:24:03,209 INFO o.a.j.g.u.JMeterMenuBar: setRunning(true, *local*)
2023-03-11 01:24:03,209 INFO o.a.j.e.StandardJMeterEngine: Starting setUp thread groups
2023-03-11 01:24:03,209 INFO o.a.j.e.StandardJMeterEngine: Starting setUp ThreadGroup: 1 : setUp Thread Group 
2023-03-11 01:24:03,209 INFO o.a.j.e.StandardJMeterEngine: Starting 1 threads for group setUp Thread Group.
2023-03-11 01:24:03,209 INFO o.a.j.e.StandardJMeterEngine: Thread will continue on error
2023-03-11 01:24:03,209 INFO o.a.j.t.ThreadGroup: Starting thread group... number=1 threads=1 ramp-up=1 delayedStart=false
2023-03-11 01:24:03,209 INFO o.a.j.t.ThreadGroup: Started thread group number 1
2023-03-11 01:24:03,209 INFO o.a.j.e.StandardJMeterEngine: Waiting for all setup thread groups to exit
2023-03-11 01:24:03,209 INFO o.a.j.t.JMeterThread: Thread started: setUp Thread Group 1-1
2023-03-11 01:24:03,225 INFO o.a.j.t.JMeterThread: Thread is done: setUp Thread Group 1-1
2023-03-11 01:24:03,225 INFO o.a.j.t.JMeterThread: Thread finished: setUp Thread Group 1-1
2023-03-11 01:24:03,225 INFO o.a.j.e.StandardJMeterEngine: All Setup Threads have ended
2023-03-11 01:24:03,272 INFO o.a.j.e.StandardJMeterEngine: No enabled thread groups found
2023-03-11 01:24:03,272 INFO o.a.j.e.StandardJMeterEngine: Notifying test listeners of end of test
2023-03-11 01:24:03,272 INFO o.a.j.g.u.JMeterMenuBar: setRunning(false, *local*)
2023-03-11 01:28:35,662 INFO o.a.j.e.StandardJMeterEngine: Running the test!
2023-03-11 01:28:35,662 INFO o.a.j.s.SampleEvent: List of sample_variables: []
2023-03-11 01:28:35,667 INFO o.a.j.g.u.JMeterMenuBar: setRunning(true, *local*)
2023-03-11 01:28:35,669 INFO o.a.j.e.StandardJMeterEngine: Starting setUp thread groups
2023-03-11 01:28:35,669 INFO o.a.j.e.StandardJMeterEngine: Starting setUp ThreadGroup: 1 : setUp Thread Group 
2023-03-11 01:28:35,669 INFO o.a.j.e.StandardJMeterEngine: Starting 1 threads for group setUp Thread Group.
2023-03-11 01:28:35,669 INFO o.a.j.e.StandardJMeterEngine: Thread will continue on error
2023-03-11 01:28:35,669 INFO o.a.j.t.ThreadGroup: Starting thread group... number=1 threads=1 ramp-up=1 delayedStart=false
2023-03-11 01:28:35,669 INFO o.a.j.t.ThreadGroup: Started thread group number 1
2023-03-11 01:28:35,669 INFO o.a.j.e.StandardJMeterEngine: Waiting for all setup thread groups to exit
2023-03-11 01:28:35,669 INFO o.a.j.t.JMeterThread: Thread started: setUp Thread Group 1-1
2023-03-11 01:28:35,701 INFO o.a.j.t.JMeterThread: Thread is done: setUp Thread Group 1-1
2023-03-11 01:28:35,701 INFO o.a.j.t.JMeterThread: Thread finished: setUp Thread Group 1-1
2023-03-11 01:28:35,701 INFO o.a.j.e.StandardJMeterEngine: All Setup Threads have ended
2023-03-11 01:28:35,731 INFO o.a.j.e.StandardJMeterEngine: No enabled thread groups found
2023-03-11 01:28:35,731 INFO o.a.j.e.StandardJMeterEngine: Notifying test listeners of end of test
2023-03-11 01:28:35,731 INFO o.a.j.g.u.JMeterMenuBar: setRunning(false, *local*)
2023-03-11 01:30:04,085 INFO o.a.j.e.StandardJMeterEngine: Running the test!
2023-03-11 01:30:04,085 INFO o.a.j.s.SampleEvent: List of sample_variables: []
2023-03-11 01:30:04,093 INFO o.a.j.g.u.JMeterMenuBar: setRunning(true, *local*)
2023-03-11 01:30:04,094 INFO o.a.j.e.StandardJMeterEngine: Starting setUp thread groups
2023-03-11 01:30:04,094 INFO o.a.j.e.StandardJMeterEngine: Starting setUp ThreadGroup: 1 : setUp Thread Group 
2023-03-11 01:30:04,094 INFO o.a.j.e.StandardJMeterEngine: Starting 1 threads for group setUp Thread Group.
2023-03-11 01:30:04,094 INFO o.a.j.e.StandardJMeterEngine: Thread will continue on error
2023-03-11 01:30:04,094 INFO o.a.j.t.ThreadGroup: Starting thread group... number=1 threads=1 ramp-up=1 delayedStart=false
2023-03-11 01:30:04,094 INFO o.a.j.t.ThreadGroup: Started thread group number 1
2023-03-11 01:30:04,094 INFO o.a.j.e.StandardJMeterEngine: Waiting for all setup thread groups to exit
2023-03-11 01:30:04,094 INFO o.a.j.t.JMeterThread: Thread started: setUp Thread Group 1-1
2023-03-11 01:30:04,110 INFO o.a.j.t.JMeterThread: Thread is done: setUp Thread Group 1-1
2023-03-11 01:30:04,110 INFO o.a.j.t.JMeterThread: Thread finished: setUp Thread Group 1-1
2023-03-11 01:30:04,110 INFO o.a.j.e.StandardJMeterEngine: All Setup Threads have ended
2023-03-11 01:30:04,142 INFO o.a.j.e.StandardJMeterEngine: No enabled thread groups found
2023-03-11 01:30:04,142 INFO o.a.j.e.StandardJMeterEngine: Notifying test listeners of end of test
2023-03-11 01:30:04,142 INFO o.a.j.g.u.JMeterMenuBar: setRunning(false, *local*)
2023-03-11 01:30:47,581 INFO o.a.j.e.StandardJMeterEngine: Running the test!
2023-03-11 01:30:47,581 INFO o.a.j.s.SampleEvent: List of sample_variables: []
2023-03-11 01:30:47,581 INFO o.a.j.g.u.JMeterMenuBar: setRunning(true, *local*)
2023-03-11 01:30:47,581 INFO o.a.j.e.StandardJMeterEngine: Starting setUp thread groups
2023-03-11 01:30:47,581 INFO o.a.j.e.StandardJMeterEngine: Starting setUp ThreadGroup: 1 : setUp Thread Group 
2023-03-11 01:30:47,581 INFO o.a.j.e.StandardJMeterEngine: Starting 1 threads for group setUp Thread Group.
2023-03-11 01:30:47,581 INFO o.a.j.e.StandardJMeterEngine: Thread will continue on error
2023-03-11 01:30:47,581 INFO o.a.j.t.ThreadGroup: Starting thread group... number=1 threads=1 ramp-up=1 delayedStart=false
2023-03-11 01:30:47,581 INFO o.a.j.t.ThreadGroup: Started thread group number 1
2023-03-11 01:30:47,581 INFO o.a.j.e.StandardJMeterEngine: Waiting for all setup thread groups to exit
2023-03-11 01:30:47,581 INFO o.a.j.t.JMeterThread: Thread started: setUp Thread Group 1-1
2023-03-11 01:30:47,596 INFO o.a.j.t.JMeterThread: Thread is done: setUp Thread Group 1-1
2023-03-11 01:30:47,596 INFO o.a.j.t.JMeterThread: Thread finished: setUp Thread Group 1-1
2023-03-11 01:30:47,596 INFO o.a.j.e.StandardJMeterEngine: All Setup Threads have ended
2023-03-11 01:30:47,643 INFO o.a.j.e.StandardJMeterEngine: No enabled thread groups found
2023-03-11 01:30:47,643 INFO o.a.j.e.StandardJMeterEngine: Notifying test listeners of end of test
2023-03-11 01:30:47,643 INFO o.a.j.g.u.JMeterMenuBar: setRunning(false, *local*)
2023-03-11 01:31:28,273 INFO o.a.j.e.StandardJMeterEngine: Running the test!
2023-03-11 01:31:28,273 INFO o.a.j.s.SampleEvent: List of sample_variables: []
2023-03-11 01:31:28,273 INFO o.a.j.g.u.JMeterMenuBar: setRunning(true, *local*)
2023-03-11 01:31:28,281 INFO o.a.j.e.StandardJMeterEngine: Starting setUp thread groups
2023-03-11 01:31:28,281 INFO o.a.j.e.StandardJMeterEngine: Starting setUp ThreadGroup: 1 : setUp Thread Group 
2023-03-11 01:31:28,281 INFO o.a.j.e.StandardJMeterEngine: Starting 1 threads for group setUp Thread Group.
2023-03-11 01:31:28,281 INFO o.a.j.e.StandardJMeterEngine: Thread will continue on error
2023-03-11 01:31:28,281 INFO o.a.j.t.ThreadGroup: Starting thread group... number=1 threads=1 ramp-up=1 delayedStart=false
2023-03-11 01:31:28,281 INFO o.a.j.t.ThreadGroup: Started thread group number 1
2023-03-11 01:31:28,281 INFO o.a.j.e.StandardJMeterEngine: Waiting for all setup thread groups to exit
2023-03-11 01:31:28,281 INFO o.a.j.t.JMeterThread: Thread started: setUp Thread Group 1-1
2023-03-11 01:31:28,296 INFO o.a.j.t.JMeterThread: Thread is done: setUp Thread Group 1-1
2023-03-11 01:31:28,296 INFO o.a.j.t.JMeterThread: Thread finished: setUp Thread Group 1-1
2023-03-11 01:31:28,296 INFO o.a.j.e.StandardJMeterEngine: All Setup Threads have ended
2023-03-11 01:31:28,328 INFO o.a.j.e.StandardJMeterEngine: No enabled thread groups found
2023-03-11 01:31:28,328 INFO o.a.j.e.StandardJMeterEngine: Notifying test listeners of end of test
2023-03-11 01:31:28,328 INFO o.a.j.g.u.JMeterMenuBar: setRunning(false, *local*)
2023-03-11 01:32:15,404 INFO o.a.j.e.StandardJMeterEngine: Running the test!
2023-03-11 01:32:15,404 INFO o.a.j.s.SampleEvent: List of sample_variables: []
2023-03-11 01:32:15,410 INFO o.a.j.g.u.JMeterMenuBar: setRunning(true, *local*)
2023-03-11 01:32:15,410 INFO o.a.j.e.StandardJMeterEngine: Starting setUp thread groups
2023-03-11 01:32:15,410 INFO o.a.j.e.StandardJMeterEngine: Starting setUp ThreadGroup: 1 : setUp Thread Group 
2023-03-11 01:32:15,410 INFO o.a.j.e.StandardJMeterEngine: Starting 1 threads for group setUp Thread Group.
2023-03-11 01:32:15,410 INFO o.a.j.e.StandardJMeterEngine: Thread will continue on error
2023-03-11 01:32:15,410 INFO o.a.j.t.ThreadGroup: Starting thread group... number=1 threads=1 ramp-up=1 delayedStart=false
2023-03-11 01:32:15,410 INFO o.a.j.t.ThreadGroup: Started thread group number 1
2023-03-11 01:32:15,410 INFO o.a.j.e.StandardJMeterEngine: Waiting for all setup thread groups to exit
2023-03-11 01:32:15,410 INFO o.a.j.t.JMeterThread: Thread started: setUp Thread Group 1-1
2023-03-11 01:32:15,414 INFO o.a.j.t.JMeterThread: Thread is done: setUp Thread Group 1-1
2023-03-11 01:32:15,414 INFO o.a.j.t.JMeterThread: Thread finished: setUp Thread Group 1-1
2023-03-11 01:32:15,414 INFO o.a.j.e.StandardJMeterEngine: All Setup Threads have ended
2023-03-11 01:32:15,446 INFO o.a.j.e.StandardJMeterEngine: No enabled thread groups found
2023-03-11 01:32:15,446 INFO o.a.j.e.StandardJMeterEngine: Notifying test listeners of end of test
2023-03-11 01:32:15,446 INFO o.a.j.g.u.JMeterMenuBar: setRunning(false, *local*)
2023-03-11 01:32:46,198 INFO o.a.j.e.StandardJMeterEngine: Running the test!
2023-03-11 01:32:46,198 INFO o.a.j.s.SampleEvent: List of sample_variables: []
2023-03-11 01:32:46,198 INFO o.a.j.g.u.JMeterMenuBar: setRunning(true, *local*)
2023-03-11 01:32:46,198 INFO o.a.j.e.StandardJMeterEngine: Starting setUp thread groups
2023-03-11 01:32:46,198 INFO o.a.j.e.StandardJMeterEngine: Starting setUp ThreadGroup: 1 : setUp Thread Group 
2023-03-11 01:32:46,198 INFO o.a.j.e.StandardJMeterEngine: Starting 1 threads for group setUp Thread Group.
2023-03-11 01:32:46,198 INFO o.a.j.e.StandardJMeterEngine: Thread will continue on error
2023-03-11 01:32:46,198 INFO o.a.j.t.ThreadGroup: Starting thread group... number=1 threads=1 ramp-up=1 delayedStart=false
2023-03-11 01:32:46,198 INFO o.a.j.t.ThreadGroup: Started thread group number 1
2023-03-11 01:32:46,198 INFO o.a.j.e.StandardJMeterEngine: Waiting for all setup thread groups to exit
2023-03-11 01:32:46,198 INFO o.a.j.t.JMeterThread: Thread started: setUp Thread Group 1-1
2023-03-11 01:32:46,214 INFO o.a.j.t.JMeterThread: Thread is done: setUp Thread Group 1-1
2023-03-11 01:32:46,214 INFO o.a.j.t.JMeterThread: Thread finished: setUp Thread Group 1-1
2023-03-11 01:32:46,214 INFO o.a.j.e.StandardJMeterEngine: All Setup Threads have ended
2023-03-11 01:32:46,246 INFO o.a.j.e.StandardJMeterEngine: No enabled thread groups found
2023-03-11 01:32:46,246 INFO o.a.j.e.StandardJMeterEngine: Notifying test listeners of end of test
2023-03-11 01:32:46,246 INFO o.a.j.g.u.JMeterMenuBar: setRunning(false, *local*)
2023-03-11 01:33:48,037 INFO o.a.j.e.StandardJMeterEngine: Running the test!
2023-03-11 01:33:48,037 INFO o.a.j.s.SampleEvent: List of sample_variables: []
2023-03-11 01:33:48,037 INFO o.a.j.g.u.JMeterMenuBar: setRunning(true, *local*)
2023-03-11 01:33:48,037 INFO o.a.j.e.StandardJMeterEngine: Starting setUp thread groups
2023-03-11 01:33:48,037 INFO o.a.j.e.StandardJMeterEngine: Starting setUp ThreadGroup: 1 : setUp Thread Group 
2023-03-11 01:33:48,037 INFO o.a.j.e.StandardJMeterEngine: Starting 1 threads for group setUp Thread Group.
2023-03-11 01:33:48,037 INFO o.a.j.e.StandardJMeterEngine: Thread will continue on error
2023-03-11 01:33:48,037 INFO o.a.j.t.ThreadGroup: Starting thread group... number=1 threads=1 ramp-up=1 delayedStart=false
2023-03-11 01:33:48,037 INFO o.a.j.t.ThreadGroup: Started thread group number 1
2023-03-11 01:33:48,037 INFO o.a.j.e.StandardJMeterEngine: Waiting for all setup thread groups to exit
2023-03-11 01:33:48,037 INFO o.a.j.t.JMeterThread: Thread started: setUp Thread Group 1-1
2023-03-11 01:33:48,056 INFO o.a.j.t.JMeterThread: Thread is done: setUp Thread Group 1-1
2023-03-11 01:33:48,056 INFO o.a.j.t.JMeterThread: Thread finished: setUp Thread Group 1-1
2023-03-11 01:33:48,056 INFO o.a.j.e.StandardJMeterEngine: All Setup Threads have ended
2023-03-11 01:33:48,085 INFO o.a.j.e.StandardJMeterEngine: No enabled thread groups found
2023-03-11 01:33:48,085 INFO o.a.j.e.StandardJMeterEngine: Notifying test listeners of end of test
2023-03-11 01:33:48,085 INFO o.a.j.g.u.JMeterMenuBar: setRunning(false, *local*)
2023-03-11 01:44:57,291 INFO o.a.j.e.StandardJMeterEngine: Running the test!
2023-03-11 01:44:57,291 INFO o.a.j.s.SampleEvent: List of sample_variables: []
2023-03-11 01:44:57,294 INFO o.a.j.g.u.JMeterMenuBar: setRunning(true, *local*)
2023-03-11 01:44:57,302 INFO o.a.j.e.StandardJMeterEngine: Starting setUp thread groups
2023-03-11 01:44:57,302 INFO o.a.j.e.StandardJMeterEngine: Starting setUp ThreadGroup: 1 : setUp the Run Output folders 
2023-03-11 01:44:57,302 INFO o.a.j.e.StandardJMeterEngine: Starting 1 threads for group setUp the Run Output folders.
2023-03-11 01:44:57,302 INFO o.a.j.e.StandardJMeterEngine: Thread will continue on error
2023-03-11 01:44:57,302 INFO o.a.j.t.ThreadGroup: Starting thread group... number=1 threads=1 ramp-up=1 delayedStart=false
2023-03-11 01:44:57,302 INFO o.a.j.t.ThreadGroup: Started thread group number 1
2023-03-11 01:44:57,302 INFO o.a.j.e.StandardJMeterEngine: Waiting for all setup thread groups to exit
2023-03-11 01:44:57,303 INFO o.a.j.t.JMeterThread: Thread started: setUp the Run Output folders 1-1
2023-03-11 01:44:57,321 INFO o.a.j.t.JMeterThread: Thread is done: setUp the Run Output folders 1-1
2023-03-11 01:44:57,321 INFO o.a.j.t.JMeterThread: Thread finished: setUp the Run Output folders 1-1
2023-03-11 01:44:57,321 INFO o.a.j.e.StandardJMeterEngine: All Setup Threads have ended
2023-03-11 01:44:57,366 INFO o.a.j.e.StandardJMeterEngine: Starting ThreadGroup: 1 : +++ Create OnBoarding Customer +++ 
2023-03-11 01:44:57,366 INFO o.a.j.e.StandardJMeterEngine: Starting 1 threads for group +++ Create OnBoarding Customer +++ .
2023-03-11 01:44:57,366 INFO o.a.j.e.StandardJMeterEngine: Thread will continue on error
2023-03-11 01:44:57,366 INFO k.a.j.t.AbstractSimpleThreadGroup: Starting thread group number 1 threads 1
2023-03-11 01:44:57,366 INFO k.a.j.t.AbstractSimpleThreadGroup: Started thread group number 1
2023-03-11 01:44:57,366 INFO o.a.j.e.StandardJMeterEngine: All thread groups have been started
2023-03-11 01:45:54,459 INFO o.a.j.g.a.Start: Stopping test
2023-03-11 01:45:54,475 INFO o.a.j.t.JMeterThread: Stopping: +++ Create OnBoarding Customer +++  1-1
2023-03-11 01:45:54,475 INFO o.a.j.t.JMeterThread: Thread started: +++ Create OnBoarding Customer +++  1-1
2023-03-11 01:45:54,475 INFO o.a.j.t.JMeterThread: Thread finished: +++ Create OnBoarding Customer +++  1-1
2023-03-11 01:45:54,475 INFO o.a.j.e.StandardJMeterEngine: Notifying test listeners of end of test
2023-03-11 01:45:54,475 INFO o.a.j.g.u.JMeterMenuBar: setRunning(false, *local*)
2023-03-11 01:46:23,803 INFO o.a.j.e.StandardJMeterEngine: Running the test!
2023-03-11 01:46:23,803 INFO o.a.j.s.SampleEvent: List of sample_variables: []
2023-03-11 01:46:23,803 INFO o.a.j.g.u.JMeterMenuBar: setRunning(true, *local*)
2023-03-11 01:46:23,809 INFO o.a.j.e.StandardJMeterEngine: Starting setUp thread groups
2023-03-11 01:46:23,809 INFO o.a.j.e.StandardJMeterEngine: Starting setUp ThreadGroup: 1 : setUp the Run Output folders 
2023-03-11 01:46:23,809 INFO o.a.j.e.StandardJMeterEngine: Starting 1 threads for group setUp the Run Output folders.
2023-03-11 01:46:23,809 INFO o.a.j.e.StandardJMeterEngine: Thread will continue on error
2023-03-11 01:46:23,809 INFO o.a.j.t.ThreadGroup: Starting thread group... number=1 threads=1 ramp-up=1 delayedStart=false
2023-03-11 01:46:23,809 INFO o.a.j.t.ThreadGroup: Started thread group number 1
2023-03-11 01:46:23,809 INFO o.a.j.e.StandardJMeterEngine: Waiting for all setup thread groups to exit
2023-03-11 01:46:23,809 INFO o.a.j.t.JMeterThread: Thread started: setUp the Run Output folders 1-1
2023-03-11 01:46:23,825 INFO o.a.j.t.JMeterThread: Thread is done: setUp the Run Output folders 1-1
2023-03-11 01:46:23,825 INFO o.a.j.t.JMeterThread: Thread finished: setUp the Run Output folders 1-1
2023-03-11 01:46:23,825 INFO o.a.j.e.StandardJMeterEngine: All Setup Threads have ended
2023-03-11 01:46:23,857 INFO o.a.j.e.StandardJMeterEngine: Starting ThreadGroup: 1 : +++ Create OnBoarding Customer +++ 
2023-03-11 01:46:23,857 INFO o.a.j.e.StandardJMeterEngine: Starting 1 threads for group +++ Create OnBoarding Customer +++ .
2023-03-11 01:46:23,857 INFO o.a.j.e.StandardJMeterEngine: Thread will continue on error
2023-03-11 01:46:23,857 INFO k.a.j.t.AbstractSimpleThreadGroup: Starting thread group number 1 threads 1
2023-03-11 01:46:23,857 INFO k.a.j.t.AbstractSimpleThreadGroup: Started thread group number 1
2023-03-11 01:46:23,857 INFO o.a.j.e.StandardJMeterEngine: All thread groups have been started
2023-03-11 01:46:24,865 INFO o.a.j.t.JMeterThread: Thread started: +++ Create OnBoarding Customer +++  1-1
2023-03-11 01:46:24,867 INFO o.a.j.p.h.s.HTTPHCAbstractImpl: Local host = DESKTOP-L2NV390
2023-03-11 01:46:24,867 INFO o.a.j.p.h.s.HTTPHC4Impl: HTTP request retry count = 0
2023-03-11 01:46:24,896 INFO o.a.j.p.h.s.h.LazyLayeredConnectionSocketFactory: Setting up HTTPS TrustAll Socket Factory
2023-03-11 01:46:24,896 INFO o.a.j.u.JsseSSLManager: Using default SSL protocol: TLS
2023-03-11 01:46:24,896 INFO o.a.j.u.JsseSSLManager: SSL session context: per-thread
2023-03-11 01:46:25,278 INFO o.a.j.u.SSLManager: JmeterKeyStore Location:  type JKS
2023-03-11 01:46:25,278 INFO o.a.j.u.SSLManager: KeyStore created OK
2023-03-11 01:46:25,278 WARN o.a.j.u.SSLManager: Keystore file not found, loading empty keystore
2023-03-11 01:46:33,647 ERROR o.a.j.a.JSR223Assertion: Problem in JSR223 script: If Customer Created_WriteOutputFile
javax.script.ScriptException: java.io.FileNotFoundException: null\Core_Output_CreatedCustomer.csv (The system cannot find the path specified)
	at org.codehaus.groovy.jsr223.GroovyScriptEngineImpl.eval(GroovyScriptEngineImpl.java:320) ~[groovy-jsr223-3.0.11.jar:3.0.11]
	at org.codehaus.groovy.jsr223.GroovyCompiledScript.eval(GroovyCompiledScript.java:71) ~[groovy-jsr223-3.0.11.jar:3.0.11]
	at javax.script.CompiledScript.eval(CompiledScript.java:93) ~[java.scripting:?]
	at org.apache.jmeter.util.JSR223TestElement.processFileOrScript(JSR223TestElement.java:217) ~[ApacheJMeter_core.jar:5.5]
	at org.apache.jmeter.assertions.JSR223Assertion.getResult(JSR223Assertion.java:50) ~[ApacheJMeter_components.jar:5.5]
	at org.apache.jmeter.threads.JMeterThread.processAssertion(JMeterThread.java:944) ~[ApacheJMeter_core.jar:5.5]
	at org.apache.jmeter.threads.JMeterThread.checkAssertions(JMeterThread.java:913) ~[ApacheJMeter_core.jar:5.5]
	at org.apache.jmeter.threads.JMeterThread.executeSamplePackage(JMeterThread.java:586) ~[ApacheJMeter_core.jar:5.5]
	at org.apache.jmeter.threads.JMeterThread.processSampler(JMeterThread.java:501) ~[ApacheJMeter_core.jar:5.5]
	at org.apache.jmeter.threads.JMeterThread.run(JMeterThread.java:268) ~[ApacheJMeter_core.jar:5.5]
	at java.lang.Thread.run(Thread.java:1589) ~[?:?]
Caused by: java.io.FileNotFoundException: null\Core_Output_CreatedCustomer.csv (The system cannot find the path specified)
	at java.io.FileOutputStream.open0(Native Method) ~[?:?]
	at java.io.FileOutputStream.open(FileOutputStream.java:295) ~[?:?]
	at java.io.FileOutputStream.<init>(FileOutputStream.java:236) ~[?:?]
	at java.io.FileOutputStream.<init>(FileOutputStream.java:156) ~[?:?]
	at java.io.FileWriter.<init>(FileWriter.java:84) ~[?:?]
	at jdk.internal.reflect.DirectConstructorHandleAccessor.newInstance(DirectConstructorHandleAccessor.java:67) ~[?:?]
	at java.lang.reflect.Constructor.newInstanceWithCaller(Constructor.java:500) ~[?:?]
	at java.lang.reflect.Constructor.newInstance(Constructor.java:484) ~[?:?]
	at org.codehaus.groovy.reflection.CachedConstructor.invoke(CachedConstructor.java:72) ~[groovy-3.0.11.jar:3.0.11]
	at org.codehaus.groovy.runtime.callsite.ConstructorSite$ConstructorSiteNoUnwrapNoCoerce.callConstructor(ConstructorSite.java:105) ~[groovy-3.0.11.jar:3.0.11]
	at org.codehaus.groovy.runtime.callsite.CallSiteArray.defaultCallConstructor(CallSiteArray.java:59) ~[groovy-3.0.11.jar:3.0.11]
	at org.codehaus.groovy.runtime.callsite.AbstractCallSite.callConstructor(AbstractCallSite.java:263) ~[groovy-3.0.11.jar:3.0.11]
	at org.codehaus.groovy.runtime.callsite.AbstractCallSite.callConstructor(AbstractCallSite.java:286) ~[groovy-3.0.11.jar:3.0.11]
	at Script24.run(Script24.groovy:40) ~[?:?]
	at org.codehaus.groovy.jsr223.GroovyScriptEngineImpl.eval(GroovyScriptEngineImpl.java:317) ~[groovy-jsr223-3.0.11.jar:3.0.11]
	... 10 more
2023-03-11 01:46:33,647 INFO o.a.j.t.JMeterThread: Stopping because end time detected by thread: +++ Create OnBoarding Customer +++  1-1
2023-03-11 01:46:33,647 INFO o.a.j.t.JMeterThread: Thread finished: +++ Create OnBoarding Customer +++  1-1
2023-03-11 01:46:33,647 INFO o.a.j.e.StandardJMeterEngine: Notifying test listeners of end of test
2023-03-11 01:46:33,647 INFO o.a.j.g.u.JMeterMenuBar: setRunning(false, *local*)
2023-03-11 01:51:30,803 INFO o.a.j.e.StandardJMeterEngine: Running the test!
2023-03-11 01:51:30,803 INFO o.a.j.s.SampleEvent: List of sample_variables: []
2023-03-11 01:51:30,803 INFO o.a.j.g.u.JMeterMenuBar: setRunning(true, *local*)
2023-03-11 01:51:30,803 INFO o.a.j.e.StandardJMeterEngine: Starting setUp thread groups
2023-03-11 01:51:30,803 INFO o.a.j.e.StandardJMeterEngine: Starting setUp ThreadGroup: 1 : setUp the Run Output folders 
2023-03-11 01:51:30,803 INFO o.a.j.e.StandardJMeterEngine: Starting 1 threads for group setUp the Run Output folders.
2023-03-11 01:51:30,803 INFO o.a.j.e.StandardJMeterEngine: Thread will continue on error
2023-03-11 01:51:30,803 INFO o.a.j.t.ThreadGroup: Starting thread group... number=1 threads=1 ramp-up=1 delayedStart=false
2023-03-11 01:51:30,803 INFO o.a.j.t.ThreadGroup: Started thread group number 1
2023-03-11 01:51:30,803 INFO o.a.j.e.StandardJMeterEngine: Waiting for all setup thread groups to exit
2023-03-11 01:51:30,803 INFO o.a.j.t.JMeterThread: Thread started: setUp the Run Output folders 1-1
2023-03-11 01:51:30,819 INFO o.a.j.t.JMeterThread: Thread is done: setUp the Run Output folders 1-1
2023-03-11 01:51:30,819 INFO o.a.j.t.JMeterThread: Thread finished: setUp the Run Output folders 1-1
2023-03-11 01:51:30,819 INFO o.a.j.e.StandardJMeterEngine: All Setup Threads have ended
2023-03-11 01:51:30,851 INFO o.a.j.e.StandardJMeterEngine: Starting ThreadGroup: 1 : +++ Create OnBoarding Customer +++ 
2023-03-11 01:51:30,867 INFO o.a.j.e.StandardJMeterEngine: Starting 1 threads for group +++ Create OnBoarding Customer +++ .
2023-03-11 01:51:30,867 INFO o.a.j.e.StandardJMeterEngine: Thread will continue on error
2023-03-11 01:51:30,867 INFO k.a.j.t.AbstractSimpleThreadGroup: Starting thread group number 1 threads 1
2023-03-11 01:51:30,867 INFO k.a.j.t.AbstractSimpleThreadGroup: Started thread group number 1
2023-03-11 01:51:30,867 INFO o.a.j.e.StandardJMeterEngine: All thread groups have been started
2023-03-11 01:51:31,882 INFO o.a.j.t.JMeterThread: Thread started: +++ Create OnBoarding Customer +++  1-1
2023-03-11 01:51:33,987 ERROR o.a.j.a.JSR223Assertion: Problem in JSR223 script: If Customer Created_WriteOutputFile
javax.script.ScriptException: java.io.FileNotFoundException: null\Core_Output_CreatedCustomer.csv (The system cannot find the path specified)
	at org.codehaus.groovy.jsr223.GroovyScriptEngineImpl.eval(GroovyScriptEngineImpl.java:320) ~[groovy-jsr223-3.0.11.jar:3.0.11]
	at org.codehaus.groovy.jsr223.GroovyCompiledScript.eval(GroovyCompiledScript.java:71) ~[groovy-jsr223-3.0.11.jar:3.0.11]
	at javax.script.CompiledScript.eval(CompiledScript.java:93) ~[java.scripting:?]
	at org.apache.jmeter.util.JSR223TestElement.processFileOrScript(JSR223TestElement.java:217) ~[ApacheJMeter_core.jar:5.5]
	at org.apache.jmeter.assertions.JSR223Assertion.getResult(JSR223Assertion.java:50) ~[ApacheJMeter_components.jar:5.5]
	at org.apache.jmeter.threads.JMeterThread.processAssertion(JMeterThread.java:944) ~[ApacheJMeter_core.jar:5.5]
	at org.apache.jmeter.threads.JMeterThread.checkAssertions(JMeterThread.java:913) ~[ApacheJMeter_core.jar:5.5]
	at org.apache.jmeter.threads.JMeterThread.executeSamplePackage(JMeterThread.java:586) ~[ApacheJMeter_core.jar:5.5]
	at org.apache.jmeter.threads.JMeterThread.processSampler(JMeterThread.java:501) ~[ApacheJMeter_core.jar:5.5]
	at org.apache.jmeter.threads.JMeterThread.run(JMeterThread.java:268) ~[ApacheJMeter_core.jar:5.5]
	at java.lang.Thread.run(Thread.java:1589) ~[?:?]
Caused by: java.io.FileNotFoundException: null\Core_Output_CreatedCustomer.csv (The system cannot find the path specified)
	at java.io.FileOutputStream.open0(Native Method) ~[?:?]
	at java.io.FileOutputStream.open(FileOutputStream.java:295) ~[?:?]
	at java.io.FileOutputStream.<init>(FileOutputStream.java:236) ~[?:?]
	at java.io.FileOutputStream.<init>(FileOutputStream.java:156) ~[?:?]
	at java.io.FileWriter.<init>(FileWriter.java:84) ~[?:?]
	at jdk.internal.reflect.DirectConstructorHandleAccessor.newInstance(DirectConstructorHandleAccessor.java:67) ~[?:?]
	at java.lang.reflect.Constructor.newInstanceWithCaller(Constructor.java:500) ~[?:?]
	at java.lang.reflect.Constructor.newInstance(Constructor.java:484) ~[?:?]
	at org.codehaus.groovy.reflection.CachedConstructor.invoke(CachedConstructor.java:72) ~[groovy-3.0.11.jar:3.0.11]
	at org.codehaus.groovy.runtime.callsite.ConstructorSite$ConstructorSiteNoUnwrapNoCoerce.callConstructor(ConstructorSite.java:105) ~[groovy-3.0.11.jar:3.0.11]
	at org.codehaus.groovy.runtime.callsite.CallSiteArray.defaultCallConstructor(CallSiteArray.java:59) ~[groovy-3.0.11.jar:3.0.11]
	at org.codehaus.groovy.runtime.callsite.AbstractCallSite.callConstructor(AbstractCallSite.java:263) ~[groovy-3.0.11.jar:3.0.11]
	at org.codehaus.groovy.runtime.callsite.AbstractCallSite.callConstructor(AbstractCallSite.java:286) ~[groovy-3.0.11.jar:3.0.11]
	at Script26.run(Script26.groovy:40) ~[?:?]
	at org.codehaus.groovy.jsr223.GroovyScriptEngineImpl.eval(GroovyScriptEngineImpl.java:317) ~[groovy-jsr223-3.0.11.jar:3.0.11]
	... 10 more
2023-03-11 01:51:33,987 INFO o.a.j.t.JMeterThread: Stopping because end time detected by thread: +++ Create OnBoarding Customer +++  1-1
2023-03-11 01:51:33,987 INFO o.a.j.t.JMeterThread: Thread finished: +++ Create OnBoarding Customer +++  1-1
2023-03-11 01:51:33,987 INFO o.a.j.e.StandardJMeterEngine: Notifying test listeners of end of test
2023-03-11 01:51:33,987 INFO o.a.j.g.u.JMeterMenuBar: setRunning(false, *local*)
2023-03-11 01:52:27,394 INFO o.a.j.e.StandardJMeterEngine: Running the test!
2023-03-11 01:52:27,394 INFO o.a.j.s.SampleEvent: List of sample_variables: []
2023-03-11 01:52:27,394 INFO o.a.j.g.u.JMeterMenuBar: setRunning(true, *local*)
2023-03-11 01:52:27,397 INFO o.a.j.e.StandardJMeterEngine: Starting setUp thread groups
2023-03-11 01:52:27,397 INFO o.a.j.e.StandardJMeterEngine: Starting setUp ThreadGroup: 1 : setUp the Run Output folders 
2023-03-11 01:52:27,397 INFO o.a.j.e.StandardJMeterEngine: Starting 1 threads for group setUp the Run Output folders.
2023-03-11 01:52:27,397 INFO o.a.j.e.StandardJMeterEngine: Thread will continue on error
2023-03-11 01:52:27,397 INFO o.a.j.t.ThreadGroup: Starting thread group... number=1 threads=1 ramp-up=1 delayedStart=false
2023-03-11 01:52:27,397 INFO o.a.j.t.ThreadGroup: Started thread group number 1
2023-03-11 01:52:27,397 INFO o.a.j.e.StandardJMeterEngine: Waiting for all setup thread groups to exit
2023-03-11 01:52:27,397 INFO o.a.j.t.JMeterThread: Thread started: setUp the Run Output folders 1-1
2023-03-11 01:52:27,397 INFO o.a.j.t.JMeterThread: Thread is done: setUp the Run Output folders 1-1
2023-03-11 01:52:27,413 INFO o.a.j.t.JMeterThread: Thread finished: setUp the Run Output folders 1-1
2023-03-11 01:52:27,413 INFO o.a.j.e.StandardJMeterEngine: All Setup Threads have ended
2023-03-11 01:52:27,444 INFO o.a.j.e.StandardJMeterEngine: Starting ThreadGroup: 1 : +++ Create OnBoarding Customer +++ 
2023-03-11 01:52:27,444 INFO o.a.j.e.StandardJMeterEngine: Starting 1 threads for group +++ Create OnBoarding Customer +++ .
2023-03-11 01:52:27,444 INFO o.a.j.e.StandardJMeterEngine: Thread will continue on error
2023-03-11 01:52:27,444 INFO k.a.j.t.AbstractSimpleThreadGroup: Starting thread group number 1 threads 1
2023-03-11 01:52:27,444 INFO k.a.j.t.AbstractSimpleThreadGroup: Started thread group number 1
2023-03-11 01:52:27,444 INFO o.a.j.e.StandardJMeterEngine: All thread groups have been started
2023-03-11 01:52:28,458 INFO o.a.j.t.JMeterThread: Thread started: +++ Create OnBoarding Customer +++  1-1
2023-03-11 01:52:29,585 ERROR o.a.j.a.JSR223Assertion: Problem in JSR223 script: If Customer Created_WriteOutputFile
javax.script.ScriptException: java.io.FileNotFoundException: null\Core_Output_CreatedCustomer.csv (The system cannot find the path specified)
	at org.codehaus.groovy.jsr223.GroovyScriptEngineImpl.eval(GroovyScriptEngineImpl.java:320) ~[groovy-jsr223-3.0.11.jar:3.0.11]
	at org.codehaus.groovy.jsr223.GroovyCompiledScript.eval(GroovyCompiledScript.java:71) ~[groovy-jsr223-3.0.11.jar:3.0.11]
	at javax.script.CompiledScript.eval(CompiledScript.java:93) ~[java.scripting:?]
	at org.apache.jmeter.util.JSR223TestElement.processFileOrScript(JSR223TestElement.java:217) ~[ApacheJMeter_core.jar:5.5]
	at org.apache.jmeter.assertions.JSR223Assertion.getResult(JSR223Assertion.java:50) ~[ApacheJMeter_components.jar:5.5]
	at org.apache.jmeter.threads.JMeterThread.processAssertion(JMeterThread.java:944) ~[ApacheJMeter_core.jar:5.5]
	at org.apache.jmeter.threads.JMeterThread.checkAssertions(JMeterThread.java:913) ~[ApacheJMeter_core.jar:5.5]
	at org.apache.jmeter.threads.JMeterThread.executeSamplePackage(JMeterThread.java:586) ~[ApacheJMeter_core.jar:5.5]
	at org.apache.jmeter.threads.JMeterThread.processSampler(JMeterThread.java:501) ~[ApacheJMeter_core.jar:5.5]
	at org.apache.jmeter.threads.JMeterThread.run(JMeterThread.java:268) ~[ApacheJMeter_core.jar:5.5]
	at java.lang.Thread.run(Thread.java:1589) ~[?:?]
Caused by: java.io.FileNotFoundException: null\Core_Output_CreatedCustomer.csv (The system cannot find the path specified)
	at java.io.FileOutputStream.open0(Native Method) ~[?:?]
	at java.io.FileOutputStream.open(FileOutputStream.java:295) ~[?:?]
	at java.io.FileOutputStream.<init>(FileOutputStream.java:236) ~[?:?]
	at java.io.FileOutputStream.<init>(FileOutputStream.java:156) ~[?:?]
	at java.io.FileWriter.<init>(FileWriter.java:84) ~[?:?]
	at jdk.internal.reflect.DirectConstructorHandleAccessor.newInstance(DirectConstructorHandleAccessor.java:67) ~[?:?]
	at java.lang.reflect.Constructor.newInstanceWithCaller(Constructor.java:500) ~[?:?]
	at java.lang.reflect.Constructor.newInstance(Constructor.java:484) ~[?:?]
	at org.codehaus.groovy.reflection.CachedConstructor.invoke(CachedConstructor.java:72) ~[groovy-3.0.11.jar:3.0.11]
	at org.codehaus.groovy.runtime.callsite.ConstructorSite$ConstructorSiteNoUnwrapNoCoerce.callConstructor(ConstructorSite.java:105) ~[groovy-3.0.11.jar:3.0.11]
	at org.codehaus.groovy.runtime.callsite.CallSiteArray.defaultCallConstructor(CallSiteArray.java:59) ~[groovy-3.0.11.jar:3.0.11]
	at org.codehaus.groovy.runtime.callsite.AbstractCallSite.callConstructor(AbstractCallSite.java:263) ~[groovy-3.0.11.jar:3.0.11]
	at org.codehaus.groovy.runtime.callsite.AbstractCallSite.callConstructor(AbstractCallSite.java:286) ~[groovy-3.0.11.jar:3.0.11]
	at Script28.run(Script28.groovy:40) ~[?:?]
	at org.codehaus.groovy.jsr223.GroovyScriptEngineImpl.eval(GroovyScriptEngineImpl.java:317) ~[groovy-jsr223-3.0.11.jar:3.0.11]
	... 10 more
2023-03-11 01:52:29,585 INFO o.a.j.t.JMeterThread: Thread finished: +++ Create OnBoarding Customer +++  1-1
2023-03-11 01:52:29,585 INFO o.a.j.e.StandardJMeterEngine: Notifying test listeners of end of test
2023-03-11 01:52:29,585 INFO o.a.j.g.u.JMeterMenuBar: setRunning(false, *local*)
2023-03-11 01:54:59,292 INFO o.a.j.e.StandardJMeterEngine: Running the test!
2023-03-11 01:54:59,292 INFO o.a.j.s.SampleEvent: List of sample_variables: []
2023-03-11 01:54:59,297 INFO o.a.j.g.u.JMeterMenuBar: setRunning(true, *local*)
2023-03-11 01:54:59,298 INFO o.a.j.e.StandardJMeterEngine: Starting setUp thread groups
2023-03-11 01:54:59,298 INFO o.a.j.e.StandardJMeterEngine: Starting setUp ThreadGroup: 1 : setUp the Run Output folders 
2023-03-11 01:54:59,298 INFO o.a.j.e.StandardJMeterEngine: Starting 1 threads for group setUp the Run Output folders.
2023-03-11 01:54:59,298 INFO o.a.j.e.StandardJMeterEngine: Thread will continue on error
2023-03-11 01:54:59,298 INFO o.a.j.t.ThreadGroup: Starting thread group... number=1 threads=1 ramp-up=1 delayedStart=false
2023-03-11 01:54:59,298 INFO o.a.j.t.ThreadGroup: Started thread group number 1
2023-03-11 01:54:59,298 INFO o.a.j.e.StandardJMeterEngine: Waiting for all setup thread groups to exit
2023-03-11 01:54:59,298 INFO o.a.j.t.JMeterThread: Thread started: setUp the Run Output folders 1-1
2023-03-11 01:54:59,318 ERROR o.a.j.p.j.s.JSR223Sampler: Problem in JSR223 script Create Execution folders for each run, message: javax.script.ScriptException: groovy.lang.MissingPropertyException: No such property: webFolder for class: Script29
javax.script.ScriptException: groovy.lang.MissingPropertyException: No such property: webFolder for class: Script29
	at org.codehaus.groovy.jsr223.GroovyScriptEngineImpl.eval(GroovyScriptEngineImpl.java:320) ~[groovy-jsr223-3.0.11.jar:3.0.11]
	at org.codehaus.groovy.jsr223.GroovyCompiledScript.eval(GroovyCompiledScript.java:71) ~[groovy-jsr223-3.0.11.jar:3.0.11]
	at javax.script.CompiledScript.eval(CompiledScript.java:93) ~[java.scripting:?]
	at org.apache.jmeter.util.JSR223TestElement.processFileOrScript(JSR223TestElement.java:217) ~[ApacheJMeter_core.jar:5.5]
	at org.apache.jmeter.protocol.java.sampler.JSR223Sampler.sample(JSR223Sampler.java:72) ~[ApacheJMeter_java.jar:5.5]
	at org.apache.jmeter.threads.JMeterThread.doSampling(JMeterThread.java:651) ~[ApacheJMeter_core.jar:5.5]
	at org.apache.jmeter.threads.JMeterThread.executeSamplePackage(JMeterThread.java:570) ~[ApacheJMeter_core.jar:5.5]
	at org.apache.jmeter.threads.JMeterThread.processSampler(JMeterThread.java:501) ~[ApacheJMeter_core.jar:5.5]
	at org.apache.jmeter.threads.JMeterThread.run(JMeterThread.java:268) ~[ApacheJMeter_core.jar:5.5]
	at java.lang.Thread.run(Thread.java:1589) ~[?:?]
Caused by: groovy.lang.MissingPropertyException: No such property: webFolder for class: Script29
	at org.codehaus.groovy.runtime.ScriptBytecodeAdapter.unwrap(ScriptBytecodeAdapter.java:65) ~[groovy-3.0.11.jar:3.0.11]
	at org.codehaus.groovy.runtime.callsite.PogoGetPropertySite.getProperty(PogoGetPropertySite.java:51) ~[groovy-3.0.11.jar:3.0.11]
	at org.codehaus.groovy.runtime.callsite.AbstractCallSite.callGroovyObjectGetProperty(AbstractCallSite.java:341) ~[groovy-3.0.11.jar:3.0.11]
	at Script29.run(Script29.groovy:8) ~[?:?]
	at org.codehaus.groovy.jsr223.GroovyScriptEngineImpl.eval(GroovyScriptEngineImpl.java:317) ~[groovy-jsr223-3.0.11.jar:3.0.11]
	... 9 more
2023-03-11 01:54:59,318 INFO o.a.j.t.JMeterThread: Thread is done: setUp the Run Output folders 1-1
2023-03-11 01:54:59,318 INFO o.a.j.t.JMeterThread: Thread finished: setUp the Run Output folders 1-1
2023-03-11 01:54:59,318 INFO o.a.j.e.StandardJMeterEngine: All Setup Threads have ended
2023-03-11 01:54:59,361 INFO o.a.j.e.StandardJMeterEngine: Starting ThreadGroup: 1 : +++ Create OnBoarding Customer +++ 
2023-03-11 01:54:59,361 INFO o.a.j.e.StandardJMeterEngine: Starting 1 threads for group +++ Create OnBoarding Customer +++ .
2023-03-11 01:54:59,361 INFO o.a.j.e.StandardJMeterEngine: Thread will continue on error
2023-03-11 01:54:59,361 INFO k.a.j.t.AbstractSimpleThreadGroup: Starting thread group number 1 threads 1
2023-03-11 01:54:59,361 INFO k.a.j.t.AbstractSimpleThreadGroup: Started thread group number 1
2023-03-11 01:54:59,361 INFO o.a.j.e.StandardJMeterEngine: All thread groups have been started
2023-03-11 01:55:00,376 INFO o.a.j.t.JMeterThread: Thread started: +++ Create OnBoarding Customer +++  1-1
2023-03-11 01:55:01,611 ERROR o.a.j.a.JSR223Assertion: Problem in JSR223 script: If Customer Created_WriteOutputFile
javax.script.ScriptException: java.io.FileNotFoundException: null\Core_Output_CreatedCustomer.csv (The system cannot find the path specified)
	at org.codehaus.groovy.jsr223.GroovyScriptEngineImpl.eval(GroovyScriptEngineImpl.java:320) ~[groovy-jsr223-3.0.11.jar:3.0.11]
	at org.codehaus.groovy.jsr223.GroovyCompiledScript.eval(GroovyCompiledScript.java:71) ~[groovy-jsr223-3.0.11.jar:3.0.11]
	at javax.script.CompiledScript.eval(CompiledScript.java:93) ~[java.scripting:?]
	at org.apache.jmeter.util.JSR223TestElement.processFileOrScript(JSR223TestElement.java:217) ~[ApacheJMeter_core.jar:5.5]
	at org.apache.jmeter.assertions.JSR223Assertion.getResult(JSR223Assertion.java:50) ~[ApacheJMeter_components.jar:5.5]
	at org.apache.jmeter.threads.JMeterThread.processAssertion(JMeterThread.java:944) ~[ApacheJMeter_core.jar:5.5]
	at org.apache.jmeter.threads.JMeterThread.checkAssertions(JMeterThread.java:913) ~[ApacheJMeter_core.jar:5.5]
	at org.apache.jmeter.threads.JMeterThread.executeSamplePackage(JMeterThread.java:586) ~[ApacheJMeter_core.jar:5.5]
	at org.apache.jmeter.threads.JMeterThread.processSampler(JMeterThread.java:501) ~[ApacheJMeter_core.jar:5.5]
	at org.apache.jmeter.threads.JMeterThread.run(JMeterThread.java:268) ~[ApacheJMeter_core.jar:5.5]
	at java.lang.Thread.run(Thread.java:1589) ~[?:?]
Caused by: java.io.FileNotFoundException: null\Core_Output_CreatedCustomer.csv (The system cannot find the path specified)
	at java.io.FileOutputStream.open0(Native Method) ~[?:?]
	at java.io.FileOutputStream.open(FileOutputStream.java:295) ~[?:?]
	at java.io.FileOutputStream.<init>(FileOutputStream.java:236) ~[?:?]
	at java.io.FileOutputStream.<init>(FileOutputStream.java:156) ~[?:?]
	at java.io.FileWriter.<init>(FileWriter.java:84) ~[?:?]
	at jdk.internal.reflect.DirectConstructorHandleAccessor.newInstance(DirectConstructorHandleAccessor.java:67) ~[?:?]
	at java.lang.reflect.Constructor.newInstanceWithCaller(Constructor.java:500) ~[?:?]
	at java.lang.reflect.Constructor.newInstance(Constructor.java:484) ~[?:?]
	at org.codehaus.groovy.reflection.CachedConstructor.invoke(CachedConstructor.java:72) ~[groovy-3.0.11.jar:3.0.11]
	at org.codehaus.groovy.runtime.callsite.ConstructorSite$ConstructorSiteNoUnwrapNoCoerce.callConstructor(ConstructorSite.java:105) ~[groovy-3.0.11.jar:3.0.11]
	at org.codehaus.groovy.runtime.callsite.CallSiteArray.defaultCallConstructor(CallSiteArray.java:59) ~[groovy-3.0.11.jar:3.0.11]
	at org.codehaus.groovy.runtime.callsite.AbstractCallSite.callConstructor(AbstractCallSite.java:263) ~[groovy-3.0.11.jar:3.0.11]
	at org.codehaus.groovy.runtime.callsite.AbstractCallSite.callConstructor(AbstractCallSite.java:286) ~[groovy-3.0.11.jar:3.0.11]
	at Script30.run(Script30.groovy:40) ~[?:?]
	at org.codehaus.groovy.jsr223.GroovyScriptEngineImpl.eval(GroovyScriptEngineImpl.java:317) ~[groovy-jsr223-3.0.11.jar:3.0.11]
	... 10 more
2023-03-11 01:55:01,611 INFO o.a.j.t.JMeterThread: Thread finished: +++ Create OnBoarding Customer +++  1-1
2023-03-11 01:55:01,611 INFO o.a.j.e.StandardJMeterEngine: Notifying test listeners of end of test
2023-03-11 01:55:01,611 INFO o.a.j.g.u.JMeterMenuBar: setRunning(false, *local*)
2023-03-11 01:57:15,539 INFO o.a.j.e.StandardJMeterEngine: Running the test!
2023-03-11 01:57:15,539 INFO o.a.j.s.SampleEvent: List of sample_variables: []
2023-03-11 01:57:15,539 INFO o.a.j.g.u.JMeterMenuBar: setRunning(true, *local*)
2023-03-11 01:57:15,542 INFO o.a.j.e.StandardJMeterEngine: Starting setUp thread groups
2023-03-11 01:57:15,542 INFO o.a.j.e.StandardJMeterEngine: Starting setUp ThreadGroup: 1 : setUp the Run Output folders 
2023-03-11 01:57:15,542 INFO o.a.j.e.StandardJMeterEngine: Starting 1 threads for group setUp the Run Output folders.
2023-03-11 01:57:15,542 INFO o.a.j.e.StandardJMeterEngine: Thread will continue on error
2023-03-11 01:57:15,542 INFO o.a.j.t.ThreadGroup: Starting thread group... number=1 threads=1 ramp-up=1 delayedStart=false
2023-03-11 01:57:15,542 INFO o.a.j.t.ThreadGroup: Started thread group number 1
2023-03-11 01:57:15,542 INFO o.a.j.e.StandardJMeterEngine: Waiting for all setup thread groups to exit
2023-03-11 01:57:15,542 INFO o.a.j.t.JMeterThread: Thread started: setUp the Run Output folders 1-1
2023-03-11 01:57:17,129 ERROR o.a.j.p.j.s.JSR223Sampler: Problem in JSR223 script Create Execution folders for each run, message: javax.script.ScriptException: groovy.lang.MissingMethodException: No signature of method: java.util.Properties.put() is applicable for argument types: () values: []
Possible solutions: put(java.lang.Object, java.lang.Object), put(java.lang.Object, java.lang.Object), put(java.lang.Object, java.lang.Object), get(java.lang.Object), get(java.lang.Object), get(java.lang.Object)
javax.script.ScriptException: groovy.lang.MissingMethodException: No signature of method: java.util.Properties.put() is applicable for argument types: () values: []
Possible solutions: put(java.lang.Object, java.lang.Object), put(java.lang.Object, java.lang.Object), put(java.lang.Object, java.lang.Object), get(java.lang.Object), get(java.lang.Object), get(java.lang.Object)
	at org.codehaus.groovy.jsr223.GroovyScriptEngineImpl.eval(GroovyScriptEngineImpl.java:320) ~[groovy-jsr223-3.0.11.jar:3.0.11]
	at org.codehaus.groovy.jsr223.GroovyCompiledScript.eval(GroovyCompiledScript.java:71) ~[groovy-jsr223-3.0.11.jar:3.0.11]
	at javax.script.CompiledScript.eval(CompiledScript.java:93) ~[java.scripting:?]
	at org.apache.jmeter.util.JSR223TestElement.processFileOrScript(JSR223TestElement.java:217) ~[ApacheJMeter_core.jar:5.5]
	at org.apache.jmeter.protocol.java.sampler.JSR223Sampler.sample(JSR223Sampler.java:72) ~[ApacheJMeter_java.jar:5.5]
	at org.apache.jmeter.threads.JMeterThread.doSampling(JMeterThread.java:651) ~[ApacheJMeter_core.jar:5.5]
	at org.apache.jmeter.threads.JMeterThread.executeSamplePackage(JMeterThread.java:570) ~[ApacheJMeter_core.jar:5.5]
	at org.apache.jmeter.threads.JMeterThread.processSampler(JMeterThread.java:501) ~[ApacheJMeter_core.jar:5.5]
	at org.apache.jmeter.threads.JMeterThread.run(JMeterThread.java:268) ~[ApacheJMeter_core.jar:5.5]
	at java.lang.Thread.run(Thread.java:1589) ~[?:?]
Caused by: groovy.lang.MissingMethodException: No signature of method: java.util.Properties.put() is applicable for argument types: () values: []
Possible solutions: put(java.lang.Object, java.lang.Object), put(java.lang.Object, java.lang.Object), put(java.lang.Object, java.lang.Object), get(java.lang.Object), get(java.lang.Object), get(java.lang.Object)
	at org.codehaus.groovy.runtime.ScriptBytecodeAdapter.unwrap(ScriptBytecodeAdapter.java:70) ~[groovy-3.0.11.jar:3.0.11]
	at org.codehaus.groovy.runtime.callsite.PojoMetaClassSite.call(PojoMetaClassSite.java:46) ~[groovy-3.0.11.jar:3.0.11]
	at org.codehaus.groovy.runtime.callsite.CallSiteArray.defaultCall(CallSiteArray.java:47) ~[groovy-3.0.11.jar:3.0.11]
	at org.codehaus.groovy.runtime.callsite.AbstractCallSite.call(AbstractCallSite.java:125) ~[groovy-3.0.11.jar:3.0.11]
	at org.codehaus.groovy.runtime.callsite.AbstractCallSite.call(AbstractCallSite.java:130) ~[groovy-3.0.11.jar:3.0.11]
	at Script31.run(Script31.groovy:8) ~[?:?]
	at org.codehaus.groovy.jsr223.GroovyScriptEngineImpl.eval(GroovyScriptEngineImpl.java:317) ~[groovy-jsr223-3.0.11.jar:3.0.11]
	... 9 more
2023-03-11 01:57:17,129 INFO o.a.j.t.JMeterThread: Thread is done: setUp the Run Output folders 1-1
2023-03-11 01:57:17,129 INFO o.a.j.t.JMeterThread: Thread finished: setUp the Run Output folders 1-1
2023-03-11 01:57:17,129 INFO o.a.j.e.StandardJMeterEngine: All Setup Threads have ended
2023-03-11 01:57:17,175 INFO o.a.j.e.StandardJMeterEngine: Starting ThreadGroup: 1 : +++ Create OnBoarding Customer +++ 
2023-03-11 01:57:17,175 INFO o.a.j.e.StandardJMeterEngine: Starting 1 threads for group +++ Create OnBoarding Customer +++ .
2023-03-11 01:57:17,175 INFO o.a.j.e.StandardJMeterEngine: Thread will continue on error
2023-03-11 01:57:17,175 INFO k.a.j.t.AbstractSimpleThreadGroup: Starting thread group number 1 threads 1
2023-03-11 01:57:17,175 INFO k.a.j.t.AbstractSimpleThreadGroup: Started thread group number 1
2023-03-11 01:57:17,175 INFO o.a.j.e.StandardJMeterEngine: All thread groups have been started
2023-03-11 01:57:18,183 INFO o.a.j.t.JMeterThread: Thread started: +++ Create OnBoarding Customer +++  1-1
2023-03-11 01:57:20,365 ERROR o.a.j.a.JSR223Assertion: Problem in JSR223 script: If Customer Created_WriteOutputFile
javax.script.ScriptException: java.io.FileNotFoundException: null\Core_Output_CreatedCustomer.csv (The system cannot find the path specified)
	at org.codehaus.groovy.jsr223.GroovyScriptEngineImpl.eval(GroovyScriptEngineImpl.java:320) ~[groovy-jsr223-3.0.11.jar:3.0.11]
	at org.codehaus.groovy.jsr223.GroovyCompiledScript.eval(GroovyCompiledScript.java:71) ~[groovy-jsr223-3.0.11.jar:3.0.11]
	at javax.script.CompiledScript.eval(CompiledScript.java:93) ~[java.scripting:?]
	at org.apache.jmeter.util.JSR223TestElement.processFileOrScript(JSR223TestElement.java:217) ~[ApacheJMeter_core.jar:5.5]
	at org.apache.jmeter.assertions.JSR223Assertion.getResult(JSR223Assertion.java:50) ~[ApacheJMeter_components.jar:5.5]
	at org.apache.jmeter.threads.JMeterThread.processAssertion(JMeterThread.java:944) ~[ApacheJMeter_core.jar:5.5]
	at org.apache.jmeter.threads.JMeterThread.checkAssertions(JMeterThread.java:913) ~[ApacheJMeter_core.jar:5.5]
	at org.apache.jmeter.threads.JMeterThread.executeSamplePackage(JMeterThread.java:586) ~[ApacheJMeter_core.jar:5.5]
	at org.apache.jmeter.threads.JMeterThread.processSampler(JMeterThread.java:501) ~[ApacheJMeter_core.jar:5.5]
	at org.apache.jmeter.threads.JMeterThread.run(JMeterThread.java:268) ~[ApacheJMeter_core.jar:5.5]
	at java.lang.Thread.run(Thread.java:1589) ~[?:?]
Caused by: java.io.FileNotFoundException: null\Core_Output_CreatedCustomer.csv (The system cannot find the path specified)
	at java.io.FileOutputStream.open0(Native Method) ~[?:?]
	at java.io.FileOutputStream.open(FileOutputStream.java:295) ~[?:?]
	at java.io.FileOutputStream.<init>(FileOutputStream.java:236) ~[?:?]
	at java.io.FileOutputStream.<init>(FileOutputStream.java:156) ~[?:?]
	at java.io.FileWriter.<init>(FileWriter.java:84) ~[?:?]
	at jdk.internal.reflect.DirectConstructorHandleAccessor.newInstance(DirectConstructorHandleAccessor.java:67) ~[?:?]
	at java.lang.reflect.Constructor.newInstanceWithCaller(Constructor.java:500) ~[?:?]
	at java.lang.reflect.Constructor.newInstance(Constructor.java:484) ~[?:?]
	at org.codehaus.groovy.reflection.CachedConstructor.invoke(CachedConstructor.java:72) ~[groovy-3.0.11.jar:3.0.11]
	at org.codehaus.groovy.runtime.callsite.ConstructorSite$ConstructorSiteNoUnwrapNoCoerce.callConstructor(ConstructorSite.java:105) ~[groovy-3.0.11.jar:3.0.11]
	at org.codehaus.groovy.runtime.callsite.CallSiteArray.defaultCallConstructor(CallSiteArray.java:59) ~[groovy-3.0.11.jar:3.0.11]
	at org.codehaus.groovy.runtime.callsite.AbstractCallSite.callConstructor(AbstractCallSite.java:263) ~[groovy-3.0.11.jar:3.0.11]
	at org.codehaus.groovy.runtime.callsite.AbstractCallSite.callConstructor(AbstractCallSite.java:286) ~[groovy-3.0.11.jar:3.0.11]
	at Script32.run(Script32.groovy:40) ~[?:?]
	at org.codehaus.groovy.jsr223.GroovyScriptEngineImpl.eval(GroovyScriptEngineImpl.java:317) ~[groovy-jsr223-3.0.11.jar:3.0.11]
	... 10 more
2023-03-11 01:57:20,367 INFO o.a.j.t.JMeterThread: Stopping because end time detected by thread: +++ Create OnBoarding Customer +++  1-1
2023-03-11 01:57:20,367 INFO o.a.j.t.JMeterThread: Thread finished: +++ Create OnBoarding Customer +++  1-1
2023-03-11 01:57:20,367 INFO o.a.j.e.StandardJMeterEngine: Notifying test listeners of end of test
2023-03-11 01:57:20,367 INFO o.a.j.g.u.JMeterMenuBar: setRunning(false, *local*)
2023-03-11 01:58:15,547 INFO o.a.j.e.StandardJMeterEngine: Running the test!
2023-03-11 01:58:15,547 INFO o.a.j.s.SampleEvent: List of sample_variables: []
2023-03-11 01:58:15,547 INFO o.a.j.g.u.JMeterMenuBar: setRunning(true, *local*)
2023-03-11 01:58:15,547 INFO o.a.j.e.StandardJMeterEngine: Starting setUp thread groups
2023-03-11 01:58:15,547 INFO o.a.j.e.StandardJMeterEngine: Starting setUp ThreadGroup: 1 : setUp the Run Output folders 
2023-03-11 01:58:15,547 INFO o.a.j.e.StandardJMeterEngine: Starting 1 threads for group setUp the Run Output folders.
2023-03-11 01:58:15,547 INFO o.a.j.e.StandardJMeterEngine: Thread will continue on error
2023-03-11 01:58:15,547 INFO o.a.j.t.ThreadGroup: Starting thread group... number=1 threads=1 ramp-up=1 delayedStart=false
2023-03-11 01:58:15,547 INFO o.a.j.t.ThreadGroup: Started thread group number 1
2023-03-11 01:58:15,547 INFO o.a.j.e.StandardJMeterEngine: Waiting for all setup thread groups to exit
2023-03-11 01:58:15,547 INFO o.a.j.t.JMeterThread: Thread started: setUp the Run Output folders 1-1
2023-03-11 01:58:15,578 INFO o.a.j.t.JMeterThread: Thread is done: setUp the Run Output folders 1-1
2023-03-11 01:58:15,578 INFO o.a.j.t.JMeterThread: Thread finished: setUp the Run Output folders 1-1
2023-03-11 01:58:15,578 INFO o.a.j.e.StandardJMeterEngine: All Setup Threads have ended
2023-03-11 01:58:15,626 INFO o.a.j.e.StandardJMeterEngine: Starting ThreadGroup: 1 : +++ Create OnBoarding Customer +++ 
2023-03-11 01:58:15,626 INFO o.a.j.e.StandardJMeterEngine: Starting 1 threads for group +++ Create OnBoarding Customer +++ .
2023-03-11 01:58:15,626 INFO o.a.j.e.StandardJMeterEngine: Thread will continue on error
2023-03-11 01:58:15,626 INFO k.a.j.t.AbstractSimpleThreadGroup: Starting thread group number 1 threads 1
2023-03-11 01:58:15,626 INFO k.a.j.t.AbstractSimpleThreadGroup: Started thread group number 1
2023-03-11 01:58:15,626 INFO o.a.j.e.StandardJMeterEngine: All thread groups have been started
2023-03-11 01:58:16,633 INFO o.a.j.t.JMeterThread: Thread started: +++ Create OnBoarding Customer +++  1-1
2023-03-11 01:58:17,874 ERROR o.a.j.a.JSR223Assertion: Problem in JSR223 script: If Customer Created_WriteOutputFile
javax.script.ScriptException: java.io.FileNotFoundException: null\Core_Output_CreatedCustomer.csv (The system cannot find the path specified)
	at org.codehaus.groovy.jsr223.GroovyScriptEngineImpl.eval(GroovyScriptEngineImpl.java:320) ~[groovy-jsr223-3.0.11.jar:3.0.11]
	at org.codehaus.groovy.jsr223.GroovyCompiledScript.eval(GroovyCompiledScript.java:71) ~[groovy-jsr223-3.0.11.jar:3.0.11]
	at javax.script.CompiledScript.eval(CompiledScript.java:93) ~[java.scripting:?]
	at org.apache.jmeter.util.JSR223TestElement.processFileOrScript(JSR223TestElement.java:217) ~[ApacheJMeter_core.jar:5.5]
	at org.apache.jmeter.assertions.JSR223Assertion.getResult(JSR223Assertion.java:50) ~[ApacheJMeter_components.jar:5.5]
	at org.apache.jmeter.threads.JMeterThread.processAssertion(JMeterThread.java:944) ~[ApacheJMeter_core.jar:5.5]
	at org.apache.jmeter.threads.JMeterThread.checkAssertions(JMeterThread.java:913) ~[ApacheJMeter_core.jar:5.5]
	at org.apache.jmeter.threads.JMeterThread.executeSamplePackage(JMeterThread.java:586) ~[ApacheJMeter_core.jar:5.5]
	at org.apache.jmeter.threads.JMeterThread.processSampler(JMeterThread.java:501) ~[ApacheJMeter_core.jar:5.5]
	at org.apache.jmeter.threads.JMeterThread.run(JMeterThread.java:268) ~[ApacheJMeter_core.jar:5.5]
	at java.lang.Thread.run(Thread.java:1589) ~[?:?]
Caused by: java.io.FileNotFoundException: null\Core_Output_CreatedCustomer.csv (The system cannot find the path specified)
	at java.io.FileOutputStream.open0(Native Method) ~[?:?]
	at java.io.FileOutputStream.open(FileOutputStream.java:295) ~[?:?]
	at java.io.FileOutputStream.<init>(FileOutputStream.java:236) ~[?:?]
	at java.io.FileOutputStream.<init>(FileOutputStream.java:156) ~[?:?]
	at java.io.FileWriter.<init>(FileWriter.java:84) ~[?:?]
	at jdk.internal.reflect.DirectConstructorHandleAccessor.newInstance(DirectConstructorHandleAccessor.java:67) ~[?:?]
	at java.lang.reflect.Constructor.newInstanceWithCaller(Constructor.java:500) ~[?:?]
	at java.lang.reflect.Constructor.newInstance(Constructor.java:484) ~[?:?]
	at org.codehaus.groovy.reflection.CachedConstructor.invoke(CachedConstructor.java:72) ~[groovy-3.0.11.jar:3.0.11]
	at org.codehaus.groovy.runtime.callsite.ConstructorSite$ConstructorSiteNoUnwrapNoCoerce.callConstructor(ConstructorSite.java:105) ~[groovy-3.0.11.jar:3.0.11]
	at org.codehaus.groovy.runtime.callsite.CallSiteArray.defaultCallConstructor(CallSiteArray.java:59) ~[groovy-3.0.11.jar:3.0.11]
	at org.codehaus.groovy.runtime.callsite.AbstractCallSite.callConstructor(AbstractCallSite.java:263) ~[groovy-3.0.11.jar:3.0.11]
	at org.codehaus.groovy.runtime.callsite.AbstractCallSite.callConstructor(AbstractCallSite.java:286) ~[groovy-3.0.11.jar:3.0.11]
	at Script34.run(Script34.groovy:40) ~[?:?]
	at org.codehaus.groovy.jsr223.GroovyScriptEngineImpl.eval(GroovyScriptEngineImpl.java:317) ~[groovy-jsr223-3.0.11.jar:3.0.11]
	... 10 more
2023-03-11 01:58:17,874 INFO o.a.j.t.JMeterThread: Thread finished: +++ Create OnBoarding Customer +++  1-1
2023-03-11 01:58:17,874 INFO o.a.j.e.StandardJMeterEngine: Notifying test listeners of end of test
2023-03-11 01:58:17,874 INFO o.a.j.g.u.JMeterMenuBar: setRunning(false, *local*)
2023-03-11 01:59:50,696 INFO o.a.j.e.StandardJMeterEngine: Running the test!
2023-03-11 01:59:50,696 INFO o.a.j.s.SampleEvent: List of sample_variables: []
2023-03-11 01:59:50,712 INFO o.a.j.g.u.JMeterMenuBar: setRunning(true, *local*)
2023-03-11 01:59:50,712 INFO o.a.j.e.StandardJMeterEngine: Starting setUp thread groups
2023-03-11 01:59:50,712 INFO o.a.j.e.StandardJMeterEngine: Starting setUp ThreadGroup: 1 : setUp the Run Output folders 
2023-03-11 01:59:50,712 INFO o.a.j.e.StandardJMeterEngine: Starting 1 threads for group setUp the Run Output folders.
2023-03-11 01:59:50,712 INFO o.a.j.e.StandardJMeterEngine: Thread will continue on error
2023-03-11 01:59:50,712 INFO o.a.j.t.ThreadGroup: Starting thread group... number=1 threads=1 ramp-up=1 delayedStart=false
2023-03-11 01:59:50,712 INFO o.a.j.t.ThreadGroup: Started thread group number 1
2023-03-11 01:59:50,712 INFO o.a.j.e.StandardJMeterEngine: Waiting for all setup thread groups to exit
2023-03-11 01:59:50,712 INFO o.a.j.t.JMeterThread: Thread started: setUp the Run Output folders 1-1
2023-03-11 01:59:50,730 INFO o.a.j.t.JMeterThread: Thread is done: setUp the Run Output folders 1-1
2023-03-11 01:59:50,730 INFO o.a.j.t.JMeterThread: Thread finished: setUp the Run Output folders 1-1
2023-03-11 01:59:50,730 INFO o.a.j.e.StandardJMeterEngine: All Setup Threads have ended
2023-03-11 01:59:50,759 INFO o.a.j.e.StandardJMeterEngine: Starting ThreadGroup: 1 : +++ Create OnBoarding Customer +++ 
2023-03-11 01:59:50,759 INFO o.a.j.e.StandardJMeterEngine: Starting 1 threads for group +++ Create OnBoarding Customer +++ .
2023-03-11 01:59:50,759 INFO o.a.j.e.StandardJMeterEngine: Thread will continue on error
2023-03-11 01:59:50,759 INFO k.a.j.t.AbstractSimpleThreadGroup: Starting thread group number 1 threads 1
2023-03-11 01:59:50,759 INFO k.a.j.t.AbstractSimpleThreadGroup: Started thread group number 1
2023-03-11 01:59:50,759 INFO o.a.j.e.StandardJMeterEngine: All thread groups have been started
2023-03-11 01:59:51,768 INFO o.a.j.t.JMeterThread: Thread started: +++ Create OnBoarding Customer +++  1-1
2023-03-11 01:59:53,085 ERROR o.a.j.a.JSR223Assertion: Problem in JSR223 script: If Customer Created_WriteOutputFile
javax.script.ScriptException: java.io.FileNotFoundException: null\Core_Output_CreatedCustomer.csv (The system cannot find the path specified)
	at org.codehaus.groovy.jsr223.GroovyScriptEngineImpl.eval(GroovyScriptEngineImpl.java:320) ~[groovy-jsr223-3.0.11.jar:3.0.11]
	at org.codehaus.groovy.jsr223.GroovyCompiledScript.eval(GroovyCompiledScript.java:71) ~[groovy-jsr223-3.0.11.jar:3.0.11]
	at javax.script.CompiledScript.eval(CompiledScript.java:93) ~[java.scripting:?]
	at org.apache.jmeter.util.JSR223TestElement.processFileOrScript(JSR223TestElement.java:217) ~[ApacheJMeter_core.jar:5.5]
	at org.apache.jmeter.assertions.JSR223Assertion.getResult(JSR223Assertion.java:50) ~[ApacheJMeter_components.jar:5.5]
	at org.apache.jmeter.threads.JMeterThread.processAssertion(JMeterThread.java:944) ~[ApacheJMeter_core.jar:5.5]
	at org.apache.jmeter.threads.JMeterThread.checkAssertions(JMeterThread.java:913) ~[ApacheJMeter_core.jar:5.5]
	at org.apache.jmeter.threads.JMeterThread.executeSamplePackage(JMeterThread.java:586) ~[ApacheJMeter_core.jar:5.5]
	at org.apache.jmeter.threads.JMeterThread.processSampler(JMeterThread.java:501) ~[ApacheJMeter_core.jar:5.5]
	at org.apache.jmeter.threads.JMeterThread.run(JMeterThread.java:268) ~[ApacheJMeter_core.jar:5.5]
	at java.lang.Thread.run(Thread.java:1589) ~[?:?]
Caused by: java.io.FileNotFoundException: null\Core_Output_CreatedCustomer.csv (The system cannot find the path specified)
	at java.io.FileOutputStream.open0(Native Method) ~[?:?]
	at java.io.FileOutputStream.open(FileOutputStream.java:295) ~[?:?]
	at java.io.FileOutputStream.<init>(FileOutputStream.java:236) ~[?:?]
	at java.io.FileOutputStream.<init>(FileOutputStream.java:156) ~[?:?]
	at java.io.FileWriter.<init>(FileWriter.java:84) ~[?:?]
	at jdk.internal.reflect.DirectConstructorHandleAccessor.newInstance(DirectConstructorHandleAccessor.java:67) ~[?:?]
	at java.lang.reflect.Constructor.newInstanceWithCaller(Constructor.java:500) ~[?:?]
	at java.lang.reflect.Constructor.newInstance(Constructor.java:484) ~[?:?]
	at org.codehaus.groovy.reflection.CachedConstructor.invoke(CachedConstructor.java:72) ~[groovy-3.0.11.jar:3.0.11]
	at org.codehaus.groovy.runtime.callsite.ConstructorSite$ConstructorSiteNoUnwrapNoCoerce.callConstructor(ConstructorSite.java:105) ~[groovy-3.0.11.jar:3.0.11]
	at org.codehaus.groovy.runtime.callsite.CallSiteArray.defaultCallConstructor(CallSiteArray.java:59) ~[groovy-3.0.11.jar:3.0.11]
	at org.codehaus.groovy.runtime.callsite.AbstractCallSite.callConstructor(AbstractCallSite.java:263) ~[groovy-3.0.11.jar:3.0.11]
	at org.codehaus.groovy.runtime.callsite.AbstractCallSite.callConstructor(AbstractCallSite.java:286) ~[groovy-3.0.11.jar:3.0.11]
	at Script36.run(Script36.groovy:40) ~[?:?]
	at org.codehaus.groovy.jsr223.GroovyScriptEngineImpl.eval(GroovyScriptEngineImpl.java:317) ~[groovy-jsr223-3.0.11.jar:3.0.11]
	... 10 more
2023-03-11 01:59:53,085 INFO o.a.j.t.JMeterThread: Thread finished: +++ Create OnBoarding Customer +++  1-1
2023-03-11 01:59:53,085 INFO o.a.j.e.StandardJMeterEngine: Notifying test listeners of end of test
2023-03-11 01:59:53,085 INFO o.a.j.g.u.JMeterMenuBar: setRunning(false, *local*)
2023-03-11 02:00:19,719 INFO o.a.j.e.StandardJMeterEngine: Running the test!
2023-03-11 02:00:19,719 INFO o.a.j.s.SampleEvent: List of sample_variables: []
2023-03-11 02:00:19,719 INFO o.a.j.g.u.JMeterMenuBar: setRunning(true, *local*)
2023-03-11 02:00:19,719 INFO o.a.j.e.StandardJMeterEngine: Starting setUp thread groups
2023-03-11 02:00:19,719 INFO o.a.j.e.StandardJMeterEngine: Starting setUp ThreadGroup: 1 : setUp the Run Output folders 
2023-03-11 02:00:19,719 INFO o.a.j.e.StandardJMeterEngine: Starting 1 threads for group setUp the Run Output folders.
2023-03-11 02:00:19,719 INFO o.a.j.e.StandardJMeterEngine: Thread will continue on error
2023-03-11 02:00:19,719 INFO o.a.j.t.ThreadGroup: Starting thread group... number=1 threads=1 ramp-up=1 delayedStart=false
2023-03-11 02:00:19,719 INFO o.a.j.t.ThreadGroup: Started thread group number 1
2023-03-11 02:00:19,719 INFO o.a.j.e.StandardJMeterEngine: Waiting for all setup thread groups to exit
2023-03-11 02:00:19,719 INFO o.a.j.t.JMeterThread: Thread started: setUp the Run Output folders 1-1
2023-03-11 02:00:19,742 INFO o.a.j.t.JMeterThread: Thread is done: setUp the Run Output folders 1-1
2023-03-11 02:00:19,742 INFO o.a.j.t.JMeterThread: Thread finished: setUp the Run Output folders 1-1
2023-03-11 02:00:19,742 INFO o.a.j.e.StandardJMeterEngine: All Setup Threads have ended
2023-03-11 02:00:19,781 INFO o.a.j.e.StandardJMeterEngine: Starting ThreadGroup: 1 : +++ Create OnBoarding Customer +++ 
2023-03-11 02:00:19,781 INFO o.a.j.e.StandardJMeterEngine: Starting 1 threads for group +++ Create OnBoarding Customer +++ .
2023-03-11 02:00:19,781 INFO o.a.j.e.StandardJMeterEngine: Thread will continue on error
2023-03-11 02:00:19,781 INFO k.a.j.t.AbstractSimpleThreadGroup: Starting thread group number 1 threads 1
2023-03-11 02:00:19,781 INFO k.a.j.t.AbstractSimpleThreadGroup: Started thread group number 1
2023-03-11 02:00:19,781 INFO o.a.j.e.StandardJMeterEngine: All thread groups have been started
2023-03-11 02:00:20,796 INFO o.a.j.t.JMeterThread: Thread started: +++ Create OnBoarding Customer +++  1-1
2023-03-11 02:00:21,773 INFO o.a.j.a.J.If Customer Created_WriteOutputFile: Created Customer Number
2023-03-11 02:00:21,773 INFO o.a.j.a.J.If Customer Created_WriteOutputFile: 1052967731
2023-03-11 02:00:21,773 INFO o.a.j.a.J.If Customer Created_WriteOutputFile: 
2023-03-11 02:00:21,773 INFO o.a.j.a.J.If Customer Created_WriteOutputFile: 
2023-03-11 02:00:21,773 INFO o.a.j.a.J.If Customer Created_WriteOutputFile: Created Customer Number,1052967731,,

2023-03-11 02:00:21,773 INFO o.a.j.t.JMeterThread: Thread finished: +++ Create OnBoarding Customer +++  1-1
2023-03-11 02:00:21,789 INFO o.a.j.e.StandardJMeterEngine: Notifying test listeners of end of test
2023-03-11 02:00:21,789 INFO o.a.j.g.u.JMeterMenuBar: setRunning(false, *local*)
2023-03-11 02:06:44,469 INFO o.a.j.e.StandardJMeterEngine: Running the test!
2023-03-11 02:06:44,469 INFO o.a.j.s.SampleEvent: List of sample_variables: []
2023-03-11 02:06:44,485 INFO o.a.j.g.u.JMeterMenuBar: setRunning(true, *local*)
2023-03-11 02:06:44,485 INFO o.a.j.e.StandardJMeterEngine: Starting setUp thread groups
2023-03-11 02:06:44,485 INFO o.a.j.e.StandardJMeterEngine: Starting setUp ThreadGroup: 1 : setUp the Run Output folders 
2023-03-11 02:06:44,485 INFO o.a.j.e.StandardJMeterEngine: Starting 1 threads for group setUp the Run Output folders.
2023-03-11 02:06:44,485 INFO o.a.j.e.StandardJMeterEngine: Thread will continue on error
2023-03-11 02:06:44,485 INFO o.a.j.t.ThreadGroup: Starting thread group... number=1 threads=1 ramp-up=1 delayedStart=false
2023-03-11 02:06:44,485 INFO o.a.j.t.ThreadGroup: Started thread group number 1
2023-03-11 02:06:44,485 INFO o.a.j.e.StandardJMeterEngine: Waiting for all setup thread groups to exit
2023-03-11 02:06:44,485 INFO o.a.j.t.JMeterThread: Thread started: setUp the Run Output folders 1-1
2023-03-11 02:06:44,500 INFO o.a.j.t.JMeterThread: Thread is done: setUp the Run Output folders 1-1
2023-03-11 02:06:44,500 INFO o.a.j.t.JMeterThread: Thread finished: setUp the Run Output folders 1-1
2023-03-11 02:06:44,502 INFO o.a.j.e.StandardJMeterEngine: All Setup Threads have ended
2023-03-11 02:06:44,531 INFO o.a.j.e.StandardJMeterEngine: Starting ThreadGroup: 1 : +++ Create Account +++ 
2023-03-11 02:06:44,531 INFO o.a.j.e.StandardJMeterEngine: Starting 1 threads for group +++ Create Account +++ .
2023-03-11 02:06:44,531 INFO o.a.j.e.StandardJMeterEngine: Thread will continue on error
2023-03-11 02:06:44,531 INFO k.a.j.t.AbstractSimpleThreadGroup: Starting thread group number 1 threads 1
2023-03-11 02:06:44,531 INFO k.a.j.t.AbstractSimpleThreadGroup: Started thread group number 1
2023-03-11 02:06:44,531 INFO o.a.j.e.StandardJMeterEngine: All thread groups have been started
2023-03-11 02:06:45,531 INFO o.a.j.t.JMeterThread: Thread started: +++ Create Account +++  1-1
2023-03-11 02:06:45,531 INFO o.a.j.s.FileServer: Stored: testData\\input\\core\\CreateDefaultCurrentAccount.csv Alias: testData\\input\\core\\CreateDefaultCurrentAccount.csv@1576594295
2023-03-11 02:06:53,273 INFO o.a.j.a.J.If Account Created_WriteOutputFile: account created ID
2023-03-11 02:06:53,273 INFO o.a.j.a.J.If Account Created_WriteOutputFile: 100000126637
2023-03-11 02:06:53,273 INFO o.a.j.a.J.If Account Created_WriteOutputFile: account created AA
2023-03-11 02:06:53,273 INFO o.a.j.a.J.If Account Created_WriteOutputFile: AA23068BMJBB
2023-03-11 02:06:53,273 INFO o.a.j.a.J.If Account Created_WriteOutputFile: CIF Number
2023-03-11 02:06:53,288 INFO o.a.j.a.J.If Account Created_WriteOutputFile: 1000001652
2023-03-11 02:06:53,288 INFO o.a.j.a.J.If Account Created_WriteOutputFile: 
2023-03-11 02:06:53,288 INFO o.a.j.a.J.If Account Created_WriteOutputFile: 
2023-03-11 02:06:53,288 INFO o.a.j.a.J.If Account Created_WriteOutputFile: account created ID,100000126637,account created AA,AA23068BMJBB,CIF Number,1000001652,,

2023-03-11 02:06:53,288 INFO o.a.j.t.JMeterThread: Stopping because end time detected by thread: +++ Create Account +++  1-1
2023-03-11 02:06:53,288 INFO o.a.j.t.JMeterThread: Thread finished: +++ Create Account +++  1-1
2023-03-11 02:06:53,288 INFO o.a.j.e.StandardJMeterEngine: Notifying test listeners of end of test
2023-03-11 02:06:53,288 INFO o.a.j.s.FileServer: Close: testData\\input\\core\\CreateDefaultCurrentAccount.csv@1576594295
2023-03-11 02:06:53,288 INFO o.a.j.g.u.JMeterMenuBar: setRunning(false, *local*)
2023-03-11 02:14:29,153 INFO o.a.j.e.StandardJMeterEngine: Running the test!
2023-03-11 02:14:29,153 INFO o.a.j.s.SampleEvent: List of sample_variables: []
2023-03-11 02:14:29,153 INFO o.a.j.g.u.JMeterMenuBar: setRunning(true, *local*)
2023-03-11 02:14:29,153 INFO o.a.j.e.StandardJMeterEngine: Starting setUp thread groups
2023-03-11 02:14:29,153 INFO o.a.j.e.StandardJMeterEngine: Starting setUp ThreadGroup: 1 : setUp the Run Output folders 
2023-03-11 02:14:29,153 INFO o.a.j.e.StandardJMeterEngine: Starting 1 threads for group setUp the Run Output folders.
2023-03-11 02:14:29,153 INFO o.a.j.e.StandardJMeterEngine: Thread will continue on error
2023-03-11 02:14:29,153 INFO o.a.j.t.ThreadGroup: Starting thread group... number=1 threads=1 ramp-up=1 delayedStart=false
2023-03-11 02:14:29,153 INFO o.a.j.t.ThreadGroup: Started thread group number 1
2023-03-11 02:14:29,153 INFO o.a.j.e.StandardJMeterEngine: Waiting for all setup thread groups to exit
2023-03-11 02:14:29,153 INFO o.a.j.t.JMeterThread: Thread started: setUp the Run Output folders 1-1
2023-03-11 02:14:29,177 INFO o.a.j.t.JMeterThread: Thread is done: setUp the Run Output folders 1-1
2023-03-11 02:14:29,177 INFO o.a.j.t.JMeterThread: Thread finished: setUp the Run Output folders 1-1
2023-03-11 02:14:29,177 INFO o.a.j.e.StandardJMeterEngine: All Setup Threads have ended
2023-03-11 02:14:29,225 INFO o.a.j.e.StandardJMeterEngine: Starting ThreadGroup: 1 : +++ Create OnBoarding Customer +++ 
2023-03-11 02:14:29,225 INFO o.a.j.e.StandardJMeterEngine: Starting 1 threads for group +++ Create OnBoarding Customer +++ .
2023-03-11 02:14:29,225 INFO o.a.j.e.StandardJMeterEngine: Thread will continue on error
2023-03-11 02:14:29,225 INFO k.a.j.t.AbstractSimpleThreadGroup: Starting thread group number 1 threads 1
2023-03-11 02:14:29,225 INFO k.a.j.t.AbstractSimpleThreadGroup: Started thread group number 1
2023-03-11 02:14:29,225 INFO o.a.j.e.StandardJMeterEngine: Starting ThreadGroup: 2 : +++ Create Account +++ 
2023-03-11 02:14:29,225 INFO o.a.j.e.StandardJMeterEngine: Starting 1 threads for group +++ Create Account +++ .
2023-03-11 02:14:29,225 INFO o.a.j.e.StandardJMeterEngine: Thread will continue on error
2023-03-11 02:14:29,225 INFO k.a.j.t.AbstractSimpleThreadGroup: Starting thread group number 2 threads 1
2023-03-11 02:14:29,225 INFO k.a.j.t.AbstractSimpleThreadGroup: Started thread group number 2
2023-03-11 02:14:29,225 INFO o.a.j.e.StandardJMeterEngine: Starting ThreadGroup: 3 : +++ Create Payment Order +++ 
2023-03-11 02:14:29,225 INFO o.a.j.e.StandardJMeterEngine: Starting 1 threads for group +++ Create Payment Order +++ .
2023-03-11 02:14:29,225 INFO o.a.j.e.StandardJMeterEngine: Thread will continue on error
2023-03-11 02:14:29,225 INFO k.a.j.t.AbstractSimpleThreadGroup: Starting thread group number 3 threads 1
2023-03-11 02:14:29,225 INFO k.a.j.t.AbstractSimpleThreadGroup: Started thread group number 3
2023-03-11 02:14:29,225 INFO o.a.j.e.StandardJMeterEngine: All thread groups have been started
2023-03-11 02:14:30,230 INFO o.a.j.t.JMeterThread: Thread started: +++ Create Account +++  2-1
2023-03-11 02:14:30,230 INFO o.a.j.t.JMeterThread: Thread started: +++ Create Payment Order +++  3-1
2023-03-11 02:14:30,230 INFO o.a.j.t.JMeterThread: Thread started: +++ Create OnBoarding Customer +++  1-1
2023-03-11 02:14:30,230 INFO o.a.j.s.FileServer: Stored: testData\\input\\core\\CreateDefaultCurrentAccount.csv Alias: testData\\input\\core\\CreateDefaultCurrentAccount.csv@918362639
2023-03-11 02:14:30,231 INFO o.a.j.s.FileServer: Stored: testData\\input\\core\\CreatePaymentOrder.csv Alias: testData\\input\\core\\CreatePaymentOrder.csv@994367564
2023-03-11 02:14:31,811 INFO o.a.j.a.J.If Customer Created_WriteOutputFile: Created Customer Number
2023-03-11 02:14:31,811 INFO o.a.j.a.J.If Customer Created_WriteOutputFile: 1324374586
2023-03-11 02:14:31,811 INFO o.a.j.a.J.If Customer Created_WriteOutputFile: 
2023-03-11 02:14:31,811 INFO o.a.j.a.J.If Customer Created_WriteOutputFile: 
2023-03-11 02:14:31,811 INFO o.a.j.a.J.If Customer Created_WriteOutputFile: Created Customer Number,1324374586,,

2023-03-11 02:14:34,909 INFO o.a.j.a.J.If PaymentOderCreated_WriteOutputFile: PaymentOrderPI_REF
2023-03-11 02:14:34,909 INFO o.a.j.a.J.If PaymentOderCreated_WriteOutputFile: PI23068006ZY50RB
2023-03-11 02:14:34,909 INFO o.a.j.a.J.If PaymentOderCreated_WriteOutputFile: 
2023-03-11 02:14:34,909 INFO o.a.j.a.J.If PaymentOderCreated_WriteOutputFile: 
2023-03-11 02:14:34,909 INFO o.a.j.a.J.If PaymentOderCreated_WriteOutputFile: PaymentOrderPI_REF,PI23068006ZY50RB,,

2023-03-11 02:14:34,909 INFO o.a.j.t.JMeterThread: Thread finished: +++ Create Payment Order +++  3-1
2023-03-11 02:14:34,926 INFO o.a.j.a.J.If Customer Created_WriteOutputFile: Created Customer Number
2023-03-11 02:14:34,926 INFO o.a.j.a.J.If Customer Created_WriteOutputFile: 1794595797
2023-03-11 02:14:34,926 INFO o.a.j.a.J.If Customer Created_WriteOutputFile: 
2023-03-11 02:14:34,926 INFO o.a.j.a.J.If Customer Created_WriteOutputFile: 
2023-03-11 02:14:34,926 INFO o.a.j.a.J.If Customer Created_WriteOutputFile: Created Customer Number,1794595797,,

2023-03-11 02:14:34,926 INFO o.a.j.t.JMeterThread: Thread finished: +++ Create OnBoarding Customer +++  1-1
2023-03-11 02:14:34,955 INFO o.a.j.a.J.If Account Created_WriteOutputFile: account created ID
2023-03-11 02:14:34,955 INFO o.a.j.a.J.If Account Created_WriteOutputFile: 100000126645
2023-03-11 02:14:34,955 INFO o.a.j.a.J.If Account Created_WriteOutputFile: account created AA
2023-03-11 02:14:34,955 INFO o.a.j.a.J.If Account Created_WriteOutputFile: AA230683MQ7Y
2023-03-11 02:14:34,955 INFO o.a.j.a.J.If Account Created_WriteOutputFile: CIF Number
2023-03-11 02:14:34,955 INFO o.a.j.a.J.If Account Created_WriteOutputFile: 1000001652
2023-03-11 02:14:34,955 INFO o.a.j.a.J.If Account Created_WriteOutputFile: 
2023-03-11 02:14:34,955 INFO o.a.j.a.J.If Account Created_WriteOutputFile: 
2023-03-11 02:14:34,955 INFO o.a.j.a.J.If Account Created_WriteOutputFile: account created ID,100000126645,account created AA,AA230683MQ7Y,CIF Number,1000001652,,

2023-03-11 02:14:34,955 INFO o.a.j.t.JMeterThread: Thread finished: +++ Create Account +++  2-1
2023-03-11 02:14:34,955 INFO o.a.j.e.StandardJMeterEngine: Notifying test listeners of end of test
2023-03-11 02:14:34,955 INFO o.a.j.s.FileServer: Close: testData\\input\\core\\CreateDefaultCurrentAccount.csv@918362639
2023-03-11 02:14:34,955 INFO o.a.j.s.FileServer: Close: testData\\input\\core\\CreatePaymentOrder.csv@994367564
2023-03-11 02:14:34,955 INFO o.a.j.g.u.JMeterMenuBar: setRunning(false, *local*)
2023-03-11 02:15:46,989 INFO o.a.j.e.StandardJMeterEngine: Running the test!
2023-03-11 02:15:46,989 INFO o.a.j.s.SampleEvent: List of sample_variables: []
2023-03-11 02:15:46,989 INFO o.a.j.g.u.JMeterMenuBar: setRunning(true, *local*)
2023-03-11 02:15:47,002 INFO o.a.j.e.StandardJMeterEngine: Starting setUp thread groups
2023-03-11 02:15:47,002 INFO o.a.j.e.StandardJMeterEngine: Starting setUp ThreadGroup: 1 : setUp the Run Output folders 
2023-03-11 02:15:47,002 INFO o.a.j.e.StandardJMeterEngine: Starting 1 threads for group setUp the Run Output folders.
2023-03-11 02:15:47,002 INFO o.a.j.e.StandardJMeterEngine: Thread will continue on error
2023-03-11 02:15:47,002 INFO o.a.j.t.ThreadGroup: Starting thread group... number=1 threads=1 ramp-up=1 delayedStart=false
2023-03-11 02:15:47,002 INFO o.a.j.t.ThreadGroup: Started thread group number 1
2023-03-11 02:15:47,002 INFO o.a.j.e.StandardJMeterEngine: Waiting for all setup thread groups to exit
2023-03-11 02:15:47,002 INFO o.a.j.t.JMeterThread: Thread started: setUp the Run Output folders 1-1
2023-03-11 02:15:47,002 INFO o.a.j.t.JMeterThread: Thread is done: setUp the Run Output folders 1-1
2023-03-11 02:15:47,014 INFO o.a.j.t.JMeterThread: Thread finished: setUp the Run Output folders 1-1
2023-03-11 02:15:47,014 INFO o.a.j.e.StandardJMeterEngine: All Setup Threads have ended
2023-03-11 02:15:47,049 INFO o.a.j.e.StandardJMeterEngine: Starting ThreadGroup: 1 : +++ Create OnBoarding Customer +++ 
2023-03-11 02:15:47,049 INFO o.a.j.e.StandardJMeterEngine: Starting 1 threads for group +++ Create OnBoarding Customer +++ .
2023-03-11 02:15:47,049 INFO o.a.j.e.StandardJMeterEngine: Thread will continue on error
2023-03-11 02:15:47,049 INFO k.a.j.t.AbstractSimpleThreadGroup: Starting thread group number 1 threads 1
2023-03-11 02:15:47,049 INFO k.a.j.t.AbstractSimpleThreadGroup: Started thread group number 1
2023-03-11 02:15:47,049 INFO o.a.j.e.StandardJMeterEngine: Starting ThreadGroup: 2 : +++ Create Account +++ 
2023-03-11 02:15:47,049 INFO o.a.j.e.StandardJMeterEngine: Starting 1 threads for group +++ Create Account +++ .
2023-03-11 02:15:47,049 INFO o.a.j.e.StandardJMeterEngine: Thread will continue on error
2023-03-11 02:15:47,049 INFO k.a.j.t.AbstractSimpleThreadGroup: Starting thread group number 2 threads 1
2023-03-11 02:15:47,049 INFO k.a.j.t.AbstractSimpleThreadGroup: Started thread group number 2
2023-03-11 02:15:47,049 INFO o.a.j.e.StandardJMeterEngine: Starting ThreadGroup: 3 : +++ Create Payment Order +++ 
2023-03-11 02:15:47,049 INFO o.a.j.e.StandardJMeterEngine: Starting 1 threads for group +++ Create Payment Order +++ .
2023-03-11 02:15:47,049 INFO o.a.j.e.StandardJMeterEngine: Thread will continue on error
2023-03-11 02:15:47,049 INFO k.a.j.t.AbstractSimpleThreadGroup: Starting thread group number 3 threads 1
2023-03-11 02:15:47,049 INFO k.a.j.t.AbstractSimpleThreadGroup: Started thread group number 3
2023-03-11 02:15:47,049 INFO o.a.j.e.StandardJMeterEngine: All thread groups have been started
2023-03-11 02:15:48,063 INFO o.a.j.t.JMeterThread: Thread started: +++ Create OnBoarding Customer +++  1-1
2023-03-11 02:15:48,063 INFO o.a.j.t.JMeterThread: Thread started: +++ Create Payment Order +++  3-1
2023-03-11 02:15:48,063 INFO o.a.j.t.JMeterThread: Thread started: +++ Create Account +++  2-1
2023-03-11 02:15:48,064 INFO o.a.j.s.FileServer: Stored: testData\\input\\core\\CreatePaymentOrder.csv Alias: testData\\input\\core\\CreatePaymentOrder.csv@43766983
2023-03-11 02:15:48,065 INFO o.a.j.s.FileServer: Stored: testData\\input\\core\\CreateDefaultCurrentAccount.csv Alias: testData\\input\\core\\CreateDefaultCurrentAccount.csv@1844885872
2023-03-11 02:15:48,450 INFO o.a.j.a.J.If PaymentOderCreated_WriteOutputFile: PaymentOrderPI_REF
2023-03-11 02:15:48,450 INFO o.a.j.a.J.If PaymentOderCreated_WriteOutputFile: PI23068006ZY58FZ
2023-03-11 02:15:48,450 INFO o.a.j.a.J.If PaymentOderCreated_WriteOutputFile: 
2023-03-11 02:15:48,450 INFO o.a.j.a.J.If PaymentOderCreated_WriteOutputFile: 
2023-03-11 02:15:48,450 INFO o.a.j.a.J.If PaymentOderCreated_WriteOutputFile: PaymentOrderPI_REF,PI23068006ZY58FZ,,

2023-03-11 02:15:49,022 INFO o.a.j.a.J.If Customer Created_WriteOutputFile: Created Customer Number
2023-03-11 02:15:49,022 INFO o.a.j.a.J.If Customer Created_WriteOutputFile: 1580018774
2023-03-11 02:15:49,022 INFO o.a.j.a.J.If Customer Created_WriteOutputFile: 
2023-03-11 02:15:49,022 INFO o.a.j.a.J.If Customer Created_WriteOutputFile: 
2023-03-11 02:15:49,022 INFO o.a.j.a.J.If Customer Created_WriteOutputFile: Created Customer Number,1580018774,,

2023-03-11 02:15:50,932 INFO o.a.j.a.J.If PaymentOderCreated_WriteOutputFile: PaymentOrderPI_REF
2023-03-11 02:15:50,932 INFO o.a.j.a.J.If PaymentOderCreated_WriteOutputFile: PI2306805QR4KG3F
2023-03-11 02:15:50,932 INFO o.a.j.a.J.If PaymentOderCreated_WriteOutputFile: 
2023-03-11 02:15:50,932 INFO o.a.j.a.J.If PaymentOderCreated_WriteOutputFile: 
2023-03-11 02:15:50,932 INFO o.a.j.a.J.If PaymentOderCreated_WriteOutputFile: PaymentOrderPI_REF,PI2306805QR4KG3F,,

2023-03-11 02:15:52,116 INFO o.a.j.a.J.If Customer Created_WriteOutputFile: Created Customer Number
2023-03-11 02:15:52,116 INFO o.a.j.a.J.If Customer Created_WriteOutputFile: 1739977028
2023-03-11 02:15:52,116 INFO o.a.j.a.J.If Customer Created_WriteOutputFile: 
2023-03-11 02:15:52,116 INFO o.a.j.a.J.If Customer Created_WriteOutputFile: 
2023-03-11 02:15:52,116 INFO o.a.j.a.J.If Customer Created_WriteOutputFile: Created Customer Number,1739977028,,

2023-03-11 02:15:52,116 INFO o.a.j.t.JMeterThread: Thread finished: +++ Create OnBoarding Customer +++  1-1
2023-03-11 02:15:53,070 INFO o.a.j.a.J.If Account Created_WriteOutputFile: account created ID
2023-03-11 02:15:53,070 INFO o.a.j.a.J.If Account Created_WriteOutputFile: 100000126653
2023-03-11 02:15:53,070 INFO o.a.j.a.J.If Account Created_WriteOutputFile: account created AA
2023-03-11 02:15:53,070 INFO o.a.j.a.J.If Account Created_WriteOutputFile: AA230685RDTF
2023-03-11 02:15:53,070 INFO o.a.j.a.J.If Account Created_WriteOutputFile: CIF Number
2023-03-11 02:15:53,070 INFO o.a.j.a.J.If Account Created_WriteOutputFile: 1000001652
2023-03-11 02:15:53,070 INFO o.a.j.a.J.If Account Created_WriteOutputFile: 
2023-03-11 02:15:53,070 INFO o.a.j.a.J.If Account Created_WriteOutputFile: 
2023-03-11 02:15:53,070 INFO o.a.j.a.J.If Account Created_WriteOutputFile: account created ID,100000126653,account created AA,AA230685RDTF,CIF Number,1000001652,,

2023-03-11 02:15:53,070 INFO o.a.j.t.JMeterThread: Thread finished: +++ Create Account +++  2-1
2023-03-11 02:15:53,296 INFO o.a.j.a.J.If PaymentOderCreated_WriteOutputFile: PaymentOrderPI_REF
2023-03-11 02:15:53,296 INFO o.a.j.a.J.If PaymentOderCreated_WriteOutputFile: PI2306805QR4KG9W
2023-03-11 02:15:53,296 INFO o.a.j.a.J.If PaymentOderCreated_WriteOutputFile: 
2023-03-11 02:15:53,296 INFO o.a.j.a.J.If PaymentOderCreated_WriteOutputFile: 
2023-03-11 02:15:53,296 INFO o.a.j.a.J.If PaymentOderCreated_WriteOutputFile: PaymentOrderPI_REF,PI2306805QR4KG9W,,

2023-03-11 02:15:53,296 INFO o.a.j.t.JMeterThread: Thread finished: +++ Create Payment Order +++  3-1
2023-03-11 02:15:53,305 INFO o.a.j.e.StandardJMeterEngine: Notifying test listeners of end of test
2023-03-11 02:15:53,305 INFO o.a.j.s.FileServer: Close: testData\\input\\core\\CreatePaymentOrder.csv@43766983
2023-03-11 02:15:53,305 INFO o.a.j.s.FileServer: Close: testData\\input\\core\\CreateDefaultCurrentAccount.csv@1844885872
2023-03-11 02:15:53,305 INFO o.a.j.g.u.JMeterMenuBar: setRunning(false, *local*)
2023-03-11 02:17:46,185 INFO o.a.j.e.StandardJMeterEngine: Running the test!
2023-03-11 02:17:46,185 INFO o.a.j.s.SampleEvent: List of sample_variables: []
2023-03-11 02:17:46,185 INFO o.a.j.g.u.JMeterMenuBar: setRunning(true, *local*)
2023-03-11 02:17:46,185 INFO o.a.j.e.StandardJMeterEngine: Starting setUp thread groups
2023-03-11 02:17:46,185 INFO o.a.j.e.StandardJMeterEngine: Starting setUp ThreadGroup: 1 : setUp the Run Output folders 
2023-03-11 02:17:46,185 INFO o.a.j.e.StandardJMeterEngine: Starting 1 threads for group setUp the Run Output folders.
2023-03-11 02:17:46,185 INFO o.a.j.e.StandardJMeterEngine: Thread will continue on error
2023-03-11 02:17:46,185 INFO o.a.j.t.ThreadGroup: Starting thread group... number=1 threads=1 ramp-up=1 delayedStart=false
2023-03-11 02:17:46,185 INFO o.a.j.t.ThreadGroup: Started thread group number 1
2023-03-11 02:17:46,185 INFO o.a.j.e.StandardJMeterEngine: Waiting for all setup thread groups to exit
2023-03-11 02:17:46,185 INFO o.a.j.t.JMeterThread: Thread started: setUp the Run Output folders 1-1
2023-03-11 02:17:46,197 INFO o.a.j.t.JMeterThread: Thread is done: setUp the Run Output folders 1-1
2023-03-11 02:17:46,197 INFO o.a.j.t.JMeterThread: Thread finished: setUp the Run Output folders 1-1
2023-03-11 02:17:46,197 INFO o.a.j.e.StandardJMeterEngine: All Setup Threads have ended
2023-03-11 02:17:46,243 INFO o.a.j.e.StandardJMeterEngine: Starting ThreadGroup: 1 : +++ Create OnBoarding Customer +++ 
2023-03-11 02:17:46,243 INFO o.a.j.e.StandardJMeterEngine: Starting 1 threads for group +++ Create OnBoarding Customer +++ .
2023-03-11 02:17:46,243 INFO o.a.j.e.StandardJMeterEngine: Thread will continue on error
2023-03-11 02:17:46,243 INFO k.a.j.t.AbstractSimpleThreadGroup: Starting thread group number 1 threads 1
2023-03-11 02:17:46,243 INFO k.a.j.t.AbstractSimpleThreadGroup: Started thread group number 1
2023-03-11 02:17:46,243 INFO o.a.j.e.StandardJMeterEngine: Starting ThreadGroup: 2 : +++ Create Account +++ 
2023-03-11 02:17:46,243 INFO o.a.j.e.StandardJMeterEngine: Starting 1 threads for group +++ Create Account +++ .
2023-03-11 02:17:46,243 INFO o.a.j.e.StandardJMeterEngine: Thread will continue on error
2023-03-11 02:17:46,243 INFO k.a.j.t.AbstractSimpleThreadGroup: Starting thread group number 2 threads 1
2023-03-11 02:17:46,243 INFO k.a.j.t.AbstractSimpleThreadGroup: Started thread group number 2
2023-03-11 02:17:46,243 INFO o.a.j.e.StandardJMeterEngine: All thread groups have been started
2023-03-11 02:17:47,255 INFO o.a.j.t.JMeterThread: Thread started: +++ Create Account +++  2-1
2023-03-11 02:17:47,255 INFO o.a.j.t.JMeterThread: Thread started: +++ Create OnBoarding Customer +++  1-1
2023-03-11 02:17:47,256 INFO o.a.j.s.FileServer: Stored: testData\\input\\core\\CreateDefaultCurrentAccount.csv Alias: testData\\input\\core\\CreateDefaultCurrentAccount.csv@903374613
2023-03-11 02:17:48,829 INFO o.a.j.a.J.If Customer Created_WriteOutputFile: Created Customer Number
2023-03-11 02:17:48,829 INFO o.a.j.a.J.If Customer Created_WriteOutputFile: 1717966097
2023-03-11 02:17:48,829 INFO o.a.j.a.J.If Customer Created_WriteOutputFile: 
2023-03-11 02:17:48,829 INFO o.a.j.a.J.If Customer Created_WriteOutputFile: 
2023-03-11 02:17:48,829 INFO o.a.j.a.J.If Customer Created_WriteOutputFile: Created Customer Number,1717966097,,

2023-03-11 02:17:52,273 INFO o.a.j.a.J.If Customer Created_WriteOutputFile: Created Customer Number
2023-03-11 02:17:52,273 INFO o.a.j.a.J.If Customer Created_WriteOutputFile: 1050644915
2023-03-11 02:17:52,273 INFO o.a.j.a.J.If Customer Created_WriteOutputFile: 
2023-03-11 02:17:52,273 INFO o.a.j.a.J.If Customer Created_WriteOutputFile: 
2023-03-11 02:17:52,273 INFO o.a.j.a.J.If Customer Created_WriteOutputFile: Created Customer Number,1050644915,,

2023-03-11 02:17:52,273 INFO o.a.j.t.JMeterThread: Thread finished: +++ Create OnBoarding Customer +++  1-1
2023-03-11 02:17:52,368 INFO o.a.j.a.J.If Account Created_WriteOutputFile: account created ID
2023-03-11 02:17:52,368 INFO o.a.j.a.J.If Account Created_WriteOutputFile: 100000126661
2023-03-11 02:17:52,368 INFO o.a.j.a.J.If Account Created_WriteOutputFile: account created AA
2023-03-11 02:17:52,368 INFO o.a.j.a.J.If Account Created_WriteOutputFile: AA23068MH3PM
2023-03-11 02:17:52,368 INFO o.a.j.a.J.If Account Created_WriteOutputFile: CIF Number
2023-03-11 02:17:52,368 INFO o.a.j.a.J.If Account Created_WriteOutputFile: 1000001652
2023-03-11 02:17:52,368 INFO o.a.j.a.J.If Account Created_WriteOutputFile: 
2023-03-11 02:17:52,368 INFO o.a.j.a.J.If Account Created_WriteOutputFile: 
2023-03-11 02:17:52,368 INFO o.a.j.a.J.If Account Created_WriteOutputFile: account created ID,100000126661,account created AA,AA23068MH3PM,CIF Number,1000001652,,

2023-03-11 02:17:52,368 INFO o.a.j.t.JMeterThread: Thread finished: +++ Create Account +++  2-1
2023-03-11 02:17:52,368 INFO o.a.j.e.StandardJMeterEngine: Notifying test listeners of end of test
2023-03-11 02:17:52,368 INFO o.a.j.s.FileServer: Close: testData\\input\\core\\CreateDefaultCurrentAccount.csv@903374613
2023-03-11 02:17:52,368 INFO o.a.j.g.u.JMeterMenuBar: setRunning(false, *local*)
2023-03-11 02:20:48,329 INFO o.a.j.e.StandardJMeterEngine: Running the test!
2023-03-11 02:20:48,329 INFO o.a.j.s.SampleEvent: List of sample_variables: []
2023-03-11 02:20:48,329 INFO o.a.j.g.u.JMeterMenuBar: setRunning(true, *local*)
2023-03-11 02:20:48,329 INFO o.a.j.e.StandardJMeterEngine: Starting setUp thread groups
2023-03-11 02:20:48,329 INFO o.a.j.e.StandardJMeterEngine: Starting setUp ThreadGroup: 1 : setUp the Run Output folders 
2023-03-11 02:20:48,329 INFO o.a.j.e.StandardJMeterEngine: Starting 1 threads for group setUp the Run Output folders.
2023-03-11 02:20:48,329 INFO o.a.j.e.StandardJMeterEngine: Thread will continue on error
2023-03-11 02:20:48,329 INFO o.a.j.t.ThreadGroup: Starting thread group... number=1 threads=1 ramp-up=1 delayedStart=false
2023-03-11 02:20:48,329 INFO o.a.j.t.ThreadGroup: Started thread group number 1
2023-03-11 02:20:48,329 INFO o.a.j.e.StandardJMeterEngine: Waiting for all setup thread groups to exit
2023-03-11 02:20:48,329 INFO o.a.j.t.JMeterThread: Thread started: setUp the Run Output folders 1-1
2023-03-11 02:20:48,329 INFO o.a.j.t.JMeterThread: Thread is done: setUp the Run Output folders 1-1
2023-03-11 02:20:48,329 INFO o.a.j.t.JMeterThread: Thread finished: setUp the Run Output folders 1-1
2023-03-11 02:20:48,329 INFO o.a.j.e.StandardJMeterEngine: All Setup Threads have ended
2023-03-11 02:20:48,377 INFO o.a.j.e.StandardJMeterEngine: Starting ThreadGroup: 1 : +++ Create OnBoarding Customer +++ 
2023-03-11 02:20:48,377 INFO o.a.j.e.StandardJMeterEngine: Starting 1 threads for group +++ Create OnBoarding Customer +++ .
2023-03-11 02:20:48,377 INFO o.a.j.e.StandardJMeterEngine: Thread will continue on error
2023-03-11 02:20:48,377 INFO k.a.j.t.AbstractSimpleThreadGroup: Starting thread group number 1 threads 1
2023-03-11 02:20:48,377 INFO k.a.j.t.AbstractSimpleThreadGroup: Started thread group number 1
2023-03-11 02:20:48,377 INFO o.a.j.e.StandardJMeterEngine: Starting ThreadGroup: 2 : +++ Create Account +++ 
2023-03-11 02:20:48,377 INFO o.a.j.e.StandardJMeterEngine: Starting 1 threads for group +++ Create Account +++ .
2023-03-11 02:20:48,377 INFO o.a.j.e.StandardJMeterEngine: Thread will continue on error
2023-03-11 02:20:48,377 INFO k.a.j.t.AbstractSimpleThreadGroup: Starting thread group number 2 threads 1
2023-03-11 02:20:48,377 INFO k.a.j.t.AbstractSimpleThreadGroup: Started thread group number 2
2023-03-11 02:20:48,377 INFO o.a.j.e.StandardJMeterEngine: Starting ThreadGroup: 3 : +++ Create Payment Order +++ 
2023-03-11 02:20:48,377 INFO o.a.j.e.StandardJMeterEngine: Starting 1 threads for group +++ Create Payment Order +++ .
2023-03-11 02:20:48,377 INFO o.a.j.e.StandardJMeterEngine: Thread will continue on error
2023-03-11 02:20:48,377 INFO k.a.j.t.AbstractSimpleThreadGroup: Starting thread group number 3 threads 1
2023-03-11 02:20:48,377 INFO k.a.j.t.AbstractSimpleThreadGroup: Started thread group number 3
2023-03-11 02:20:48,377 INFO o.a.j.e.StandardJMeterEngine: All thread groups have been started
2023-03-11 02:20:49,385 INFO o.a.j.t.JMeterThread: Thread started: +++ Create Account +++  2-1
2023-03-11 02:20:49,385 INFO o.a.j.t.JMeterThread: Thread started: +++ Create OnBoarding Customer +++  1-1
2023-03-11 02:20:49,386 INFO o.a.j.t.JMeterThread: Thread started: +++ Create Payment Order +++  3-1
2023-03-11 02:20:49,385 INFO o.a.j.s.FileServer: Stored: testData\\input\\core\\CreateDefaultCurrentAccount.csv Alias: testData\\input\\core\\CreateDefaultCurrentAccount.csv@600033738
2023-03-11 02:20:49,388 INFO o.a.j.s.FileServer: Stored: testData\\input\\core\\CreatePaymentOrder.csv Alias: testData\\input\\core\\CreatePaymentOrder.csv@1903069060
2023-03-11 02:20:50,702 INFO o.a.j.a.J.If Customer Created_WriteOutputFile: Created Customer Number
2023-03-11 02:20:50,704 INFO o.a.j.a.J.If Customer Created_WriteOutputFile: 1888758392
2023-03-11 02:20:50,704 INFO o.a.j.a.J.If Customer Created_WriteOutputFile: 
2023-03-11 02:20:50,704 INFO o.a.j.a.J.If Customer Created_WriteOutputFile: 
2023-03-11 02:20:50,704 INFO o.a.j.a.J.If Customer Created_WriteOutputFile: Created Customer Number,1888758392,,

2023-03-11 02:20:53,928 INFO o.a.j.a.J.If Customer Created_WriteOutputFile: Created Customer Number
2023-03-11 02:20:53,928 INFO o.a.j.a.J.If Customer Created_WriteOutputFile: 1662534845
2023-03-11 02:20:53,928 INFO o.a.j.a.J.If Customer Created_WriteOutputFile: 
2023-03-11 02:20:53,928 INFO o.a.j.a.J.If Customer Created_WriteOutputFile: 
2023-03-11 02:20:53,928 INFO o.a.j.a.J.If Customer Created_WriteOutputFile: Created Customer Number,1662534845,,

2023-03-11 02:20:53,928 INFO o.a.j.t.JMeterThread: Thread finished: +++ Create OnBoarding Customer +++  1-1
2023-03-11 02:20:54,435 INFO o.a.j.a.J.If Account Created_WriteOutputFile: account created ID
2023-03-11 02:20:54,435 INFO o.a.j.a.J.If Account Created_WriteOutputFile: 100000126677
2023-03-11 02:20:54,435 INFO o.a.j.a.J.If Account Created_WriteOutputFile: account created AA
2023-03-11 02:20:54,435 INFO o.a.j.a.J.If Account Created_WriteOutputFile: AA23068CDL88
2023-03-11 02:20:54,435 INFO o.a.j.a.J.If Account Created_WriteOutputFile: CIF Number
2023-03-11 02:20:54,435 INFO o.a.j.a.J.If Account Created_WriteOutputFile: 1000001652
2023-03-11 02:20:54,435 INFO o.a.j.a.J.If Account Created_WriteOutputFile: 
2023-03-11 02:20:54,435 INFO o.a.j.a.J.If Account Created_WriteOutputFile: 
2023-03-11 02:20:54,435 INFO o.a.j.a.J.If Account Created_WriteOutputFile: account created ID,100000126677,account created AA,AA23068CDL88,CIF Number,1000001652,,

2023-03-11 02:20:54,435 INFO o.a.j.t.JMeterThread: Thread finished: +++ Create Account +++  2-1
2023-03-11 02:20:57,376 INFO o.a.j.a.J.If PaymentOderCreated_WriteOutputFile: PaymentOrderPI_REF
2023-03-11 02:20:57,376 INFO o.a.j.a.J.If PaymentOderCreated_WriteOutputFile: PI23068006ZY68W5
2023-03-11 02:20:57,376 INFO o.a.j.a.J.If PaymentOderCreated_WriteOutputFile: 
2023-03-11 02:20:57,376 INFO o.a.j.a.J.If PaymentOderCreated_WriteOutputFile: 
2023-03-11 02:20:57,376 INFO o.a.j.a.J.If PaymentOderCreated_WriteOutputFile: PaymentOrderPI_REF,PI23068006ZY68W5,,

2023-03-11 02:20:57,376 INFO o.a.j.t.JMeterThread: Stopping because end time detected by thread: +++ Create Payment Order +++  3-1
2023-03-11 02:20:57,376 INFO o.a.j.t.JMeterThread: Thread finished: +++ Create Payment Order +++  3-1
2023-03-11 02:20:57,376 INFO o.a.j.e.StandardJMeterEngine: Notifying test listeners of end of test
2023-03-11 02:20:57,376 INFO o.a.j.s.FileServer: Close: testData\\input\\core\\CreatePaymentOrder.csv@1903069060
2023-03-11 02:20:57,376 INFO o.a.j.s.FileServer: Close: testData\\input\\core\\CreateDefaultCurrentAccount.csv@600033738
2023-03-11 02:20:57,376 INFO o.a.j.g.u.JMeterMenuBar: setRunning(false, *local*)
2023-03-11 02:46:44,271 INFO o.a.j.e.StandardJMeterEngine: Running the test!
2023-03-11 02:46:44,271 INFO o.a.j.s.SampleEvent: List of sample_variables: []
2023-03-11 02:46:44,271 INFO o.a.j.g.u.JMeterMenuBar: setRunning(true, *local*)
2023-03-11 02:46:44,280 INFO o.a.j.e.StandardJMeterEngine: Starting setUp thread groups
2023-03-11 02:46:44,280 INFO o.a.j.e.StandardJMeterEngine: Starting setUp ThreadGroup: 1 : setUp the Run Output folders 
2023-03-11 02:46:44,280 INFO o.a.j.e.StandardJMeterEngine: Starting 1 threads for group setUp the Run Output folders.
2023-03-11 02:46:44,280 INFO o.a.j.e.StandardJMeterEngine: Thread will continue on error
2023-03-11 02:46:44,280 INFO o.a.j.t.ThreadGroup: Starting thread group... number=1 threads=1 ramp-up=1 delayedStart=false
2023-03-11 02:46:44,280 INFO o.a.j.t.ThreadGroup: Started thread group number 1
2023-03-11 02:46:44,280 INFO o.a.j.e.StandardJMeterEngine: Waiting for all setup thread groups to exit
2023-03-11 02:46:44,280 INFO o.a.j.t.JMeterThread: Thread started: setUp the Run Output folders 1-1
2023-03-11 02:46:44,280 INFO o.a.j.t.JMeterThread: Thread is done: setUp the Run Output folders 1-1
2023-03-11 02:46:44,280 INFO o.a.j.t.JMeterThread: Thread finished: setUp the Run Output folders 1-1
2023-03-11 02:46:44,280 INFO o.a.j.e.StandardJMeterEngine: All Setup Threads have ended
2023-03-11 02:46:44,327 INFO o.a.j.e.StandardJMeterEngine: Starting ThreadGroup: 1 : +++ Create OnBoarding Customer +++ 
2023-03-11 02:46:44,327 INFO o.a.j.e.StandardJMeterEngine: Starting 1 threads for group +++ Create OnBoarding Customer +++ .
2023-03-11 02:46:44,327 INFO o.a.j.e.StandardJMeterEngine: Thread will continue on error
2023-03-11 02:46:44,327 INFO k.a.j.t.AbstractSimpleThreadGroup: Starting thread group number 1 threads 1
2023-03-11 02:46:44,327 INFO k.a.j.t.AbstractSimpleThreadGroup: Started thread group number 1
2023-03-11 02:46:44,327 INFO o.a.j.e.StandardJMeterEngine: Starting ThreadGroup: 2 : +++ Create Account +++ 
2023-03-11 02:46:44,327 INFO o.a.j.e.StandardJMeterEngine: Starting 1 threads for group +++ Create Account +++ .
2023-03-11 02:46:44,327 INFO o.a.j.e.StandardJMeterEngine: Thread will continue on error
2023-03-11 02:46:44,327 INFO k.a.j.t.AbstractSimpleThreadGroup: Starting thread group number 2 threads 1
2023-03-11 02:46:44,327 INFO k.a.j.t.AbstractSimpleThreadGroup: Started thread group number 2
2023-03-11 02:46:44,327 INFO o.a.j.e.StandardJMeterEngine: Starting ThreadGroup: 3 : +++ Create Payment Order +++ 
2023-03-11 02:46:44,327 INFO o.a.j.e.StandardJMeterEngine: Starting 1 threads for group +++ Create Payment Order +++ .
2023-03-11 02:46:44,327 INFO o.a.j.e.StandardJMeterEngine: Thread will continue on error
2023-03-11 02:46:44,327 INFO k.a.j.t.AbstractSimpleThreadGroup: Starting thread group number 3 threads 1
2023-03-11 02:46:44,327 INFO k.a.j.t.AbstractSimpleThreadGroup: Started thread group number 3
2023-03-11 02:46:44,327 INFO o.a.j.e.StandardJMeterEngine: Starting ThreadGroup: 4 : +++ Deposits CreateCD +++ 
2023-03-11 02:46:44,327 INFO o.a.j.e.StandardJMeterEngine: Starting 1 threads for group +++ Deposits CreateCD +++ .
2023-03-11 02:46:44,327 INFO o.a.j.e.StandardJMeterEngine: Thread will continue on error
2023-03-11 02:46:44,327 INFO k.a.j.t.AbstractSimpleThreadGroup: Starting thread group number 4 threads 1
2023-03-11 02:46:44,327 INFO k.a.j.t.AbstractSimpleThreadGroup: Started thread group number 4
2023-03-11 02:46:44,327 INFO o.a.j.e.StandardJMeterEngine: Starting ThreadGroup: 5 : +++ Create ACH Payment +++
2023-03-11 02:46:44,327 INFO o.a.j.e.StandardJMeterEngine: Starting 1 threads for group +++ Create ACH Payment +++.
2023-03-11 02:46:44,327 INFO o.a.j.e.StandardJMeterEngine: Thread will continue on error
2023-03-11 02:46:44,327 INFO k.a.j.t.AbstractSimpleThreadGroup: Starting thread group number 5 threads 1
2023-03-11 02:46:44,327 INFO k.a.j.t.AbstractSimpleThreadGroup: Started thread group number 5
2023-03-11 02:46:44,327 INFO o.a.j.e.StandardJMeterEngine: Starting ThreadGroup: 6 : +++ Get Account Balance +++
2023-03-11 02:46:44,327 INFO o.a.j.e.StandardJMeterEngine: Starting 1 threads for group +++ Get Account Balance +++.
2023-03-11 02:46:44,327 INFO o.a.j.e.StandardJMeterEngine: Thread will continue on error
2023-03-11 02:46:44,327 INFO k.a.j.t.AbstractSimpleThreadGroup: Starting thread group number 6 threads 1
2023-03-11 02:46:44,327 INFO k.a.j.t.AbstractSimpleThreadGroup: Started thread group number 6
2023-03-11 02:46:44,327 INFO o.a.j.e.StandardJMeterEngine: Starting ThreadGroup: 7 : +++ New Debit Card Creation +++
2023-03-11 02:46:44,327 INFO o.a.j.e.StandardJMeterEngine: Starting 1 threads for group +++ New Debit Card Creation +++.
2023-03-11 02:46:44,327 INFO o.a.j.e.StandardJMeterEngine: Thread will continue on error
2023-03-11 02:46:44,327 INFO k.a.j.t.AbstractSimpleThreadGroup: Starting thread group number 7 threads 1
2023-03-11 02:46:44,327 INFO k.a.j.t.AbstractSimpleThreadGroup: Started thread group number 7
2023-03-11 02:46:44,327 INFO o.a.j.e.StandardJMeterEngine: All thread groups have been started
2023-03-11 02:46:44,327 INFO o.a.j.t.JMeterThread: Thread started: +++ New Debit Card Creation +++ 7-1
2023-03-11 02:46:44,327 INFO o.a.j.s.FileServer: Stored: testData\\input\\core\\Core_TestData_NewDebitCardCreation.csv Alias: testData\\input\\core\\Core_TestData_NewDebitCardCreation.csv@1680875873
2023-03-11 02:46:45,339 INFO o.a.j.t.JMeterThread: Thread started: +++ Create Payment Order +++  3-1
2023-03-11 02:46:45,339 INFO o.a.j.t.JMeterThread: Thread started: +++ Deposits CreateCD +++  4-1
2023-03-11 02:46:45,339 INFO o.a.j.t.JMeterThread: Thread started: +++ Create OnBoarding Customer +++  1-1
2023-03-11 02:46:45,339 INFO o.a.j.t.JMeterThread: Thread started: +++ Create Account +++  2-1
2023-03-11 02:46:45,340 INFO o.a.j.s.FileServer: Stored: testData\\input\\core\\Core_TestData_CreatePaymentOrder.csv
2023-03-11 02:46:45,341 INFO o.a.j.s.FileServer: Stored: testData\\input\\core\\Core_TestData_CreateCD.csv
2023-03-11 02:46:45,344 INFO o.a.j.t.JMeterThread: Thread started: +++ Create ACH Payment +++ 5-1
2023-03-11 02:46:45,344 INFO o.a.j.t.JMeterThread: Thread started: +++ Get Account Balance +++ 6-1
2023-03-11 02:46:45,346 INFO o.a.j.s.FileServer: Stored: testData\\input\\core\\CreateDefaultCurrentAccount.csv
2023-03-11 02:46:45,346 INFO o.a.j.s.FileServer: Stored: testData\\input\\core\\Core_TestData_CreateACHPayment.csv Alias: testData\\input\\core\\Core_TestData_CreateACHPayment.csv@1804631600
2023-03-11 02:46:45,346 ERROR o.a.j.t.JMeterThread: Test failed!
java.lang.IllegalArgumentException: Could not read file header line for file testData\\input\\core\\CreateDefaultCurrentAccount.csv
	at org.apache.jmeter.services.FileServer.reserveFile(FileServer.java:283) ~[ApacheJMeter_core.jar:5.5]
	at org.apache.jmeter.config.CSVDataSet.initVars(CSVDataSet.java:216) ~[ApacheJMeter_components.jar:5.5]
	at org.apache.jmeter.config.CSVDataSet.iterationStart(CSVDataSet.java:171) ~[ApacheJMeter_components.jar:5.5]
	at org.apache.jmeter.control.GenericController.fireIterationStart(GenericController.java:399) ~[ApacheJMeter_core.jar:5.5]
	at org.apache.jmeter.control.GenericController.fireIterEvents(GenericController.java:391) ~[ApacheJMeter_core.jar:5.5]
	at org.apache.jmeter.control.GenericController.next(GenericController.java:160) ~[ApacheJMeter_core.jar:5.5]
	at org.apache.jmeter.control.TransactionController.nextWithTransactionSampler(TransactionController.java:161) ~[ApacheJMeter_core.jar:5.5]
	at org.apache.jmeter.control.TransactionController.next(TransactionController.java:133) ~[ApacheJMeter_core.jar:5.5]
	at org.apache.jmeter.control.GenericController.nextIsAController(GenericController.java:222) ~[ApacheJMeter_core.jar:5.5]
	at org.apache.jmeter.control.GenericController.next(GenericController.java:175) ~[ApacheJMeter_core.jar:5.5]
	at org.apache.jmeter.control.LoopController.next(LoopController.java:134) ~[ApacheJMeter_core.jar:5.5]
	at org.apache.jmeter.threads.AbstractThreadGroup.next(AbstractThreadGroup.java:99) ~[ApacheJMeter_core.jar:5.5]
	at org.apache.jmeter.threads.JMeterThread.run(JMeterThread.java:266) ~[ApacheJMeter_core.jar:5.5]
	at java.lang.Thread.run(Thread.java:1589) ~[?:?]
Caused by: java.lang.IllegalArgumentException: File CreateDefaultCurrentAccount.csv must exist and be readable
	at org.apache.jmeter.services.FileServer.createBufferedReader(FileServer.java:424) ~[ApacheJMeter_core.jar:5.5]
	at org.apache.jmeter.services.FileServer.readLine(FileServer.java:340) ~[ApacheJMeter_core.jar:5.5]
	at org.apache.jmeter.services.FileServer.readLine(FileServer.java:324) ~[ApacheJMeter_core.jar:5.5]
	at org.apache.jmeter.services.FileServer.reserveFile(FileServer.java:272) ~[ApacheJMeter_core.jar:5.5]
	... 13 more
2023-03-11 02:46:45,346 INFO o.a.j.s.FileServer: Stored: testData\\input\\core\\Core_TestData_GetAccountDetails.csv
2023-03-11 02:46:45,346 INFO o.a.j.t.JMeterThread: Thread finished: +++ Create Account +++  2-1
2023-03-11 02:46:45,597 INFO o.a.j.a.J.JSR223 Assertion: Card Number
2023-03-11 02:46:45,597 INFO o.a.j.a.J.JSR223 Assertion: 1000000000010771
2023-03-11 02:46:45,597 INFO o.a.j.a.J.JSR223 Assertion: 
2023-03-11 02:46:45,597 INFO o.a.j.a.J.JSR223 Assertion: 
2023-03-11 02:46:45,597 INFO o.a.j.a.J.JSR223 Assertion: Card Number,1000000000010771,,

2023-03-11 02:46:47,624 INFO o.a.j.a.J.If Customer Created_WriteOutputFile: Created Customer Number
2023-03-11 02:46:47,624 INFO o.a.j.a.J.If Customer Created_WriteOutputFile: 1584891430
2023-03-11 02:46:47,624 INFO o.a.j.a.J.If Customer Created_WriteOutputFile: 
2023-03-11 02:46:47,624 INFO o.a.j.a.J.If Customer Created_WriteOutputFile: 
2023-03-11 02:46:47,624 INFO o.a.j.a.J.If Customer Created_WriteOutputFile: Created Customer Number,1584891430,,

2023-03-11 02:46:48,411 INFO o.a.j.a.J.JSR223 Assertion: Card Number
2023-03-11 02:46:48,411 INFO o.a.j.a.J.JSR223 Assertion: 1000000000010772
2023-03-11 02:46:48,411 INFO o.a.j.a.J.JSR223 Assertion: 
2023-03-11 02:46:48,411 INFO o.a.j.a.J.JSR223 Assertion: 
2023-03-11 02:46:48,411 INFO o.a.j.a.J.JSR223 Assertion: Card Number,1000000000010772,,

2023-03-11 02:46:48,411 INFO o.a.j.t.JMeterThread: Thread finished: +++ New Debit Card Creation +++ 7-1
2023-03-11 02:46:49,659 INFO o.a.j.a.J.JSR223 Assertion: 100000035259
2023-03-11 02:46:49,659 INFO o.a.j.a.J.JSR223 Assertion: success
2023-03-11 02:46:49,659 INFO o.a.j.a.J.JSR223 Assertion: 100000035259,success

2023-03-11 02:46:49,659 INFO o.a.j.t.JMeterThread: Thread finished: +++ Get Account Balance +++ 6-1
2023-03-11 02:46:50,926 INFO o.a.j.a.J.JSR223 Assertion: ID
2023-03-11 02:46:50,926 INFO o.a.j.a.J.JSR223 Assertion: null
2023-03-11 02:46:50,926 INFO o.a.j.a.J.JSR223 Assertion: PI2306805QR4RP48
2023-03-11 02:46:50,926 INFO o.a.j.a.J.JSR223 Assertion: 
2023-03-11 02:46:50,926 INFO o.a.j.a.J.JSR223 Assertion: 
2023-03-11 02:46:50,926 INFO o.a.j.a.J.JSR223 Assertion: ID,null,PI2306805QR4RP48,,

2023-03-11 02:46:50,926 INFO o.a.j.t.JMeterThread: Thread finished: +++ Create ACH Payment +++ 5-1
2023-03-11 02:46:51,860 INFO o.a.j.a.J.If Customer Created_WriteOutputFile: Created Customer Number
2023-03-11 02:46:51,860 INFO o.a.j.a.J.If Customer Created_WriteOutputFile: 1867595113
2023-03-11 02:46:51,860 INFO o.a.j.a.J.If Customer Created_WriteOutputFile: 
2023-03-11 02:46:51,860 INFO o.a.j.a.J.If Customer Created_WriteOutputFile: 
2023-03-11 02:46:51,860 INFO o.a.j.a.J.If Customer Created_WriteOutputFile: Created Customer Number,1867595113,,

2023-03-11 02:46:51,860 INFO o.a.j.t.JMeterThread: Stopping because end time detected by thread: +++ Create OnBoarding Customer +++  1-1
2023-03-11 02:46:51,860 INFO o.a.j.t.JMeterThread: Thread finished: +++ Create OnBoarding Customer +++  1-1
2023-03-11 02:46:57,745 INFO o.a.j.a.J.If PaymentOderCreated_WriteOutputFile: PaymentOrderPI_REF
2023-03-11 02:46:57,745 INFO o.a.j.a.J.If PaymentOderCreated_WriteOutputFile: PI2306810J9S39T5
2023-03-11 02:46:57,745 INFO o.a.j.a.J.If PaymentOderCreated_WriteOutputFile: 
2023-03-11 02:46:57,745 INFO o.a.j.a.J.If PaymentOderCreated_WriteOutputFile: 
2023-03-11 02:46:57,745 INFO o.a.j.a.J.If PaymentOderCreated_WriteOutputFile: PaymentOrderPI_REF,PI2306810J9S39T5,,

2023-03-11 02:46:57,745 INFO o.a.j.t.JMeterThread: Stopping because end time detected by thread: +++ Create Payment Order +++  3-1
2023-03-11 02:46:57,745 INFO o.a.j.t.JMeterThread: Thread finished: +++ Create Payment Order +++  3-1
2023-03-11 02:46:59,589 ERROR o.a.j.e.JSR223PostProcessor: Problem in JSR223 script, JSR223 PostProcessor
javax.script.ScriptException: java.io.FileNotFoundException: \\Core_Output_CreatedCD.csv (The specified path is invalid)
	at org.codehaus.groovy.jsr223.GroovyScriptEngineImpl.eval(GroovyScriptEngineImpl.java:320) ~[groovy-jsr223-3.0.11.jar:3.0.11]
	at org.codehaus.groovy.jsr223.GroovyCompiledScript.eval(GroovyCompiledScript.java:71) ~[groovy-jsr223-3.0.11.jar:3.0.11]
	at javax.script.CompiledScript.eval(CompiledScript.java:93) ~[java.scripting:?]
	at org.apache.jmeter.util.JSR223TestElement.processFileOrScript(JSR223TestElement.java:217) ~[ApacheJMeter_core.jar:5.5]
	at org.apache.jmeter.extractor.JSR223PostProcessor.process(JSR223PostProcessor.java:45) ~[ApacheJMeter_components.jar:5.5]
	at org.apache.jmeter.threads.JMeterThread.runPostProcessors(JMeterThread.java:968) ~[ApacheJMeter_core.jar:5.5]
	at org.apache.jmeter.threads.JMeterThread.executeSamplePackage(JMeterThread.java:585) ~[ApacheJMeter_core.jar:5.5]
	at org.apache.jmeter.threads.JMeterThread.processSampler(JMeterThread.java:501) ~[ApacheJMeter_core.jar:5.5]
	at org.apache.jmeter.threads.JMeterThread.run(JMeterThread.java:268) ~[ApacheJMeter_core.jar:5.5]
	at java.lang.Thread.run(Thread.java:1589) ~[?:?]
Caused by: java.io.FileNotFoundException: \\Core_Output_CreatedCD.csv (The specified path is invalid)
	at java.io.FileOutputStream.open0(Native Method) ~[?:?]
	at java.io.FileOutputStream.open(FileOutputStream.java:295) ~[?:?]
	at java.io.FileOutputStream.<init>(FileOutputStream.java:236) ~[?:?]
	at java.io.FileOutputStream.<init>(FileOutputStream.java:156) ~[?:?]
	at java.io.FileWriter.<init>(FileWriter.java:84) ~[?:?]
	at jdk.internal.reflect.DirectConstructorHandleAccessor.newInstance(DirectConstructorHandleAccessor.java:67) ~[?:?]
	at java.lang.reflect.Constructor.newInstanceWithCaller(Constructor.java:500) ~[?:?]
	at java.lang.reflect.Constructor.newInstance(Constructor.java:484) ~[?:?]
	at org.codehaus.groovy.reflection.CachedConstructor.invoke(CachedConstructor.java:72) ~[groovy-3.0.11.jar:3.0.11]
	at org.codehaus.groovy.runtime.callsite.ConstructorSite$ConstructorSiteNoUnwrapNoCoerce.callConstructor(ConstructorSite.java:105) ~[groovy-3.0.11.jar:3.0.11]
	at org.codehaus.groovy.runtime.callsite.CallSiteArray.defaultCallConstructor(CallSiteArray.java:59) ~[groovy-3.0.11.jar:3.0.11]
	at org.codehaus.groovy.runtime.callsite.AbstractCallSite.callConstructor(AbstractCallSite.java:263) ~[groovy-3.0.11.jar:3.0.11]
	at org.codehaus.groovy.runtime.callsite.AbstractCallSite.callConstructor(AbstractCallSite.java:286) ~[groovy-3.0.11.jar:3.0.11]
	at Script62.run(Script62.groovy:40) ~[?:?]
	at org.codehaus.groovy.jsr223.GroovyScriptEngineImpl.eval(GroovyScriptEngineImpl.java:317) ~[groovy-jsr223-3.0.11.jar:3.0.11]
	... 9 more
2023-03-11 02:46:59,602 INFO o.a.j.a.J.If CDCreated_WriteOutputFile: Arrangement ID
2023-03-11 02:46:59,602 INFO o.a.j.a.J.If CDCreated_WriteOutputFile: NOT_FOUND
2023-03-11 02:46:59,602 INFO o.a.j.a.J.If CDCreated_WriteOutputFile: 
2023-03-11 02:46:59,602 INFO o.a.j.a.J.If CDCreated_WriteOutputFile: 
2023-03-11 02:46:59,602 INFO o.a.j.a.J.If CDCreated_WriteOutputFile: Arrangement ID,NOT_FOUND,,

2023-03-11 02:46:59,602 INFO o.a.j.t.JMeterThread: Stopping because end time detected by thread: +++ Deposits CreateCD +++  4-1
2023-03-11 02:46:59,602 INFO o.a.j.t.JMeterThread: Thread finished: +++ Deposits CreateCD +++  4-1
2023-03-11 02:46:59,602 INFO o.a.j.e.StandardJMeterEngine: Notifying test listeners of end of test
2023-03-11 02:46:59,602 INFO o.a.j.s.FileServer: Close: testData\\input\\core\\Core_TestData_GetAccountDetails.csv
2023-03-11 02:46:59,602 INFO o.a.j.s.FileServer: Close: testData\\input\\core\\Core_TestData_CreatePaymentOrder.csv
2023-03-11 02:46:59,602 INFO o.a.j.s.FileServer: Close: testData\\input\\core\\Core_TestData_NewDebitCardCreation.csv@1680875873
2023-03-11 02:46:59,602 INFO o.a.j.s.FileServer: Close: testData\\input\\core\\Core_TestData_CreateCD.csv
2023-03-11 02:46:59,602 INFO o.a.j.s.FileServer: Close: testData\\input\\core\\Core_TestData_CreateACHPayment.csv@1804631600
2023-03-11 02:46:59,602 INFO o.a.j.g.u.JMeterMenuBar: setRunning(false, *local*)
2023-03-11 02:51:40,637 INFO o.a.j.s.FileServer: Set new base='D:\Qcentris\qcs\MDI\Git\apache-jmeter-5.5\bin\scripts\core'
